<html>
<head>
<title>TestNG:  Default test</title>
<link href="../testng.css" rel="stylesheet" type="text/css" />
<link href="../my-testng.css" rel="stylesheet" type="text/css" />

<style type="text/css">
.log { display: none;} 
.stack-trace { display: none;} 
</style>
<script type="text/javascript">
<!--
function flip(e) {
  current = e.style.display;
  if (current == 'block') {
    e.style.display = 'none';
    return 0;
  }
  else {
    e.style.display = 'block';
    return 1;
  }
}

function toggleBox(szDivId, elem, msg1, msg2)
{
  var res = -1;  if (document.getElementById) {
    res = flip(document.getElementById(szDivId));
  }
  else if (document.all) {
    // this is the way old msie versions work
    res = flip(document.all[szDivId]);
  }
  if(elem) {
    if(res == 0) elem.innerHTML = msg1; else elem.innerHTML = msg2;
  }

}

function toggleAllBoxes() {
  if (document.getElementsByTagName) {
    d = document.getElementsByTagName('div');
    for (i = 0; i < d.length; i++) {
      if (d[i].className == 'log') {
        flip(d[i]);
      }
    }
  }
}

// -->
</script>

</head>
<body>
<h2 align='center'>Default test</h2><table border='1' align="center">
<tr>
<td>Tests passed/Failed/Skipped:</td><td>51/6/0</td>
</tr><tr>
<td>Started on:</td><td>Fri Feb 03 18:56:08 IST 2023</td>
</tr>
<tr><td>Total time:</td><td>6589 seconds (6589237 ms)</td>
</tr><tr>
<td>Included groups:</td><td></td>
</tr><tr>
<td>Excluded groups:</td><td></td>
</tr>
</table><p/>
<small><i>(Hover the method name to see the test class name)</i></small><p/>
<table width='100%' border='1' class='invocation-failed'>
<tr><td colspan='4' align='center'><b>FAILED TESTS</b></td></tr>
<tr><td><b>Test method</b></td>
<td><b>Attribute(s)</b></td>
<td width="30%"><b>Exception</b></td>
<td width="10%"><b>Time (seconds)</b></td>
<td><b>Instance</b></td>
</tr>
<tr>
<td title='Test_Suite.WEL_Test_Suite.TC71_PlaceNewUser_OrderForDigitalProduct_CPATestBank_AndValidatThetax()'><b>TC71_PlaceNewUser_OrderForDigitalProduct_CPATestBank_AndValidatThetax</b><br>Test class: Test_Suite.WEL_Test_Suite</td>
<td><div><pre>org.openqa.selenium.WebDriverException: java.io.IOException: There is not enough space on the disk
Build info: version: &apos;4.6.0&apos;, revision: &apos;79f1c02ae20&apos;
System info: os.name: &apos;Windows 10&apos;, os.arch: &apos;amd64&apos;, os.version: &apos;10.0&apos;, java.version: &apos;17.0.5&apos;
Driver info: driver.version: RemoteWebDriver
	at org.openqa.selenium.OutputType$3.save(OutputType.java:94)
	at org.openqa.selenium.OutputType$3.convertFromBase64Png(OutputType.java:78)
	at org.openqa.selenium.OutputType$3.convertFromBase64Png(OutputType.java:75)
	at org.openqa.selenium.remote.RemoteWebDriver.getScreenshotAs(RemoteWebDriver.java:335)
	at utilities.CaptureScreenshot.getScreenshot(CaptureScreenshot.java:24)
	at Test_Suite.WEL_Test_Suite.TC71_PlaceNewUser_OrderForDigitalProduct_CPATestBank_AndValidatThetax(WEL_Test_Suite.java:3461)
	at java.base/jdk.internal.reflect.NativeMethodAccessorImpl.invoke0(Native Method)
	at java.base/jdk.internal.reflect.NativeMethodAccessorImpl.invoke(NativeMethodAccessorImpl.java:77)
	at java.base/jdk.internal.reflect.DelegatingMethodAccessorImpl.invoke(DelegatingMethodAccessorImpl.java:43)
	at java.base/java.lang.reflect.Method.invoke(Method.java:568)
	at org.testng.internal.invokers.MethodInvocationHelper.invokeMethod(MethodInvocationHelper.java:139)
	at org.testng.internal.invokers.TestInvoker.invokeMethod(TestInvoker.java:677)
	at org.testng.internal.invokers.TestInvoker.invokeTestMethod(TestInvoker.java:221)
	at org.testng.internal.invokers.MethodRunner.runInSequence(MethodRunner.java:50)
	at org.testng.internal.invokers.TestInvoker$MethodInvocationAgent.invoke(TestInvoker.java:962)
	at org.testng.internal.invokers.TestInvoker.invokeTestMethods(TestInvoker.java:194)
	at org.testng.internal.invokers.TestMethodWorker.invokeTestMethods(TestMethodWorker.java:148)
	at org.testng.internal.invokers.TestMethodWorker.run(TestMethodWorker.java:128)
	at java.base/java.util.ArrayList.forEach(ArrayList.java:1511)
	at org.testng.TestRunner.privateRun(TestRunner.java:806)
	at org.testng.TestRunner.run(TestRunner.java:601)
	at org.testng.SuiteRunner.runTest(SuiteRunner.java:433)
	at org.testng.SuiteRunner.runSequentially(SuiteRunner.java:427)
	at org.testng.SuiteRunner.privateRun(SuiteRunner.java:387)
	at org.testng.SuiteRunner.run(SuiteRunner.java:330)
	at org.testng.SuiteRunnerWorker.runSuite(SuiteRunnerWorker.java:52)
	at org.testng.SuiteRunnerWorker.run(SuiteRunnerWorker.java:95)
	at org.testng.TestNG.runSuitesSequentially(TestNG.java:1256)
	at org.testng.TestNG.runSuitesLocally(TestNG.java:1176)
	at org.testng.TestNG.runSuites(TestNG.java:1099)
	at org.testng.TestNG.run(TestNG.java:1067)
	at org.testng.remote.AbstractRemoteTestNG.run(AbstractRemoteTestNG.java:115)
	at org.testng.remote.RemoteTestNG.initAndRun(RemoteTestNG.java:251)
	at org.testng.remote.RemoteTestNG.main(RemoteTestNG.java:77)
Caused by: java.io.IOException: There is not enough space on the disk
	at java.base/sun.nio.ch.FileDispatcherImpl.write0(Native Method)
	at java.base/sun.nio.ch.FileDispatcherImpl.write(FileDispatcherImpl.java:68)
	at java.base/sun.nio.ch.IOUtil.writeFromNativeBuffer(IOUtil.java:132)
	at java.base/sun.nio.ch.IOUtil.write(IOUtil.java:97)
	at java.base/sun.nio.ch.IOUtil.write(IOUtil.java:67)
	at java.base/sun.nio.ch.FileChannelImpl.write(FileChannelImpl.java:288)
	at java.base/java.nio.channels.Channels.writeFullyImpl(Channels.java:74)
	at java.base/java.nio.channels.Channels.writeFully(Channels.java:96)
	at java.base/java.nio.channels.Channels$1.write(Channels.java:171)
	at java.base/java.nio.file.Files.write(Files.java:3517)
	at org.openqa.selenium.OutputType$3.save(OutputType.java:91)
	... 33 more
</pre></div><a href='#' onClick='toggleBox("stack-trace708472762", this, "Click to show all stack frames", "Click to hide stack frames")'>Click to show all stack frames</a>
<div class='stack-trace' id='stack-trace708472762'><pre>org.openqa.selenium.WebDriverException: java.io.IOException: There is not enough space on the disk
Build info: version: &apos;4.6.0&apos;, revision: &apos;79f1c02ae20&apos;
System info: os.name: &apos;Windows 10&apos;, os.arch: &apos;amd64&apos;, os.version: &apos;10.0&apos;, java.version: &apos;17.0.5&apos;
Driver info: driver.version: RemoteWebDriver
	at org.openqa.selenium.OutputType$3.save(OutputType.java:94)
	at org.openqa.selenium.OutputType$3.convertFromBase64Png(OutputType.java:78)
	at org.openqa.selenium.OutputType$3.convertFromBase64Png(OutputType.java:75)
	at org.openqa.selenium.remote.RemoteWebDriver.getScreenshotAs(RemoteWebDriver.java:335)
	at utilities.CaptureScreenshot.getScreenshot(CaptureScreenshot.java:24)
	at Test_Suite.WEL_Test_Suite.TC71_PlaceNewUser_OrderForDigitalProduct_CPATestBank_AndValidatThetax(WEL_Test_Suite.java:3461)
	at java.base/jdk.internal.reflect.NativeMethodAccessorImpl.invoke0(Native Method)
	at java.base/jdk.internal.reflect.NativeMethodAccessorImpl.invoke(NativeMethodAccessorImpl.java:77)
	at java.base/jdk.internal.reflect.DelegatingMethodAccessorImpl.invoke(DelegatingMethodAccessorImpl.java:43)
	at java.base/java.lang.reflect.Method.invoke(Method.java:568)
	at org.testng.internal.invokers.MethodInvocationHelper.invokeMethod(MethodInvocationHelper.java:139)
	at org.testng.internal.invokers.TestInvoker.invokeMethod(TestInvoker.java:677)
	at org.testng.internal.invokers.TestInvoker.invokeTestMethod(TestInvoker.java:221)
	at org.testng.internal.invokers.MethodRunner.runInSequence(MethodRunner.java:50)
	at org.testng.internal.invokers.TestInvoker$MethodInvocationAgent.invoke(TestInvoker.java:962)
	at org.testng.internal.invokers.TestInvoker.invokeTestMethods(TestInvoker.java:194)
	at org.testng.internal.invokers.TestMethodWorker.invokeTestMethods(TestMethodWorker.java:148)
	at org.testng.internal.invokers.TestMethodWorker.run(TestMethodWorker.java:128)
	at java.base/java.util.ArrayList.forEach(ArrayList.java:1511)
	at org.testng.TestRunner.privateRun(TestRunner.java:806)
	at org.testng.TestRunner.run(TestRunner.java:601)
	at org.testng.SuiteRunner.runTest(SuiteRunner.java:433)
	at org.testng.SuiteRunner.runSequentially(SuiteRunner.java:427)
	at org.testng.SuiteRunner.privateRun(SuiteRunner.java:387)
	at org.testng.SuiteRunner.run(SuiteRunner.java:330)
	at org.testng.SuiteRunnerWorker.runSuite(SuiteRunnerWorker.java:52)
	at org.testng.SuiteRunnerWorker.run(SuiteRunnerWorker.java:95)
	at org.testng.TestNG.runSuitesSequentially(TestNG.java:1256)
	at org.testng.TestNG.runSuitesLocally(TestNG.java:1176)
	at org.testng.TestNG.runSuites(TestNG.java:1099)
	at org.testng.TestNG.run(TestNG.java:1067)
	at org.testng.remote.AbstractRemoteTestNG.run(AbstractRemoteTestNG.java:115)
	at org.testng.remote.RemoteTestNG.initAndRun(RemoteTestNG.java:251)
	at org.testng.remote.RemoteTestNG.main(RemoteTestNG.java:77)
Caused by: java.io.IOException: There is not enough space on the disk
	at java.base/sun.nio.ch.FileDispatcherImpl.write0(Native Method)
	at java.base/sun.nio.ch.FileDispatcherImpl.write(FileDispatcherImpl.java:68)
	at java.base/sun.nio.ch.IOUtil.writeFromNativeBuffer(IOUtil.java:132)
	at java.base/sun.nio.ch.IOUtil.write(IOUtil.java:97)
	at java.base/sun.nio.ch.IOUtil.write(IOUtil.java:67)
	at java.base/sun.nio.ch.FileChannelImpl.write(FileChannelImpl.java:288)
	at java.base/java.nio.channels.Channels.writeFullyImpl(Channels.java:74)
	at java.base/java.nio.channels.Channels.writeFully(Channels.java:96)
	at java.base/java.nio.channels.Channels$1.write(Channels.java:171)
	at java.base/java.nio.file.Files.write(Files.java:3517)
	at org.openqa.selenium.OutputType$3.save(OutputType.java:91)
	... 33 more
</pre></div></td>
<td>30</td>
<td>Test_Suite.WEL_Test_Suite@4d1c005e</td></tr>
<tr>
<td title='Test_Suite.WEL_Test_Suite.TC72_PlaceExistingUser_OrderForDigitalProduct_CPATestBank_AndValidatThetax()'><b>TC72_PlaceExistingUser_OrderForDigitalProduct_CPATestBank_AndValidatThetax</b><br>Test class: Test_Suite.WEL_Test_Suite</td>
<td><div><pre>org.openqa.selenium.WebDriverException: java.io.IOException: There is not enough space on the disk
Build info: version: &apos;4.6.0&apos;, revision: &apos;79f1c02ae20&apos;
System info: os.name: &apos;Windows 10&apos;, os.arch: &apos;amd64&apos;, os.version: &apos;10.0&apos;, java.version: &apos;17.0.5&apos;
Driver info: driver.version: RemoteWebDriver
	at org.openqa.selenium.OutputType$3.save(OutputType.java:94)
	at org.openqa.selenium.OutputType$3.convertFromBase64Png(OutputType.java:78)
	at org.openqa.selenium.OutputType$3.convertFromBase64Png(OutputType.java:75)
	at org.openqa.selenium.remote.RemoteWebDriver.getScreenshotAs(RemoteWebDriver.java:335)
	at utilities.CaptureScreenshot.getScreenshot(CaptureScreenshot.java:24)
	at Test_Suite.WEL_Test_Suite.TC72_PlaceExistingUser_OrderForDigitalProduct_CPATestBank_AndValidatThetax(WEL_Test_Suite.java:3343)
	at java.base/jdk.internal.reflect.NativeMethodAccessorImpl.invoke0(Native Method)
	at java.base/jdk.internal.reflect.NativeMethodAccessorImpl.invoke(NativeMethodAccessorImpl.java:77)
	at java.base/jdk.internal.reflect.DelegatingMethodAccessorImpl.invoke(DelegatingMethodAccessorImpl.java:43)
	at java.base/java.lang.reflect.Method.invoke(Method.java:568)
	at org.testng.internal.invokers.MethodInvocationHelper.invokeMethod(MethodInvocationHelper.java:139)
	at org.testng.internal.invokers.TestInvoker.invokeMethod(TestInvoker.java:677)
	at org.testng.internal.invokers.TestInvoker.invokeTestMethod(TestInvoker.java:221)
	at org.testng.internal.invokers.MethodRunner.runInSequence(MethodRunner.java:50)
	at org.testng.internal.invokers.TestInvoker$MethodInvocationAgent.invoke(TestInvoker.java:962)
	at org.testng.internal.invokers.TestInvoker.invokeTestMethods(TestInvoker.java:194)
	at org.testng.internal.invokers.TestMethodWorker.invokeTestMethods(TestMethodWorker.java:148)
	at org.testng.internal.invokers.TestMethodWorker.run(TestMethodWorker.java:128)
	at java.base/java.util.ArrayList.forEach(ArrayList.java:1511)
	at org.testng.TestRunner.privateRun(TestRunner.java:806)
	at org.testng.TestRunner.run(TestRunner.java:601)
	at org.testng.SuiteRunner.runTest(SuiteRunner.java:433)
	at org.testng.SuiteRunner.runSequentially(SuiteRunner.java:427)
	at org.testng.SuiteRunner.privateRun(SuiteRunner.java:387)
	at org.testng.SuiteRunner.run(SuiteRunner.java:330)
	at org.testng.SuiteRunnerWorker.runSuite(SuiteRunnerWorker.java:52)
	at org.testng.SuiteRunnerWorker.run(SuiteRunnerWorker.java:95)
	at org.testng.TestNG.runSuitesSequentially(TestNG.java:1256)
	at org.testng.TestNG.runSuitesLocally(TestNG.java:1176)
	at org.testng.TestNG.runSuites(TestNG.java:1099)
	at org.testng.TestNG.run(TestNG.java:1067)
	at org.testng.remote.AbstractRemoteTestNG.run(AbstractRemoteTestNG.java:115)
	at org.testng.remote.RemoteTestNG.initAndRun(RemoteTestNG.java:251)
	at org.testng.remote.RemoteTestNG.main(RemoteTestNG.java:77)
Caused by: java.io.IOException: There is not enough space on the disk
	at java.base/sun.nio.ch.FileDispatcherImpl.write0(Native Method)
	at java.base/sun.nio.ch.FileDispatcherImpl.write(FileDispatcherImpl.java:68)
	at java.base/sun.nio.ch.IOUtil.writeFromNativeBuffer(IOUtil.java:132)
	at java.base/sun.nio.ch.IOUtil.write(IOUtil.java:97)
	at java.base/sun.nio.ch.IOUtil.write(IOUtil.java:67)
	at java.base/sun.nio.ch.FileChannelImpl.write(FileChannelImpl.java:288)
	at java.base/java.nio.channels.Channels.writeFullyImpl(Channels.java:74)
	at java.base/java.nio.channels.Channels.writeFully(Channels.java:96)
	at java.base/java.nio.channels.Channels$1.write(Channels.java:171)
	at java.base/java.nio.file.Files.write(Files.java:3517)
	at org.openqa.selenium.OutputType$3.save(OutputType.java:91)
	... 33 more
</pre></div><a href='#' onClick='toggleBox("stack-trace180694581", this, "Click to show all stack frames", "Click to hide stack frames")'>Click to show all stack frames</a>
<div class='stack-trace' id='stack-trace180694581'><pre>org.openqa.selenium.WebDriverException: java.io.IOException: There is not enough space on the disk
Build info: version: &apos;4.6.0&apos;, revision: &apos;79f1c02ae20&apos;
System info: os.name: &apos;Windows 10&apos;, os.arch: &apos;amd64&apos;, os.version: &apos;10.0&apos;, java.version: &apos;17.0.5&apos;
Driver info: driver.version: RemoteWebDriver
	at org.openqa.selenium.OutputType$3.save(OutputType.java:94)
	at org.openqa.selenium.OutputType$3.convertFromBase64Png(OutputType.java:78)
	at org.openqa.selenium.OutputType$3.convertFromBase64Png(OutputType.java:75)
	at org.openqa.selenium.remote.RemoteWebDriver.getScreenshotAs(RemoteWebDriver.java:335)
	at utilities.CaptureScreenshot.getScreenshot(CaptureScreenshot.java:24)
	at Test_Suite.WEL_Test_Suite.TC72_PlaceExistingUser_OrderForDigitalProduct_CPATestBank_AndValidatThetax(WEL_Test_Suite.java:3343)
	at java.base/jdk.internal.reflect.NativeMethodAccessorImpl.invoke0(Native Method)
	at java.base/jdk.internal.reflect.NativeMethodAccessorImpl.invoke(NativeMethodAccessorImpl.java:77)
	at java.base/jdk.internal.reflect.DelegatingMethodAccessorImpl.invoke(DelegatingMethodAccessorImpl.java:43)
	at java.base/java.lang.reflect.Method.invoke(Method.java:568)
	at org.testng.internal.invokers.MethodInvocationHelper.invokeMethod(MethodInvocationHelper.java:139)
	at org.testng.internal.invokers.TestInvoker.invokeMethod(TestInvoker.java:677)
	at org.testng.internal.invokers.TestInvoker.invokeTestMethod(TestInvoker.java:221)
	at org.testng.internal.invokers.MethodRunner.runInSequence(MethodRunner.java:50)
	at org.testng.internal.invokers.TestInvoker$MethodInvocationAgent.invoke(TestInvoker.java:962)
	at org.testng.internal.invokers.TestInvoker.invokeTestMethods(TestInvoker.java:194)
	at org.testng.internal.invokers.TestMethodWorker.invokeTestMethods(TestMethodWorker.java:148)
	at org.testng.internal.invokers.TestMethodWorker.run(TestMethodWorker.java:128)
	at java.base/java.util.ArrayList.forEach(ArrayList.java:1511)
	at org.testng.TestRunner.privateRun(TestRunner.java:806)
	at org.testng.TestRunner.run(TestRunner.java:601)
	at org.testng.SuiteRunner.runTest(SuiteRunner.java:433)
	at org.testng.SuiteRunner.runSequentially(SuiteRunner.java:427)
	at org.testng.SuiteRunner.privateRun(SuiteRunner.java:387)
	at org.testng.SuiteRunner.run(SuiteRunner.java:330)
	at org.testng.SuiteRunnerWorker.runSuite(SuiteRunnerWorker.java:52)
	at org.testng.SuiteRunnerWorker.run(SuiteRunnerWorker.java:95)
	at org.testng.TestNG.runSuitesSequentially(TestNG.java:1256)
	at org.testng.TestNG.runSuitesLocally(TestNG.java:1176)
	at org.testng.TestNG.runSuites(TestNG.java:1099)
	at org.testng.TestNG.run(TestNG.java:1067)
	at org.testng.remote.AbstractRemoteTestNG.run(AbstractRemoteTestNG.java:115)
	at org.testng.remote.RemoteTestNG.initAndRun(RemoteTestNG.java:251)
	at org.testng.remote.RemoteTestNG.main(RemoteTestNG.java:77)
Caused by: java.io.IOException: There is not enough space on the disk
	at java.base/sun.nio.ch.FileDispatcherImpl.write0(Native Method)
	at java.base/sun.nio.ch.FileDispatcherImpl.write(FileDispatcherImpl.java:68)
	at java.base/sun.nio.ch.IOUtil.writeFromNativeBuffer(IOUtil.java:132)
	at java.base/sun.nio.ch.IOUtil.write(IOUtil.java:97)
	at java.base/sun.nio.ch.IOUtil.write(IOUtil.java:67)
	at java.base/sun.nio.ch.FileChannelImpl.write(FileChannelImpl.java:288)
	at java.base/java.nio.channels.Channels.writeFullyImpl(Channels.java:74)
	at java.base/java.nio.channels.Channels.writeFully(Channels.java:96)
	at java.base/java.nio.channels.Channels$1.write(Channels.java:171)
	at java.base/java.nio.file.Files.write(Files.java:3517)
	at org.openqa.selenium.OutputType$3.save(OutputType.java:91)
	... 33 more
</pre></div></td>
<td>9</td>
<td>Test_Suite.WEL_Test_Suite@4d1c005e</td></tr>
<tr>
<td title='Test_Suite.WEL_Test_Suite.TC75_Check_Add_To_Cart_Functionality_for_Heads_Up_Validation()'><b>TC75_Check_Add_To_Cart_Functionality_for_Heads_Up_Validation</b><br>Test class: Test_Suite.WEL_Test_Suite</td>
<td><div><pre>org.openqa.selenium.WebDriverException: java.io.IOException: There is not enough space on the disk
Build info: version: &apos;4.6.0&apos;, revision: &apos;79f1c02ae20&apos;
System info: os.name: &apos;Windows 10&apos;, os.arch: &apos;amd64&apos;, os.version: &apos;10.0&apos;, java.version: &apos;17.0.5&apos;
Driver info: driver.version: RemoteWebDriver
	at org.openqa.selenium.OutputType$3.save(OutputType.java:94)
	at org.openqa.selenium.OutputType$3.convertFromBase64Png(OutputType.java:78)
	at org.openqa.selenium.OutputType$3.convertFromBase64Png(OutputType.java:75)
	at org.openqa.selenium.remote.RemoteWebDriver.getScreenshotAs(RemoteWebDriver.java:335)
	at utilities.CaptureScreenshot.getScreenshot(CaptureScreenshot.java:24)
	at Test_Suite.WEL_Test_Suite.TC75_Check_Add_To_Cart_Functionality_for_Heads_Up_Validation(WEL_Test_Suite.java:3012)
	at java.base/jdk.internal.reflect.NativeMethodAccessorImpl.invoke0(Native Method)
	at java.base/jdk.internal.reflect.NativeMethodAccessorImpl.invoke(NativeMethodAccessorImpl.java:77)
	at java.base/jdk.internal.reflect.DelegatingMethodAccessorImpl.invoke(DelegatingMethodAccessorImpl.java:43)
	at java.base/java.lang.reflect.Method.invoke(Method.java:568)
	at org.testng.internal.invokers.MethodInvocationHelper.invokeMethod(MethodInvocationHelper.java:139)
	at org.testng.internal.invokers.TestInvoker.invokeMethod(TestInvoker.java:677)
	at org.testng.internal.invokers.TestInvoker.invokeTestMethod(TestInvoker.java:221)
	at org.testng.internal.invokers.MethodRunner.runInSequence(MethodRunner.java:50)
	at org.testng.internal.invokers.TestInvoker$MethodInvocationAgent.invoke(TestInvoker.java:962)
	at org.testng.internal.invokers.TestInvoker.invokeTestMethods(TestInvoker.java:194)
	at org.testng.internal.invokers.TestMethodWorker.invokeTestMethods(TestMethodWorker.java:148)
	at org.testng.internal.invokers.TestMethodWorker.run(TestMethodWorker.java:128)
	at java.base/java.util.ArrayList.forEach(ArrayList.java:1511)
	at org.testng.TestRunner.privateRun(TestRunner.java:806)
	at org.testng.TestRunner.run(TestRunner.java:601)
	at org.testng.SuiteRunner.runTest(SuiteRunner.java:433)
	at org.testng.SuiteRunner.runSequentially(SuiteRunner.java:427)
	at org.testng.SuiteRunner.privateRun(SuiteRunner.java:387)
	at org.testng.SuiteRunner.run(SuiteRunner.java:330)
	at org.testng.SuiteRunnerWorker.runSuite(SuiteRunnerWorker.java:52)
	at org.testng.SuiteRunnerWorker.run(SuiteRunnerWorker.java:95)
	at org.testng.TestNG.runSuitesSequentially(TestNG.java:1256)
	at org.testng.TestNG.runSuitesLocally(TestNG.java:1176)
	at org.testng.TestNG.runSuites(TestNG.java:1099)
	at org.testng.TestNG.run(TestNG.java:1067)
	at org.testng.remote.AbstractRemoteTestNG.run(AbstractRemoteTestNG.java:115)
	at org.testng.remote.RemoteTestNG.initAndRun(RemoteTestNG.java:251)
	at org.testng.remote.RemoteTestNG.main(RemoteTestNG.java:77)
Caused by: java.io.IOException: There is not enough space on the disk
	at java.base/sun.nio.ch.FileDispatcherImpl.write0(Native Method)
	at java.base/sun.nio.ch.FileDispatcherImpl.write(FileDispatcherImpl.java:68)
	at java.base/sun.nio.ch.IOUtil.writeFromNativeBuffer(IOUtil.java:132)
	at java.base/sun.nio.ch.IOUtil.write(IOUtil.java:97)
	at java.base/sun.nio.ch.IOUtil.write(IOUtil.java:67)
	at java.base/sun.nio.ch.FileChannelImpl.write(FileChannelImpl.java:288)
	at java.base/java.nio.channels.Channels.writeFullyImpl(Channels.java:74)
	at java.base/java.nio.channels.Channels.writeFully(Channels.java:96)
	at java.base/java.nio.channels.Channels$1.write(Channels.java:171)
	at java.base/java.nio.file.Files.write(Files.java:3517)
	at org.openqa.selenium.OutputType$3.save(OutputType.java:91)
	... 33 more
</pre></div><a href='#' onClick='toggleBox("stack-trace1050198088", this, "Click to show all stack frames", "Click to hide stack frames")'>Click to show all stack frames</a>
<div class='stack-trace' id='stack-trace1050198088'><pre>org.openqa.selenium.WebDriverException: java.io.IOException: There is not enough space on the disk
Build info: version: &apos;4.6.0&apos;, revision: &apos;79f1c02ae20&apos;
System info: os.name: &apos;Windows 10&apos;, os.arch: &apos;amd64&apos;, os.version: &apos;10.0&apos;, java.version: &apos;17.0.5&apos;
Driver info: driver.version: RemoteWebDriver
	at org.openqa.selenium.OutputType$3.save(OutputType.java:94)
	at org.openqa.selenium.OutputType$3.convertFromBase64Png(OutputType.java:78)
	at org.openqa.selenium.OutputType$3.convertFromBase64Png(OutputType.java:75)
	at org.openqa.selenium.remote.RemoteWebDriver.getScreenshotAs(RemoteWebDriver.java:335)
	at utilities.CaptureScreenshot.getScreenshot(CaptureScreenshot.java:24)
	at Test_Suite.WEL_Test_Suite.TC75_Check_Add_To_Cart_Functionality_for_Heads_Up_Validation(WEL_Test_Suite.java:3012)
	at java.base/jdk.internal.reflect.NativeMethodAccessorImpl.invoke0(Native Method)
	at java.base/jdk.internal.reflect.NativeMethodAccessorImpl.invoke(NativeMethodAccessorImpl.java:77)
	at java.base/jdk.internal.reflect.DelegatingMethodAccessorImpl.invoke(DelegatingMethodAccessorImpl.java:43)
	at java.base/java.lang.reflect.Method.invoke(Method.java:568)
	at org.testng.internal.invokers.MethodInvocationHelper.invokeMethod(MethodInvocationHelper.java:139)
	at org.testng.internal.invokers.TestInvoker.invokeMethod(TestInvoker.java:677)
	at org.testng.internal.invokers.TestInvoker.invokeTestMethod(TestInvoker.java:221)
	at org.testng.internal.invokers.MethodRunner.runInSequence(MethodRunner.java:50)
	at org.testng.internal.invokers.TestInvoker$MethodInvocationAgent.invoke(TestInvoker.java:962)
	at org.testng.internal.invokers.TestInvoker.invokeTestMethods(TestInvoker.java:194)
	at org.testng.internal.invokers.TestMethodWorker.invokeTestMethods(TestMethodWorker.java:148)
	at org.testng.internal.invokers.TestMethodWorker.run(TestMethodWorker.java:128)
	at java.base/java.util.ArrayList.forEach(ArrayList.java:1511)
	at org.testng.TestRunner.privateRun(TestRunner.java:806)
	at org.testng.TestRunner.run(TestRunner.java:601)
	at org.testng.SuiteRunner.runTest(SuiteRunner.java:433)
	at org.testng.SuiteRunner.runSequentially(SuiteRunner.java:427)
	at org.testng.SuiteRunner.privateRun(SuiteRunner.java:387)
	at org.testng.SuiteRunner.run(SuiteRunner.java:330)
	at org.testng.SuiteRunnerWorker.runSuite(SuiteRunnerWorker.java:52)
	at org.testng.SuiteRunnerWorker.run(SuiteRunnerWorker.java:95)
	at org.testng.TestNG.runSuitesSequentially(TestNG.java:1256)
	at org.testng.TestNG.runSuitesLocally(TestNG.java:1176)
	at org.testng.TestNG.runSuites(TestNG.java:1099)
	at org.testng.TestNG.run(TestNG.java:1067)
	at org.testng.remote.AbstractRemoteTestNG.run(AbstractRemoteTestNG.java:115)
	at org.testng.remote.RemoteTestNG.initAndRun(RemoteTestNG.java:251)
	at org.testng.remote.RemoteTestNG.main(RemoteTestNG.java:77)
Caused by: java.io.IOException: There is not enough space on the disk
	at java.base/sun.nio.ch.FileDispatcherImpl.write0(Native Method)
	at java.base/sun.nio.ch.FileDispatcherImpl.write(FileDispatcherImpl.java:68)
	at java.base/sun.nio.ch.IOUtil.writeFromNativeBuffer(IOUtil.java:132)
	at java.base/sun.nio.ch.IOUtil.write(IOUtil.java:97)
	at java.base/sun.nio.ch.IOUtil.write(IOUtil.java:67)
	at java.base/sun.nio.ch.FileChannelImpl.write(FileChannelImpl.java:288)
	at java.base/java.nio.channels.Channels.writeFullyImpl(Channels.java:74)
	at java.base/java.nio.channels.Channels.writeFully(Channels.java:96)
	at java.base/java.nio.channels.Channels$1.write(Channels.java:171)
	at java.base/java.nio.file.Files.write(Files.java:3517)
	at org.openqa.selenium.OutputType$3.save(OutputType.java:91)
	... 33 more
</pre></div></td>
<td>5</td>
<td>Test_Suite.WEL_Test_Suite@4d1c005e</td></tr>
<tr>
<td title='Test_Suite.WEL_Test_Suite.TC79_Email_Format_Validation()'><b>TC79_Email_Format_Validation</b><br>Test class: Test_Suite.WEL_Test_Suite</td>
<td><div><pre>org.openqa.selenium.WebDriverException: java.io.IOException: There is not enough space on the disk
Build info: version: &apos;4.6.0&apos;, revision: &apos;79f1c02ae20&apos;
System info: os.name: &apos;Windows 10&apos;, os.arch: &apos;amd64&apos;, os.version: &apos;10.0&apos;, java.version: &apos;17.0.5&apos;
Driver info: driver.version: RemoteWebDriver
	at org.openqa.selenium.OutputType$3.save(OutputType.java:94)
	at org.openqa.selenium.OutputType$3.convertFromBase64Png(OutputType.java:78)
	at org.openqa.selenium.OutputType$3.convertFromBase64Png(OutputType.java:75)
	at org.openqa.selenium.remote.RemoteWebDriver.getScreenshotAs(RemoteWebDriver.java:335)
	at utilities.CaptureScreenshot.getScreenshot(CaptureScreenshot.java:24)
	at Test_Suite.WEL_Test_Suite.TC79_Email_Format_Validation(WEL_Test_Suite.java:5229)
	at java.base/jdk.internal.reflect.NativeMethodAccessorImpl.invoke0(Native Method)
	at java.base/jdk.internal.reflect.NativeMethodAccessorImpl.invoke(NativeMethodAccessorImpl.java:77)
	at java.base/jdk.internal.reflect.DelegatingMethodAccessorImpl.invoke(DelegatingMethodAccessorImpl.java:43)
	at java.base/java.lang.reflect.Method.invoke(Method.java:568)
	at org.testng.internal.invokers.MethodInvocationHelper.invokeMethod(MethodInvocationHelper.java:139)
	at org.testng.internal.invokers.TestInvoker.invokeMethod(TestInvoker.java:677)
	at org.testng.internal.invokers.TestInvoker.invokeTestMethod(TestInvoker.java:221)
	at org.testng.internal.invokers.MethodRunner.runInSequence(MethodRunner.java:50)
	at org.testng.internal.invokers.TestInvoker$MethodInvocationAgent.invoke(TestInvoker.java:962)
	at org.testng.internal.invokers.TestInvoker.invokeTestMethods(TestInvoker.java:194)
	at org.testng.internal.invokers.TestMethodWorker.invokeTestMethods(TestMethodWorker.java:148)
	at org.testng.internal.invokers.TestMethodWorker.run(TestMethodWorker.java:128)
	at java.base/java.util.ArrayList.forEach(ArrayList.java:1511)
	at org.testng.TestRunner.privateRun(TestRunner.java:806)
	at org.testng.TestRunner.run(TestRunner.java:601)
	at org.testng.SuiteRunner.runTest(SuiteRunner.java:433)
	at org.testng.SuiteRunner.runSequentially(SuiteRunner.java:427)
	at org.testng.SuiteRunner.privateRun(SuiteRunner.java:387)
	at org.testng.SuiteRunner.run(SuiteRunner.java:330)
	at org.testng.SuiteRunnerWorker.runSuite(SuiteRunnerWorker.java:52)
	at org.testng.SuiteRunnerWorker.run(SuiteRunnerWorker.java:95)
	at org.testng.TestNG.runSuitesSequentially(TestNG.java:1256)
	at org.testng.TestNG.runSuitesLocally(TestNG.java:1176)
	at org.testng.TestNG.runSuites(TestNG.java:1099)
	at org.testng.TestNG.run(TestNG.java:1067)
	at org.testng.remote.AbstractRemoteTestNG.run(AbstractRemoteTestNG.java:115)
	at org.testng.remote.RemoteTestNG.initAndRun(RemoteTestNG.java:251)
	at org.testng.remote.RemoteTestNG.main(RemoteTestNG.java:77)
Caused by: java.io.IOException: There is not enough space on the disk
	at java.base/sun.nio.ch.FileDispatcherImpl.write0(Native Method)
	at java.base/sun.nio.ch.FileDispatcherImpl.write(FileDispatcherImpl.java:68)
	at java.base/sun.nio.ch.IOUtil.writeFromNativeBuffer(IOUtil.java:132)
	at java.base/sun.nio.ch.IOUtil.write(IOUtil.java:97)
	at java.base/sun.nio.ch.IOUtil.write(IOUtil.java:67)
	at java.base/sun.nio.ch.FileChannelImpl.write(FileChannelImpl.java:288)
	at java.base/java.nio.channels.Channels.writeFullyImpl(Channels.java:74)
	at java.base/java.nio.channels.Channels.writeFully(Channels.java:96)
	at java.base/java.nio.channels.Channels$1.write(Channels.java:171)
	at java.base/java.nio.file.Files.write(Files.java:3517)
	at org.openqa.selenium.OutputType$3.save(OutputType.java:91)
	... 33 more
</pre></div><a href='#' onClick='toggleBox("stack-trace575979159", this, "Click to show all stack frames", "Click to hide stack frames")'>Click to show all stack frames</a>
<div class='stack-trace' id='stack-trace575979159'><pre>org.openqa.selenium.WebDriverException: java.io.IOException: There is not enough space on the disk
Build info: version: &apos;4.6.0&apos;, revision: &apos;79f1c02ae20&apos;
System info: os.name: &apos;Windows 10&apos;, os.arch: &apos;amd64&apos;, os.version: &apos;10.0&apos;, java.version: &apos;17.0.5&apos;
Driver info: driver.version: RemoteWebDriver
	at org.openqa.selenium.OutputType$3.save(OutputType.java:94)
	at org.openqa.selenium.OutputType$3.convertFromBase64Png(OutputType.java:78)
	at org.openqa.selenium.OutputType$3.convertFromBase64Png(OutputType.java:75)
	at org.openqa.selenium.remote.RemoteWebDriver.getScreenshotAs(RemoteWebDriver.java:335)
	at utilities.CaptureScreenshot.getScreenshot(CaptureScreenshot.java:24)
	at Test_Suite.WEL_Test_Suite.TC79_Email_Format_Validation(WEL_Test_Suite.java:5229)
	at java.base/jdk.internal.reflect.NativeMethodAccessorImpl.invoke0(Native Method)
	at java.base/jdk.internal.reflect.NativeMethodAccessorImpl.invoke(NativeMethodAccessorImpl.java:77)
	at java.base/jdk.internal.reflect.DelegatingMethodAccessorImpl.invoke(DelegatingMethodAccessorImpl.java:43)
	at java.base/java.lang.reflect.Method.invoke(Method.java:568)
	at org.testng.internal.invokers.MethodInvocationHelper.invokeMethod(MethodInvocationHelper.java:139)
	at org.testng.internal.invokers.TestInvoker.invokeMethod(TestInvoker.java:677)
	at org.testng.internal.invokers.TestInvoker.invokeTestMethod(TestInvoker.java:221)
	at org.testng.internal.invokers.MethodRunner.runInSequence(MethodRunner.java:50)
	at org.testng.internal.invokers.TestInvoker$MethodInvocationAgent.invoke(TestInvoker.java:962)
	at org.testng.internal.invokers.TestInvoker.invokeTestMethods(TestInvoker.java:194)
	at org.testng.internal.invokers.TestMethodWorker.invokeTestMethods(TestMethodWorker.java:148)
	at org.testng.internal.invokers.TestMethodWorker.run(TestMethodWorker.java:128)
	at java.base/java.util.ArrayList.forEach(ArrayList.java:1511)
	at org.testng.TestRunner.privateRun(TestRunner.java:806)
	at org.testng.TestRunner.run(TestRunner.java:601)
	at org.testng.SuiteRunner.runTest(SuiteRunner.java:433)
	at org.testng.SuiteRunner.runSequentially(SuiteRunner.java:427)
	at org.testng.SuiteRunner.privateRun(SuiteRunner.java:387)
	at org.testng.SuiteRunner.run(SuiteRunner.java:330)
	at org.testng.SuiteRunnerWorker.runSuite(SuiteRunnerWorker.java:52)
	at org.testng.SuiteRunnerWorker.run(SuiteRunnerWorker.java:95)
	at org.testng.TestNG.runSuitesSequentially(TestNG.java:1256)
	at org.testng.TestNG.runSuitesLocally(TestNG.java:1176)
	at org.testng.TestNG.runSuites(TestNG.java:1099)
	at org.testng.TestNG.run(TestNG.java:1067)
	at org.testng.remote.AbstractRemoteTestNG.run(AbstractRemoteTestNG.java:115)
	at org.testng.remote.RemoteTestNG.initAndRun(RemoteTestNG.java:251)
	at org.testng.remote.RemoteTestNG.main(RemoteTestNG.java:77)
Caused by: java.io.IOException: There is not enough space on the disk
	at java.base/sun.nio.ch.FileDispatcherImpl.write0(Native Method)
	at java.base/sun.nio.ch.FileDispatcherImpl.write(FileDispatcherImpl.java:68)
	at java.base/sun.nio.ch.IOUtil.writeFromNativeBuffer(IOUtil.java:132)
	at java.base/sun.nio.ch.IOUtil.write(IOUtil.java:97)
	at java.base/sun.nio.ch.IOUtil.write(IOUtil.java:67)
	at java.base/sun.nio.ch.FileChannelImpl.write(FileChannelImpl.java:288)
	at java.base/java.nio.channels.Channels.writeFullyImpl(Channels.java:74)
	at java.base/java.nio.channels.Channels.writeFully(Channels.java:96)
	at java.base/java.nio.channels.Channels$1.write(Channels.java:171)
	at java.base/java.nio.file.Files.write(Files.java:3517)
	at org.openqa.selenium.OutputType$3.save(OutputType.java:91)
	... 33 more
</pre></div></td>
<td>7</td>
<td>Test_Suite.WEL_Test_Suite@4d1c005e</td></tr>
<tr>
<td title='Test_Suite.WEL_Test_Suite.TC73_ValidateTaxin_IndiaForPhysicalOrder()'><b>TC73_ValidateTaxin_IndiaForPhysicalOrder</b><br>Test class: Test_Suite.WEL_Test_Suite</td>
<td><div><pre>org.openqa.selenium.WebDriverException: java.io.IOException: There is not enough space on the disk
Build info: version: &apos;4.6.0&apos;, revision: &apos;79f1c02ae20&apos;
System info: os.name: &apos;Windows 10&apos;, os.arch: &apos;amd64&apos;, os.version: &apos;10.0&apos;, java.version: &apos;17.0.5&apos;
Driver info: driver.version: RemoteWebDriver
	at org.openqa.selenium.OutputType$3.save(OutputType.java:94)
	at org.openqa.selenium.OutputType$3.convertFromBase64Png(OutputType.java:78)
	at org.openqa.selenium.OutputType$3.convertFromBase64Png(OutputType.java:75)
	at org.openqa.selenium.remote.RemoteWebDriver.getScreenshotAs(RemoteWebDriver.java:335)
	at utilities.CaptureScreenshot.getScreenshot(CaptureScreenshot.java:24)
	at Test_Suite.WEL_Test_Suite.TC73_ValidateTaxin_IndiaForPhysicalOrder(WEL_Test_Suite.java:4770)
	at java.base/jdk.internal.reflect.NativeMethodAccessorImpl.invoke0(Native Method)
	at java.base/jdk.internal.reflect.NativeMethodAccessorImpl.invoke(NativeMethodAccessorImpl.java:77)
	at java.base/jdk.internal.reflect.DelegatingMethodAccessorImpl.invoke(DelegatingMethodAccessorImpl.java:43)
	at java.base/java.lang.reflect.Method.invoke(Method.java:568)
	at org.testng.internal.invokers.MethodInvocationHelper.invokeMethod(MethodInvocationHelper.java:139)
	at org.testng.internal.invokers.TestInvoker.invokeMethod(TestInvoker.java:677)
	at org.testng.internal.invokers.TestInvoker.invokeTestMethod(TestInvoker.java:221)
	at org.testng.internal.invokers.MethodRunner.runInSequence(MethodRunner.java:50)
	at org.testng.internal.invokers.TestInvoker$MethodInvocationAgent.invoke(TestInvoker.java:962)
	at org.testng.internal.invokers.TestInvoker.invokeTestMethods(TestInvoker.java:194)
	at org.testng.internal.invokers.TestMethodWorker.invokeTestMethods(TestMethodWorker.java:148)
	at org.testng.internal.invokers.TestMethodWorker.run(TestMethodWorker.java:128)
	at java.base/java.util.ArrayList.forEach(ArrayList.java:1511)
	at org.testng.TestRunner.privateRun(TestRunner.java:806)
	at org.testng.TestRunner.run(TestRunner.java:601)
	at org.testng.SuiteRunner.runTest(SuiteRunner.java:433)
	at org.testng.SuiteRunner.runSequentially(SuiteRunner.java:427)
	at org.testng.SuiteRunner.privateRun(SuiteRunner.java:387)
	at org.testng.SuiteRunner.run(SuiteRunner.java:330)
	at org.testng.SuiteRunnerWorker.runSuite(SuiteRunnerWorker.java:52)
	at org.testng.SuiteRunnerWorker.run(SuiteRunnerWorker.java:95)
	at org.testng.TestNG.runSuitesSequentially(TestNG.java:1256)
	at org.testng.TestNG.runSuitesLocally(TestNG.java:1176)
	at org.testng.TestNG.runSuites(TestNG.java:1099)
	at org.testng.TestNG.run(TestNG.java:1067)
	at org.testng.remote.AbstractRemoteTestNG.run(AbstractRemoteTestNG.java:115)
	at org.testng.remote.RemoteTestNG.initAndRun(RemoteTestNG.java:251)
	at org.testng.remote.RemoteTestNG.main(RemoteTestNG.java:77)
Caused by: java.io.IOException: There is not enough space on the disk
	at java.base/sun.nio.ch.FileDispatcherImpl.write0(Native Method)
	at java.base/sun.nio.ch.FileDispatcherImpl.write(FileDispatcherImpl.java:68)
	at java.base/sun.nio.ch.IOUtil.writeFromNativeBuffer(IOUtil.java:132)
	at java.base/sun.nio.ch.IOUtil.write(IOUtil.java:97)
	at java.base/sun.nio.ch.IOUtil.write(IOUtil.java:67)
	at java.base/sun.nio.ch.FileChannelImpl.write(FileChannelImpl.java:288)
	at java.base/java.nio.channels.Channels.writeFullyImpl(Channels.java:74)
	at java.base/java.nio.channels.Channels.writeFully(Channels.java:96)
	at java.base/java.nio.channels.Channels$1.write(Channels.java:171)
	at java.base/java.nio.file.Files.write(Files.java:3517)
	at org.openqa.selenium.OutputType$3.save(OutputType.java:91)
	... 33 more
</pre></div><a href='#' onClick='toggleBox("stack-trace1268100956", this, "Click to show all stack frames", "Click to hide stack frames")'>Click to show all stack frames</a>
<div class='stack-trace' id='stack-trace1268100956'><pre>org.openqa.selenium.WebDriverException: java.io.IOException: There is not enough space on the disk
Build info: version: &apos;4.6.0&apos;, revision: &apos;79f1c02ae20&apos;
System info: os.name: &apos;Windows 10&apos;, os.arch: &apos;amd64&apos;, os.version: &apos;10.0&apos;, java.version: &apos;17.0.5&apos;
Driver info: driver.version: RemoteWebDriver
	at org.openqa.selenium.OutputType$3.save(OutputType.java:94)
	at org.openqa.selenium.OutputType$3.convertFromBase64Png(OutputType.java:78)
	at org.openqa.selenium.OutputType$3.convertFromBase64Png(OutputType.java:75)
	at org.openqa.selenium.remote.RemoteWebDriver.getScreenshotAs(RemoteWebDriver.java:335)
	at utilities.CaptureScreenshot.getScreenshot(CaptureScreenshot.java:24)
	at Test_Suite.WEL_Test_Suite.TC73_ValidateTaxin_IndiaForPhysicalOrder(WEL_Test_Suite.java:4770)
	at java.base/jdk.internal.reflect.NativeMethodAccessorImpl.invoke0(Native Method)
	at java.base/jdk.internal.reflect.NativeMethodAccessorImpl.invoke(NativeMethodAccessorImpl.java:77)
	at java.base/jdk.internal.reflect.DelegatingMethodAccessorImpl.invoke(DelegatingMethodAccessorImpl.java:43)
	at java.base/java.lang.reflect.Method.invoke(Method.java:568)
	at org.testng.internal.invokers.MethodInvocationHelper.invokeMethod(MethodInvocationHelper.java:139)
	at org.testng.internal.invokers.TestInvoker.invokeMethod(TestInvoker.java:677)
	at org.testng.internal.invokers.TestInvoker.invokeTestMethod(TestInvoker.java:221)
	at org.testng.internal.invokers.MethodRunner.runInSequence(MethodRunner.java:50)
	at org.testng.internal.invokers.TestInvoker$MethodInvocationAgent.invoke(TestInvoker.java:962)
	at org.testng.internal.invokers.TestInvoker.invokeTestMethods(TestInvoker.java:194)
	at org.testng.internal.invokers.TestMethodWorker.invokeTestMethods(TestMethodWorker.java:148)
	at org.testng.internal.invokers.TestMethodWorker.run(TestMethodWorker.java:128)
	at java.base/java.util.ArrayList.forEach(ArrayList.java:1511)
	at org.testng.TestRunner.privateRun(TestRunner.java:806)
	at org.testng.TestRunner.run(TestRunner.java:601)
	at org.testng.SuiteRunner.runTest(SuiteRunner.java:433)
	at org.testng.SuiteRunner.runSequentially(SuiteRunner.java:427)
	at org.testng.SuiteRunner.privateRun(SuiteRunner.java:387)
	at org.testng.SuiteRunner.run(SuiteRunner.java:330)
	at org.testng.SuiteRunnerWorker.runSuite(SuiteRunnerWorker.java:52)
	at org.testng.SuiteRunnerWorker.run(SuiteRunnerWorker.java:95)
	at org.testng.TestNG.runSuitesSequentially(TestNG.java:1256)
	at org.testng.TestNG.runSuitesLocally(TestNG.java:1176)
	at org.testng.TestNG.runSuites(TestNG.java:1099)
	at org.testng.TestNG.run(TestNG.java:1067)
	at org.testng.remote.AbstractRemoteTestNG.run(AbstractRemoteTestNG.java:115)
	at org.testng.remote.RemoteTestNG.initAndRun(RemoteTestNG.java:251)
	at org.testng.remote.RemoteTestNG.main(RemoteTestNG.java:77)
Caused by: java.io.IOException: There is not enough space on the disk
	at java.base/sun.nio.ch.FileDispatcherImpl.write0(Native Method)
	at java.base/sun.nio.ch.FileDispatcherImpl.write(FileDispatcherImpl.java:68)
	at java.base/sun.nio.ch.IOUtil.writeFromNativeBuffer(IOUtil.java:132)
	at java.base/sun.nio.ch.IOUtil.write(IOUtil.java:97)
	at java.base/sun.nio.ch.IOUtil.write(IOUtil.java:67)
	at java.base/sun.nio.ch.FileChannelImpl.write(FileChannelImpl.java:288)
	at java.base/java.nio.channels.Channels.writeFullyImpl(Channels.java:74)
	at java.base/java.nio.channels.Channels.writeFully(Channels.java:96)
	at java.base/java.nio.channels.Channels$1.write(Channels.java:171)
	at java.base/java.nio.file.Files.write(Files.java:3517)
	at org.openqa.selenium.OutputType$3.save(OutputType.java:91)
	... 33 more
</pre></div></td>
<td>8</td>
<td>Test_Suite.WEL_Test_Suite@4d1c005e</td></tr>
<tr>
<td title='Test_Suite.WEL_Test_Suite.TC74_WEL_Cart_Upsells_Add_Summary_Line()'><b>TC74_WEL_Cart_Upsells_Add_Summary_Line</b><br>Test class: Test_Suite.WEL_Test_Suite</td>
<td><div><pre>org.openqa.selenium.WebDriverException: java.io.IOException: There is not enough space on the disk
Build info: version: &apos;4.6.0&apos;, revision: &apos;79f1c02ae20&apos;
System info: os.name: &apos;Windows 10&apos;, os.arch: &apos;amd64&apos;, os.version: &apos;10.0&apos;, java.version: &apos;17.0.5&apos;
Driver info: driver.version: RemoteWebDriver
	at org.openqa.selenium.OutputType$3.save(OutputType.java:94)
	at org.openqa.selenium.OutputType$3.convertFromBase64Png(OutputType.java:78)
	at org.openqa.selenium.OutputType$3.convertFromBase64Png(OutputType.java:75)
	at org.openqa.selenium.remote.RemoteWebDriver.getScreenshotAs(RemoteWebDriver.java:335)
	at utilities.CaptureScreenshot.getScreenshot(CaptureScreenshot.java:24)
	at Test_Suite.WEL_Test_Suite.TC74_WEL_Cart_Upsells_Add_Summary_Line(WEL_Test_Suite.java:2903)
	at java.base/jdk.internal.reflect.NativeMethodAccessorImpl.invoke0(Native Method)
	at java.base/jdk.internal.reflect.NativeMethodAccessorImpl.invoke(NativeMethodAccessorImpl.java:77)
	at java.base/jdk.internal.reflect.DelegatingMethodAccessorImpl.invoke(DelegatingMethodAccessorImpl.java:43)
	at java.base/java.lang.reflect.Method.invoke(Method.java:568)
	at org.testng.internal.invokers.MethodInvocationHelper.invokeMethod(MethodInvocationHelper.java:139)
	at org.testng.internal.invokers.TestInvoker.invokeMethod(TestInvoker.java:677)
	at org.testng.internal.invokers.TestInvoker.invokeTestMethod(TestInvoker.java:221)
	at org.testng.internal.invokers.MethodRunner.runInSequence(MethodRunner.java:50)
	at org.testng.internal.invokers.TestInvoker$MethodInvocationAgent.invoke(TestInvoker.java:962)
	at org.testng.internal.invokers.TestInvoker.invokeTestMethods(TestInvoker.java:194)
	at org.testng.internal.invokers.TestMethodWorker.invokeTestMethods(TestMethodWorker.java:148)
	at org.testng.internal.invokers.TestMethodWorker.run(TestMethodWorker.java:128)
	at java.base/java.util.ArrayList.forEach(ArrayList.java:1511)
	at org.testng.TestRunner.privateRun(TestRunner.java:806)
	at org.testng.TestRunner.run(TestRunner.java:601)
	at org.testng.SuiteRunner.runTest(SuiteRunner.java:433)
	at org.testng.SuiteRunner.runSequentially(SuiteRunner.java:427)
	at org.testng.SuiteRunner.privateRun(SuiteRunner.java:387)
	at org.testng.SuiteRunner.run(SuiteRunner.java:330)
	at org.testng.SuiteRunnerWorker.runSuite(SuiteRunnerWorker.java:52)
	at org.testng.SuiteRunnerWorker.run(SuiteRunnerWorker.java:95)
	at org.testng.TestNG.runSuitesSequentially(TestNG.java:1256)
	at org.testng.TestNG.runSuitesLocally(TestNG.java:1176)
	at org.testng.TestNG.runSuites(TestNG.java:1099)
	at org.testng.TestNG.run(TestNG.java:1067)
	at org.testng.remote.AbstractRemoteTestNG.run(AbstractRemoteTestNG.java:115)
	at org.testng.remote.RemoteTestNG.initAndRun(RemoteTestNG.java:251)
	at org.testng.remote.RemoteTestNG.main(RemoteTestNG.java:77)
Caused by: java.io.IOException: There is not enough space on the disk
	at java.base/sun.nio.ch.FileDispatcherImpl.write0(Native Method)
	at java.base/sun.nio.ch.FileDispatcherImpl.write(FileDispatcherImpl.java:68)
	at java.base/sun.nio.ch.IOUtil.writeFromNativeBuffer(IOUtil.java:132)
	at java.base/sun.nio.ch.IOUtil.write(IOUtil.java:97)
	at java.base/sun.nio.ch.IOUtil.write(IOUtil.java:67)
	at java.base/sun.nio.ch.FileChannelImpl.write(FileChannelImpl.java:288)
	at java.base/java.nio.channels.Channels.writeFullyImpl(Channels.java:74)
	at java.base/java.nio.channels.Channels.writeFully(Channels.java:96)
	at java.base/java.nio.channels.Channels$1.write(Channels.java:171)
	at java.base/java.nio.file.Files.write(Files.java:3517)
	at org.openqa.selenium.OutputType$3.save(OutputType.java:91)
	... 33 more
</pre></div><a href='#' onClick='toggleBox("stack-trace1093495523", this, "Click to show all stack frames", "Click to hide stack frames")'>Click to show all stack frames</a>
<div class='stack-trace' id='stack-trace1093495523'><pre>org.openqa.selenium.WebDriverException: java.io.IOException: There is not enough space on the disk
Build info: version: &apos;4.6.0&apos;, revision: &apos;79f1c02ae20&apos;
System info: os.name: &apos;Windows 10&apos;, os.arch: &apos;amd64&apos;, os.version: &apos;10.0&apos;, java.version: &apos;17.0.5&apos;
Driver info: driver.version: RemoteWebDriver
	at org.openqa.selenium.OutputType$3.save(OutputType.java:94)
	at org.openqa.selenium.OutputType$3.convertFromBase64Png(OutputType.java:78)
	at org.openqa.selenium.OutputType$3.convertFromBase64Png(OutputType.java:75)
	at org.openqa.selenium.remote.RemoteWebDriver.getScreenshotAs(RemoteWebDriver.java:335)
	at utilities.CaptureScreenshot.getScreenshot(CaptureScreenshot.java:24)
	at Test_Suite.WEL_Test_Suite.TC74_WEL_Cart_Upsells_Add_Summary_Line(WEL_Test_Suite.java:2903)
	at java.base/jdk.internal.reflect.NativeMethodAccessorImpl.invoke0(Native Method)
	at java.base/jdk.internal.reflect.NativeMethodAccessorImpl.invoke(NativeMethodAccessorImpl.java:77)
	at java.base/jdk.internal.reflect.DelegatingMethodAccessorImpl.invoke(DelegatingMethodAccessorImpl.java:43)
	at java.base/java.lang.reflect.Method.invoke(Method.java:568)
	at org.testng.internal.invokers.MethodInvocationHelper.invokeMethod(MethodInvocationHelper.java:139)
	at org.testng.internal.invokers.TestInvoker.invokeMethod(TestInvoker.java:677)
	at org.testng.internal.invokers.TestInvoker.invokeTestMethod(TestInvoker.java:221)
	at org.testng.internal.invokers.MethodRunner.runInSequence(MethodRunner.java:50)
	at org.testng.internal.invokers.TestInvoker$MethodInvocationAgent.invoke(TestInvoker.java:962)
	at org.testng.internal.invokers.TestInvoker.invokeTestMethods(TestInvoker.java:194)
	at org.testng.internal.invokers.TestMethodWorker.invokeTestMethods(TestMethodWorker.java:148)
	at org.testng.internal.invokers.TestMethodWorker.run(TestMethodWorker.java:128)
	at java.base/java.util.ArrayList.forEach(ArrayList.java:1511)
	at org.testng.TestRunner.privateRun(TestRunner.java:806)
	at org.testng.TestRunner.run(TestRunner.java:601)
	at org.testng.SuiteRunner.runTest(SuiteRunner.java:433)
	at org.testng.SuiteRunner.runSequentially(SuiteRunner.java:427)
	at org.testng.SuiteRunner.privateRun(SuiteRunner.java:387)
	at org.testng.SuiteRunner.run(SuiteRunner.java:330)
	at org.testng.SuiteRunnerWorker.runSuite(SuiteRunnerWorker.java:52)
	at org.testng.SuiteRunnerWorker.run(SuiteRunnerWorker.java:95)
	at org.testng.TestNG.runSuitesSequentially(TestNG.java:1256)
	at org.testng.TestNG.runSuitesLocally(TestNG.java:1176)
	at org.testng.TestNG.runSuites(TestNG.java:1099)
	at org.testng.TestNG.run(TestNG.java:1067)
	at org.testng.remote.AbstractRemoteTestNG.run(AbstractRemoteTestNG.java:115)
	at org.testng.remote.RemoteTestNG.initAndRun(RemoteTestNG.java:251)
	at org.testng.remote.RemoteTestNG.main(RemoteTestNG.java:77)
Caused by: java.io.IOException: There is not enough space on the disk
	at java.base/sun.nio.ch.FileDispatcherImpl.write0(Native Method)
	at java.base/sun.nio.ch.FileDispatcherImpl.write(FileDispatcherImpl.java:68)
	at java.base/sun.nio.ch.IOUtil.writeFromNativeBuffer(IOUtil.java:132)
	at java.base/sun.nio.ch.IOUtil.write(IOUtil.java:97)
	at java.base/sun.nio.ch.IOUtil.write(IOUtil.java:67)
	at java.base/sun.nio.ch.FileChannelImpl.write(FileChannelImpl.java:288)
	at java.base/java.nio.channels.Channels.writeFullyImpl(Channels.java:74)
	at java.base/java.nio.channels.Channels.writeFully(Channels.java:96)
	at java.base/java.nio.channels.Channels$1.write(Channels.java:171)
	at java.base/java.nio.file.Files.write(Files.java:3517)
	at org.openqa.selenium.OutputType$3.save(OutputType.java:91)
	... 33 more
</pre></div></td>
<td>6</td>
<td>Test_Suite.WEL_Test_Suite@4d1c005e</td></tr>
</table><p>
<table width='100%' border='1' class='invocation-passed'>
<tr><td colspan='4' align='center'><b>PASSED TESTS</b></td></tr>
<tr><td><b>Test method</b></td>
<td><b>Attribute(s)</b></td>
<td width="30%"><b>Exception</b></td>
<td width="10%"><b>Time (seconds)</b></td>
<td><b>Instance</b></td>
</tr>
<tr>
<td title='Test_Suite.WEL_Test_Suite.TC21_PlaceOrder_CPACMACFA_FreeTrailFor_NewUser()'><b>TC21_PlaceOrder_CPACMACFA_FreeTrailFor_NewUser</b><br>Test class: Test_Suite.WEL_Test_Suite</td>
<td></td>
<td>63</td>
<td>Test_Suite.WEL_Test_Suite@4d1c005e</td></tr>
<tr>
<td title='Test_Suite.WEL_Test_Suite.TC10_AddToCart_WithPromoCode_InAnonymousCart()'><b>TC10_AddToCart_WithPromoCode_InAnonymousCart</b><br>Test class: Test_Suite.WEL_Test_Suite</td>
<td></td>
<td>75</td>
<td>Test_Suite.WEL_Test_Suite@4d1c005e</td></tr>
<tr>
<td title='Test_Suite.WEL_Test_Suite.TC06_Standalone_ForgotPassword()'><b>TC06_Standalone_ForgotPassword</b><br>Test class: Test_Suite.WEL_Test_Suite</td>
<td></td>
<td>65</td>
<td>Test_Suite.WEL_Test_Suite@4d1c005e</td></tr>
<tr>
<td title='Test_Suite.WEL_Test_Suite.TC25_ShippingMethodfor_USUKAustralia_CanadaIndiaSingapore()'><b>TC25_ShippingMethodfor_USUKAustralia_CanadaIndiaSingapore</b><br>Test class: Test_Suite.WEL_Test_Suite</td>
<td></td>
<td>103</td>
<td>Test_Suite.WEL_Test_Suite@4d1c005e</td></tr>
<tr>
<td title='Test_Suite.WEL_Test_Suite.TC32_ShippingAndBilling_AddressDifferentfor_NewUser()'><b>TC32_ShippingAndBilling_AddressDifferentfor_NewUser</b><br>Test class: Test_Suite.WEL_Test_Suite</td>
<td></td>
<td>75</td>
<td>Test_Suite.WEL_Test_Suite@4d1c005e</td></tr>
<tr>
<td title='Test_Suite.WEL_Test_Suite.TC03_UserRegistration_DuringCheckoutForDigitalCartwith_NonUSBillingAddress()'><b>TC03_UserRegistration_DuringCheckoutForDigitalCartwith_NonUSBillingAddress</b><br>Test class: Test_Suite.WEL_Test_Suite</td>
<td></td>
<td>145</td>
<td>Test_Suite.WEL_Test_Suite@4d1c005e</td></tr>
<tr>
<td title='Test_Suite.WEL_Test_Suite.TC01_Standalone_UserRegistration()'><b>TC01_Standalone_UserRegistration</b><br>Test class: Test_Suite.WEL_Test_Suite</td>
<td></td>
<td>64</td>
<td>Test_Suite.WEL_Test_Suite@4d1c005e</td></tr>
<tr>
<td title='Test_Suite.WEL_Test_Suite.TC34_PlaceOrder_withPaypalPayment_OptionForNewUser()'><b>TC34_PlaceOrder_withPaypalPayment_OptionForNewUser</b><br>Test class: Test_Suite.WEL_Test_Suite</td>
<td></td>
<td>176</td>
<td>Test_Suite.WEL_Test_Suite@4d1c005e</td></tr>
<tr>
<td title='Test_Suite.WEL_Test_Suite.TC18_PlaceOrderof_CPACMA_PhysitalProducts_And_CFAPhysicalReviewCourse_ProductForExistingUser()'><b>TC18_PlaceOrderof_CPACMA_PhysitalProducts_And_CFAPhysicalReviewCourse_ProductForExistingUser</b><br>Test class: Test_Suite.WEL_Test_Suite</td>
<td></td>
<td>281</td>
<td>Test_Suite.WEL_Test_Suite@4d1c005e</td></tr>
<tr>
<td title='Test_Suite.WEL_Test_Suite.TC61_Validate_Cookie_Management()'><b>TC61_Validate_Cookie_Management</b><br>Test class: Test_Suite.WEL_Test_Suite</td>
<td></td>
<td>77</td>
<td>Test_Suite.WEL_Test_Suite@4d1c005e</td></tr>
<tr>
<td title='Test_Suite.WEL_Test_Suite.TC37_PlaceOrder_withPaypalCredit_OptionForNewUser()'><b>TC37_PlaceOrder_withPaypalCredit_OptionForNewUser</b><br>Test class: Test_Suite.WEL_Test_Suite</td>
<td></td>
<td>158</td>
<td>Test_Suite.WEL_Test_Suite@4d1c005e</td></tr>
<tr>
<td title='Test_Suite.WEL_Test_Suite.TC24_PlaceOrder_UsingSavedShippingAddress_ForExistingUser()'><b>TC24_PlaceOrder_UsingSavedShippingAddress_ForExistingUser</b><br>Test class: Test_Suite.WEL_Test_Suite</td>
<td></td>
<td>165</td>
<td>Test_Suite.WEL_Test_Suite@4d1c005e</td></tr>
<tr>
<td title='Test_Suite.WEL_Test_Suite.TC52_PlaceOrder_ChinaAddress()'><b>TC52_PlaceOrder_ChinaAddress</b><br>Test class: Test_Suite.WEL_Test_Suite</td>
<td></td>
<td>123</td>
<td>Test_Suite.WEL_Test_Suite@4d1c005e</td></tr>
<tr>
<td title='Test_Suite.WEL_Test_Suite.TC40_PlaceOrderin_PINFlow_ForExistingUser()'><b>TC40_PlaceOrderin_PINFlow_ForExistingUser</b><br>Test class: Test_Suite.WEL_Test_Suite</td>
<td></td>
<td>125</td>
<td>Test_Suite.WEL_Test_Suite@4d1c005e</td></tr>
<tr>
<td title='Test_Suite.WEL_Test_Suite.TC23_PlaceOrder_OfOther_ProductsCIA_FreeTrailFor_NewUser()'><b>TC23_PlaceOrder_OfOther_ProductsCIA_FreeTrailFor_NewUser</b><br>Test class: Test_Suite.WEL_Test_Suite</td>
<td></td>
<td>25</td>
<td>Test_Suite.WEL_Test_Suite@4d1c005e</td></tr>
<tr>
<td title='Test_Suite.WEL_Test_Suite.TC39_PlaceOrderin_PINFlow_ForNewUser()'><b>TC39_PlaceOrderin_PINFlow_ForNewUser</b><br>Test class: Test_Suite.WEL_Test_Suite</td>
<td></td>
<td>88</td>
<td>Test_Suite.WEL_Test_Suite@4d1c005e</td></tr>
<tr>
<td title='Test_Suite.WEL_Test_Suite.TC11_AddToCartFor_LoggedInUser()'><b>TC11_AddToCartFor_LoggedInUser</b><br>Test class: Test_Suite.WEL_Test_Suite</td>
<td></td>
<td>148</td>
<td>Test_Suite.WEL_Test_Suite@4d1c005e</td></tr>
<tr>
<td title='Test_Suite.WEL_Test_Suite.TC33_AddressSuggestion_ByAddressDoctorInBillingpage()'><b>TC33_AddressSuggestion_ByAddressDoctorInBillingpage</b><br>Test class: Test_Suite.WEL_Test_Suite</td>
<td></td>
<td>121</td>
<td>Test_Suite.WEL_Test_Suite@4d1c005e</td></tr>
<tr>
<td title='Test_Suite.WEL_Test_Suite.TC48_Tax_Recalculation_After_Editing_Billing_Address()'><b>TC48_Tax_Recalculation_After_Editing_Billing_Address</b><br>Test class: Test_Suite.WEL_Test_Suite</td>
<td></td>
<td>159</td>
<td>Test_Suite.WEL_Test_Suite@4d1c005e</td></tr>
<tr>
<td title='Test_Suite.WEL_Test_Suite.TC30_PlaceOrder_UsingSavedBillingAddress_ForExistingUser()'><b>TC30_PlaceOrder_UsingSavedBillingAddress_ForExistingUser</b><br>Test class: Test_Suite.WEL_Test_Suite</td>
<td></td>
<td>105</td>
<td>Test_Suite.WEL_Test_Suite@4d1c005e</td></tr>
<tr>
<td title='Test_Suite.WEL_Test_Suite.TC17_PlaceOrderof_CPACMA_PhysitalProducts_And_CFAPhysicalReviewCourse_ProductForNewUser()'><b>TC17_PlaceOrderof_CPACMA_PhysitalProducts_And_CFAPhysicalReviewCourse_ProductForNewUser</b><br>Test class: Test_Suite.WEL_Test_Suite</td>
<td></td>
<td>108</td>
<td>Test_Suite.WEL_Test_Suite@4d1c005e</td></tr>
<tr>
<td title='Test_Suite.WEL_Test_Suite.TC14_ExtraDiscount_CouponCodeGOVT()'><b>TC14_ExtraDiscount_CouponCodeGOVT</b><br>Test class: Test_Suite.WEL_Test_Suite</td>
<td></td>
<td>55</td>
<td>Test_Suite.WEL_Test_Suite@4d1c005e</td></tr>
<tr>
<td title='Test_Suite.WEL_Test_Suite.TC44_PlaceOrderFor_UniversityPartner_Product()'><b>TC44_PlaceOrderFor_UniversityPartner_Product</b><br>Test class: Test_Suite.WEL_Test_Suite</td>
<td></td>
<td>11</td>
<td>Test_Suite.WEL_Test_Suite@4d1c005e</td></tr>
<tr>
<td title='Test_Suite.WEL_Test_Suite.TC51_PlaceOrder_IndiaAddress()'><b>TC51_PlaceOrder_IndiaAddress</b><br>Test class: Test_Suite.WEL_Test_Suite</td>
<td></td>
<td>123</td>
<td>Test_Suite.WEL_Test_Suite@4d1c005e</td></tr>
<tr>
<td title='Test_Suite.WEL_Test_Suite.TC15_PlaceOrder_CMACPACFA_DigitalProducts_ForNewUser()'><b>TC15_PlaceOrder_CMACPACFA_DigitalProducts_ForNewUser</b><br>Test class: Test_Suite.WEL_Test_Suite</td>
<td></td>
<td>234</td>
<td>Test_Suite.WEL_Test_Suite@4d1c005e</td></tr>
<tr>
<td title='Test_Suite.WEL_Test_Suite.TC43_PlaceOrderwith_PartnerProduct_Having100Percent_Discount()'><b>TC43_PlaceOrderwith_PartnerProduct_Having100Percent_Discount</b><br>Test class: Test_Suite.WEL_Test_Suite</td>
<td></td>
<td>0</td>
<td>Test_Suite.WEL_Test_Suite@4d1c005e</td></tr>
<tr>
<td title='Test_Suite.WEL_Test_Suite.TC07_ForgotPasswordDuring_Checkout()'><b>TC07_ForgotPasswordDuring_Checkout</b><br>Test class: Test_Suite.WEL_Test_Suite</td>
<td></td>
<td>106</td>
<td>Test_Suite.WEL_Test_Suite@4d1c005e</td></tr>
<tr>
<td title='Test_Suite.WEL_Test_Suite.TC35_PlaceOrder_withPaypalPayment_OptionForExistingUser()'><b>TC35_PlaceOrder_withPaypalPayment_OptionForExistingUser</b><br>Test class: Test_Suite.WEL_Test_Suite</td>
<td></td>
<td>189</td>
<td>Test_Suite.WEL_Test_Suite@4d1c005e</td></tr>
<tr>
<td title='Test_Suite.WEL_Test_Suite.TC36_PlaceOrder_withPaypalCredit_OptionForExistingUser()'><b>TC36_PlaceOrder_withPaypalCredit_OptionForExistingUser</b><br>Test class: Test_Suite.WEL_Test_Suite</td>
<td></td>
<td>221</td>
<td>Test_Suite.WEL_Test_Suite@4d1c005e</td></tr>
<tr>
<td title='Test_Suite.WEL_Test_Suite.TC46_Tax_Recalculation_After_Editing_Shipping_Method()'><b>TC46_Tax_Recalculation_After_Editing_Shipping_Method</b><br>Test class: Test_Suite.WEL_Test_Suite</td>
<td></td>
<td>190</td>
<td>Test_Suite.WEL_Test_Suite@4d1c005e</td></tr>
<tr>
<td title='Test_Suite.WEL_Test_Suite.TC28_StudentVerification_ForDigitalCartofUSANDNonUS()'><b>TC28_StudentVerification_ForDigitalCartofUSANDNonUS</b><br>Test class: Test_Suite.WEL_Test_Suite</td>
<td></td>
<td>170</td>
<td>Test_Suite.WEL_Test_Suite@4d1c005e</td></tr>
<tr>
<td title='Test_Suite.WEL_Test_Suite.TC62_Email_Verification_For__New_User()'><b>TC62_Email_Verification_For__New_User</b><br>Test class: Test_Suite.WEL_Test_Suite</td>
<td></td>
<td>344</td>
<td>Test_Suite.WEL_Test_Suite@4d1c005e</td></tr>
<tr>
<td title='Test_Suite.WEL_Test_Suite.TC42_Place_order_with_partner_product_having_price()'><b>TC42_Place_order_with_partner_product_having_price</b><br>Test class: Test_Suite.WEL_Test_Suite</td>
<td></td>
<td>129</td>
<td>Test_Suite.WEL_Test_Suite@4d1c005e</td></tr>
<tr>
<td title='Test_Suite.WEL_Test_Suite.TC02_UserRegistration_DuringCheckoutForPhysicalCart()'><b>TC02_UserRegistration_DuringCheckoutForPhysicalCart</b><br>Test class: Test_Suite.WEL_Test_Suite</td>
<td></td>
<td>96</td>
<td>Test_Suite.WEL_Test_Suite@4d1c005e</td></tr>
<tr>
<td title='Test_Suite.WEL_Test_Suite.TC09_AddToCart_WithStudentDiscount_InAnonymousCart()'><b>TC09_AddToCart_WithStudentDiscount_InAnonymousCart</b><br>Test class: Test_Suite.WEL_Test_Suite</td>
<td></td>
<td>83</td>
<td>Test_Suite.WEL_Test_Suite@4d1c005e</td></tr>
<tr>
<td title='Test_Suite.WEL_Test_Suite.TC12_QunatityRestriction_ForPhysicalProduct()'><b>TC12_QunatityRestriction_ForPhysicalProduct</b><br>Test class: Test_Suite.WEL_Test_Suite</td>
<td></td>
<td>37</td>
<td>Test_Suite.WEL_Test_Suite@4d1c005e</td></tr>
<tr>
<td title='Test_Suite.WEL_Test_Suite.TC27_AddressSuggestion_ByAddressDoctorInShippingpage()'><b>TC27_AddressSuggestion_ByAddressDoctorInShippingpage</b><br>Test class: Test_Suite.WEL_Test_Suite</td>
<td></td>
<td>92</td>
<td>Test_Suite.WEL_Test_Suite@4d1c005e</td></tr>
<tr>
<td title='Test_Suite.WEL_Test_Suite.TC47_Tax_Recalculation_After_Editing_Shipping_Address()'><b>TC47_Tax_Recalculation_After_Editing_Shipping_Address</b><br>Test class: Test_Suite.WEL_Test_Suite</td>
<td></td>
<td>168</td>
<td>Test_Suite.WEL_Test_Suite@4d1c005e</td></tr>
<tr>
<td title='Test_Suite.WEL_Test_Suite.TC05_UserLoginDuring_Checkout()'><b>TC05_UserLoginDuring_Checkout</b><br>Test class: Test_Suite.WEL_Test_Suite</td>
<td></td>
<td>144</td>
<td>Test_Suite.WEL_Test_Suite@4d1c005e</td></tr>
<tr>
<td title='Test_Suite.WEL_Test_Suite.TC13_PlaceOrder_WithmultipleProducts_And_PromotionForExistingUser()'><b>TC13_PlaceOrder_WithmultipleProducts_And_PromotionForExistingUser</b><br>Test class: Test_Suite.WEL_Test_Suite</td>
<td></td>
<td>110</td>
<td>Test_Suite.WEL_Test_Suite@4d1c005e</td></tr>
<tr>
<td title='Test_Suite.WEL_Test_Suite.TC20_PlaceOrder_OfOther_ProductsCIACAIAFor_NewUser()'><b>TC20_PlaceOrder_OfOther_ProductsCIACAIAFor_NewUser</b><br>Test class: Test_Suite.WEL_Test_Suite</td>
<td></td>
<td>94</td>
<td>Test_Suite.WEL_Test_Suite@4d1c005e</td></tr>
<tr>
<td title='Test_Suite.WEL_Test_Suite.TC64_Validate_Dont_Ship_To_PO_Box_Message()'><b>TC64_Validate_Dont_Ship_To_PO_Box_Message</b><br>Test class: Test_Suite.WEL_Test_Suite</td>
<td></td>
<td>93</td>
<td>Test_Suite.WEL_Test_Suite@4d1c005e</td></tr>
<tr>
<td title='Test_Suite.WEL_Test_Suite.TC04_LoginFor_NewlyRegisteredUser()'><b>TC04_LoginFor_NewlyRegisteredUser</b><br>Test class: Test_Suite.WEL_Test_Suite</td>
<td></td>
<td>30</td>
<td>Test_Suite.WEL_Test_Suite@4d1c005e</td></tr>
<tr>
<td title='Test_Suite.WEL_Test_Suite.TC53_PlaceOrder_JapanAddress()'><b>TC53_PlaceOrder_JapanAddress</b><br>Test class: Test_Suite.WEL_Test_Suite</td>
<td></td>
<td>101</td>
<td>Test_Suite.WEL_Test_Suite@4d1c005e</td></tr>
<tr>
<td title='Test_Suite.WEL_Test_Suite.TC38_Multiple_To_And_Fro_Navigation_Between_Shipping_And_Billing()'><b>TC38_Multiple_To_And_Fro_Navigation_Between_Shipping_And_Billing</b><br>Test class: Test_Suite.WEL_Test_Suite</td>
<td></td>
<td>242</td>
<td>Test_Suite.WEL_Test_Suite@4d1c005e</td></tr>
<tr>
<td title='Test_Suite.WEL_Test_Suite.TC22_PlaceOrder_CPACMACFA_FreeTrailFor_ExistingUser()'><b>TC22_PlaceOrder_CPACMACFA_FreeTrailFor_ExistingUser</b><br>Test class: Test_Suite.WEL_Test_Suite</td>
<td></td>
<td>111</td>
<td>Test_Suite.WEL_Test_Suite@4d1c005e</td></tr>
<tr>
<td title='Test_Suite.WEL_Test_Suite.TC31_ShippingAndBilling_AddressSamefor_NewUser()'><b>TC31_ShippingAndBilling_AddressSamefor_NewUser</b><br>Test class: Test_Suite.WEL_Test_Suite</td>
<td></td>
<td>177</td>
<td>Test_Suite.WEL_Test_Suite@4d1c005e</td></tr>
<tr>
<td title='Test_Suite.WEL_Test_Suite.TC29_StudentVerification_ForPhisicalCartofUSANDNonUS()'><b>TC29_StudentVerification_ForPhisicalCartofUSANDNonUS</b><br>Test class: Test_Suite.WEL_Test_Suite</td>
<td></td>
<td>166</td>
<td>Test_Suite.WEL_Test_Suite@4d1c005e</td></tr>
<tr>
<td title='Test_Suite.WEL_Test_Suite.TC16_PlaceOrder_CMACPACFA_DigitalProducts_ForExistingUser()'><b>TC16_PlaceOrder_CMACPACFA_DigitalProducts_ForExistingUser</b><br>Test class: Test_Suite.WEL_Test_Suite</td>
<td></td>
<td>240</td>
<td>Test_Suite.WEL_Test_Suite@4d1c005e</td></tr>
<tr>
<td title='Test_Suite.WEL_Test_Suite.TC50_PlaceOrder_CanadaAddress()'><b>TC50_PlaceOrder_CanadaAddress</b><br>Test class: Test_Suite.WEL_Test_Suite</td>
<td></td>
<td>112</td>
<td>Test_Suite.WEL_Test_Suite@4d1c005e</td></tr>
<tr>
<td title='Test_Suite.WEL_Test_Suite.TC49_Place_Order_With_Some_Parts_New_User()'><b>TC49_Place_Order_With_Some_Parts_New_User</b><br>Test class: Test_Suite.WEL_Test_Suite</td>
<td></td>
<td>163</td>
<td>Test_Suite.WEL_Test_Suite@4d1c005e</td></tr>
</table><p>
</body>
</html>