<?xml version="1.0" encoding="UTF-8"?>
<!-- Generated by org.testng.reporters.JUnitXMLReporter -->
<testsuite ignored="31" hostname="ZAUSV-JBISWAS" failures="0" tests="1" name="Default test" time="18.322" errors="0" timestamp="2023-02-14T15:17:42 IST">
  <testcase classname="utilities.DriverModule" name="@AfterTest CloseBrowser" time="2.514">
    <failure type="org.openqa.selenium.NoSuchSessionException" message="Tried to run command without establishing a connection
Build info: version: &amp;apos;4.6.0&amp;apos;, revision: &amp;apos;79f1c02ae20&amp;apos;
System info: os.name: &amp;apos;Windows 10&amp;apos;, os.arch: &amp;apos;amd64&amp;apos;, os.version: &amp;apos;10.0&amp;apos;, java.version: &amp;apos;17.0.5&amp;apos;
Driver info: org.openqa.selenium.firefox.FirefoxDriver
Command: [60b28099-d478-4c6c-aa1a-c0dd026e7f40, quit {}]
Capabilities {acceptInsecureCerts: true, browserName: firefox, browserVersion: 108.0.2, moz:accessibilityChecks: false, moz:buildID: 20230104165113, moz:debuggerAddress: 127.0.0.1:2029, moz:geckodriverVersion: 0.32.2, moz:headless: false, moz:platformVersion: 10.0, moz:processID: 10972, moz:profile: C:\Users\jbiswas\AppData\Lo..., moz:shutdownTimeout: 60000, moz:useNonSpecCompliantPointerOrigin: false, moz:webdriverClick: true, moz:windowless: false, pageLoadStrategy: normal, platformName: WINDOWS, proxy: Proxy(), se:cdp: ws://127.0.0.1:2029/devtool..., se:cdpVersion: 85.0, setWindowRect: true, strictFileInteractability: false, timeouts: {implicit: 0, pageLoad: 300000, script: 30000}, unhandledPromptBehavior: dismiss and notify}
Session ID: 60b28099-d478-4c6c-aa1a-c0dd026e7f40">
      <![CDATA[org.openqa.selenium.NoSuchSessionException: Tried to run command without establishing a connection
Build info: version: '4.6.0', revision: '79f1c02ae20'
System info: os.name: 'Windows 10', os.arch: 'amd64', os.version: '10.0', java.version: '17.0.5'
Driver info: org.openqa.selenium.firefox.FirefoxDriver
Command: [60b28099-d478-4c6c-aa1a-c0dd026e7f40, quit {}]
Capabilities {acceptInsecureCerts: true, browserName: firefox, browserVersion: 108.0.2, moz:accessibilityChecks: false, moz:buildID: 20230104165113, moz:debuggerAddress: 127.0.0.1:2029, moz:geckodriverVersion: 0.32.2, moz:headless: false, moz:platformVersion: 10.0, moz:processID: 10972, moz:profile: C:\Users\jbiswas\AppData\Lo..., moz:shutdownTimeout: 60000, moz:useNonSpecCompliantPointerOrigin: false, moz:webdriverClick: true, moz:windowless: false, pageLoadStrategy: normal, platformName: WINDOWS, proxy: Proxy(), se:cdp: ws://127.0.0.1:2029/devtool..., se:cdpVersion: 85.0, setWindowRect: true, strictFileInteractability: false, timeouts: {implicit: 0, pageLoad: 300000, script: 30000}, unhandledPromptBehavior: dismiss and notify}
Session ID: 60b28099-d478-4c6c-aa1a-c0dd026e7f40
at java.base/jdk.internal.reflect.NativeConstructorAccessorImpl.newInstance0(Native Method)
at java.base/jdk.internal.reflect.NativeConstructorAccessorImpl.newInstance(NativeConstructorAccessorImpl.java:77)
at java.base/jdk.internal.reflect.DelegatingConstructorAccessorImpl.newInstance(DelegatingConstructorAccessorImpl.java:45)
at java.base/java.lang.reflect.Constructor.newInstanceWithCaller(Constructor.java:499)
at java.base/java.lang.reflect.Constructor.newInstance(Constructor.java:480)
at org.openqa.selenium.remote.codec.w3c.W3CHttpResponseCodec.createException(W3CHttpResponseCodec.java:200)
at org.openqa.selenium.remote.codec.w3c.W3CHttpResponseCodec.decode(W3CHttpResponseCodec.java:133)
at org.openqa.selenium.remote.codec.w3c.W3CHttpResponseCodec.decode(W3CHttpResponseCodec.java:53)
at org.openqa.selenium.remote.HttpCommandExecutor.execute(HttpCommandExecutor.java:184)
at org.openqa.selenium.remote.service.DriverCommandExecutor.invokeExecute(DriverCommandExecutor.java:167)
at org.openqa.selenium.remote.service.DriverCommandExecutor.lambda$execute$1(DriverCommandExecutor.java:105)
at java.base/java.util.concurrent.CompletableFuture$AsyncSupply.run(CompletableFuture.java:1768)
at java.base/java.util.concurrent.ThreadPoolExecutor.runWorker(ThreadPoolExecutor.java:1136)
at java.base/java.util.concurrent.ThreadPoolExecutor$Worker.run(ThreadPoolExecutor.java:635)
at java.base/java.lang.Thread.run(Thread.java:833)
]]>
    </failure>
  </testcase> <!-- @AfterTest CloseBrowser -->
  <testcase classname="Test_Suite.TestHarness_RegressionSuite" name="TC01_HTTP_Probe" time="5.159"/>
  <testcase classname="Test_Suite.TestHarness_RegressionSuite" name="TC23_SOAP_Probe_Error_Message_Validation" time="0.0">
    <ignored/>
  </testcase> <!-- TC23_SOAP_Probe_Error_Message_Validation -->
  <testcase classname="Test_Suite.TestHarness_RegressionSuite" name="TC14_HTTP_TokenAuth_ES_Stripe_Validation" time="0.0">
    <ignored/>
  </testcase> <!-- TC14_HTTP_TokenAuth_ES_Stripe_Validation -->
  <testcase classname="Test_Suite.TestHarness_RegressionSuite" name="TC06_HTTP_Validate_Request_Response" time="0.0">
    <ignored/>
  </testcase> <!-- TC06_HTTP_Validate_Request_Response -->
  <testcase classname="Test_Suite.TestHarness_RegressionSuite" name="TC22_SOAP_Probe_ES_Stripe_Validation" time="0.0">
    <ignored/>
  </testcase> <!-- TC22_SOAP_Probe_ES_Stripe_Validation -->
  <testcase classname="Test_Suite.TestHarness_RegressionSuite" name="TC18_HTTP_TokenAuthSettle_ES_Stripe_Validation" time="0.0">
    <ignored/>
  </testcase> <!-- TC18_HTTP_TokenAuthSettle_ES_Stripe_Validation -->
  <testcase classname="Test_Suite.TestHarness_RegressionSuite" name="TC17_HTTP_Validate_for_Token_Settle_Error_Message" time="0.0">
    <ignored/>
  </testcase> <!-- TC17_HTTP_Validate_for_Token_Settle_Error_Message -->
  <testcase classname="Test_Suite.TestHarness_RegressionSuite" name="TC24_SOAP_TokenAuth_ES_Stripe_Validation" time="0.0">
    <ignored/>
  </testcase> <!-- TC24_SOAP_TokenAuth_ES_Stripe_Validation -->
  <testcase classname="Test_Suite.TestHarness_RegressionSuite" name="TC03_HTTP_Tokenise_IFrame" time="0.0">
    <ignored/>
  </testcase> <!-- TC03_HTTP_Tokenise_IFrame -->
  <testcase classname="Test_Suite.TestHarness_RegressionSuite" name="TC07_HTTP_Validate_IFrame" time="0.0">
    <ignored/>
  </testcase> <!-- TC07_HTTP_Validate_IFrame -->
  <testcase classname="Test_Suite.TestHarness_RegressionSuite" name="TC32_SOAP_VoidAuth_Error_Message" time="0.0">
    <ignored/>
  </testcase> <!-- TC32_SOAP_VoidAuth_Error_Message -->
  <testcase classname="Test_Suite.TestHarness_RegressionSuite" name="TC13_HTTP_AuthSettle_Error_Message" time="0.0">
    <ignored/>
  </testcase> <!-- TC13_HTTP_AuthSettle_Error_Message -->
  <testcase classname="Test_Suite.TestHarness_RegressionSuite" name="TC08_HTTP_Validate_ES_Stripe_Validation" time="0.0">
    <ignored/>
  </testcase> <!-- TC08_HTTP_Validate_ES_Stripe_Validation -->
  <testcase classname="Test_Suite.TestHarness_RegressionSuite" name="TC26_SOAP_TokenSettle_ES_Stripe_Validation" time="0.0">
    <ignored/>
  </testcase> <!-- TC26_SOAP_TokenSettle_ES_Stripe_Validation -->
  <testcase classname="Test_Suite.TestHarness_RegressionSuite" name="TC12_HTTP_AuthSettle_ES_Stripe_Validation" time="0.0">
    <ignored/>
  </testcase> <!-- TC12_HTTP_AuthSettle_ES_Stripe_Validation -->
  <testcase classname="Test_Suite.TestHarness_RegressionSuite" name="TC10_HTTP_Authorise_ES_Stripe_Validation" time="0.0">
    <ignored/>
  </testcase> <!-- TC10_HTTP_Authorise_ES_Stripe_Validation -->
  <testcase classname="Test_Suite.TestHarness_RegressionSuite" name="TC31_SOAP_VoidAuth_ES_Stripe_Validation" time="0.0">
    <ignored/>
  </testcase> <!-- TC31_SOAP_VoidAuth_ES_Stripe_Validation -->
  <testcase classname="Test_Suite.TestHarness_RegressionSuite" name="TC02_HTTP_Tokenise_Request_Response" time="0.0">
    <ignored/>
  </testcase> <!-- TC02_HTTP_Tokenise_Request_Response -->
  <testcase classname="Test_Suite.TestHarness_RegressionSuite" name="TC09_HTTP_Validate_Error_Message" time="0.0">
    <ignored/>
  </testcase> <!-- TC09_HTTP_Validate_Error_Message -->
  <testcase classname="Test_Suite.TestHarness_RegressionSuite" name="TC11_HTTP_Authorise_Error_Message" time="0.0">
    <ignored/>
  </testcase> <!-- TC11_HTTP_Authorise_Error_Message -->
  <testcase classname="Test_Suite.TestHarness_RegressionSuite" name="TC16_HTTP_TokenSettle_ES_Stripe_Validation" time="0.0">
    <ignored/>
  </testcase> <!-- TC16_HTTP_TokenSettle_ES_Stripe_Validation -->
  <testcase classname="Test_Suite.TestHarness_RegressionSuite" name="TC04_HTTP_Tokenise_ES_Stripe_Validation" time="0.0">
    <ignored/>
  </testcase> <!-- TC04_HTTP_Tokenise_ES_Stripe_Validation -->
  <testcase classname="Test_Suite.TestHarness_RegressionSuite" name="TC21_HTTP_Validate_for_Void_Auth_Error_Message" time="0.0">
    <ignored/>
  </testcase> <!-- TC21_HTTP_Validate_for_Void_Auth_Error_Message -->
  <testcase classname="Test_Suite.TestHarness_RegressionSuite" name="TC29_SOAP_TokenAuthSettle_Error_Message" time="0.0">
    <ignored/>
  </testcase> <!-- TC29_SOAP_TokenAuthSettle_Error_Message -->
  <testcase classname="Test_Suite.TestHarness_RegressionSuite" name="TC15_HTTP_Validate_for_Token_Auth_Error_Message" time="0.0">
    <ignored/>
  </testcase> <!-- TC15_HTTP_Validate_for_Token_Auth_Error_Message -->
  <testcase classname="Test_Suite.TestHarness_RegressionSuite" name="TC30_SOAP_TokenRefund_ES_Stripe_Validation" time="0.0">
    <ignored/>
  </testcase> <!-- TC30_SOAP_TokenRefund_ES_Stripe_Validation -->
  <testcase classname="Test_Suite.TestHarness_RegressionSuite" name="TC25_SOAP_TokenAuth_Error_Message_Validation" time="0.0">
    <ignored/>
  </testcase> <!-- TC25_SOAP_TokenAuth_Error_Message_Validation -->
  <testcase classname="Test_Suite.TestHarness_RegressionSuite" name="TC28_SOAP_TokenAuthSettle_ES_Stripe_Validation" time="0.0">
    <ignored/>
  </testcase> <!-- TC28_SOAP_TokenAuthSettle_ES_Stripe_Validation -->
  <testcase classname="Test_Suite.TestHarness_RegressionSuite" name="TC05_HTTP_Tokenise_Error_Message" time="0.0">
    <ignored/>
  </testcase> <!-- TC05_HTTP_Tokenise_Error_Message -->
  <testcase classname="Test_Suite.TestHarness_RegressionSuite" name="TC27_SOAP_TokenSettle_Error_Message_Validation" time="0.0">
    <ignored/>
  </testcase> <!-- TC27_SOAP_TokenSettle_Error_Message_Validation -->
  <testcase classname="Test_Suite.TestHarness_RegressionSuite" name="TC19_HTTP_Validate_for_Token_Auth_Settle_Error_Message" time="0.0">
    <ignored/>
  </testcase> <!-- TC19_HTTP_Validate_for_Token_Auth_Settle_Error_Message -->
  <testcase classname="Test_Suite.TestHarness_RegressionSuite" name="TC20_HTTP_VoidAuth_ES_Stripe_Validation" time="0.0">
    <ignored/>
  </testcase> <!-- TC20_HTTP_VoidAuth_ES_Stripe_Validation -->
</testsuite> <!-- Default test -->
