<html>
<head>
<title>TestNG:  VET_Test_Suite</title>
<link href="../testng.css" rel="stylesheet" type="text/css" />
<link href="../my-testng.css" rel="stylesheet" type="text/css" />

<style type="text/css">
.log { display: none;} 
.stack-trace { display: none;} 
</style>
<script type="text/javascript">
<!--
function flip(e) {
  current = e.style.display;
  if (current == 'block') {
    e.style.display = 'none';
    return 0;
  }
  else {
    e.style.display = 'block';
    return 1;
  }
}

function toggleBox(szDivId, elem, msg1, msg2)
{
  var res = -1;  if (document.getElementById) {
    res = flip(document.getElementById(szDivId));
  }
  else if (document.all) {
    // this is the way old msie versions work
    res = flip(document.all[szDivId]);
  }
  if(elem) {
    if(res == 0) elem.innerHTML = msg1; else elem.innerHTML = msg2;
  }

}

function toggleAllBoxes() {
  if (document.getElementsByTagName) {
    d = document.getElementsByTagName('div');
    for (i = 0; i < d.length; i++) {
      if (d[i].className == 'log') {
        flip(d[i]);
      }
    }
  }
}

// -->
</script>

</head>
<body>
<h2 align='center'>VET_Test_Suite</h2><table border='1' align="center">
<tr>
<td>Tests passed/Failed/Skipped:</td><td>12/0/0</td>
</tr><tr>
<td>Started on:</td><td>Mon Apr 17 16:27:59 IST 2023</td>
</tr>
<tr><td>Total time:</td><td>414 seconds (414612 ms)</td>
</tr><tr>
<td>Included groups:</td><td></td>
</tr><tr>
<td>Excluded groups:</td><td></td>
</tr>
</table><p/>
<small><i>(Hover the method name to see the test class name)</i></small><p/>
<table width='100%' border='1' class='invocation-failed'>
<tr><td colspan='4' align='center'><b>FAILED CONFIGURATIONS</b></td></tr>
<tr><td><b>Test method</b></td>
<td><b>Attribute(s)</b></td>
<td width="30%"><b>Exception</b></td>
<td width="10%"><b>Time (seconds)</b></td>
<td><b>Instance</b></td>
</tr>
<tr>
<td title='TestSuite.WileyPLUS_Prod_Test_Suite.CloseBrowser()'><b>CloseBrowser</b><br>Test class: TestSuite.WileyPLUS_Prod_Test_Suite</td>
<td><div><pre>org.openqa.selenium.NoSuchSessionException: Tried to run command without establishing a connection
Build info: version: &apos;4.8.3&apos;, revision: &apos;e5e76298c3&apos;
System info: os.name: &apos;Windows 10&apos;, os.arch: &apos;amd64&apos;, os.version: &apos;10.0&apos;, java.version: &apos;17.0.5&apos;
Driver info: org.openqa.selenium.firefox.FirefoxDriver
Command: [14f749dc-eca5-46fb-8fb1-f9eca0c92a51, quit {}]
Capabilities {acceptInsecureCerts: true, browserName: firefox, browserVersion: 111.0.1, moz:accessibilityChecks: false, moz:buildID: 20230321111920, moz:debuggerAddress: 127.0.0.1:13223, moz:geckodriverVersion: 0.33.0, moz:headless: false, moz:platformVersion: 10.0, moz:processID: 4048, moz:profile: C:\Users\arakshit\AppData\L..., moz:shutdownTimeout: 60000, moz:useNonSpecCompliantPointerOrigin: false, moz:webdriverClick: true, moz:windowless: false, pageLoadStrategy: normal, platformName: WINDOWS, proxy: Proxy(), se:cdp: ws://127.0.0.1:13223/devtoo..., se:cdpVersion: 85.0, setWindowRect: true, strictFileInteractability: false, timeouts: {implicit: 0, pageLoad: 300000, script: 30000}, unhandledPromptBehavior: dismiss and notify}
Session ID: 14f749dc-eca5-46fb-8fb1-f9eca0c92a51
	at org.openqa.selenium.remote.codec.w3c.W3CHttpResponseCodec.createException(W3CHttpResponseCodec.java:200)
	at org.openqa.selenium.remote.codec.w3c.W3CHttpResponseCodec.decode(W3CHttpResponseCodec.java:133)
	at org.openqa.selenium.remote.codec.w3c.W3CHttpResponseCodec.decode(W3CHttpResponseCodec.java:53)
	at org.openqa.selenium.remote.HttpCommandExecutor.execute(HttpCommandExecutor.java:193)
	at org.openqa.selenium.remote.service.DriverCommandExecutor.invokeExecute(DriverCommandExecutor.java:183)
	at org.openqa.selenium.remote.service.DriverCommandExecutor.lambda$execute$1(DriverCommandExecutor.java:121)
	at java.base/java.util.concurrent.CompletableFuture$AsyncSupply.run(CompletableFuture.java:1768)
	at java.base/java.util.concurrent.ThreadPoolExecutor.runWorker(ThreadPoolExecutor.java:1136)
	at java.base/java.util.concurrent.ThreadPoolExecutor$Worker.run(ThreadPoolExecutor.java:635)
	at java.base/java.lang.Thread.run(Thread.java:833)
... Removed 5 stack frames</pre></div><a href='#' onClick='toggleBox("stack-trace1664479306", this, "Click to show all stack frames", "Click to hide stack frames")'>Click to show all stack frames</a>
<div class='stack-trace' id='stack-trace1664479306'><pre>org.openqa.selenium.NoSuchSessionException: Tried to run command without establishing a connection
Build info: version: &apos;4.8.3&apos;, revision: &apos;e5e76298c3&apos;
System info: os.name: &apos;Windows 10&apos;, os.arch: &apos;amd64&apos;, os.version: &apos;10.0&apos;, java.version: &apos;17.0.5&apos;
Driver info: org.openqa.selenium.firefox.FirefoxDriver
Command: [14f749dc-eca5-46fb-8fb1-f9eca0c92a51, quit {}]
Capabilities {acceptInsecureCerts: true, browserName: firefox, browserVersion: 111.0.1, moz:accessibilityChecks: false, moz:buildID: 20230321111920, moz:debuggerAddress: 127.0.0.1:13223, moz:geckodriverVersion: 0.33.0, moz:headless: false, moz:platformVersion: 10.0, moz:processID: 4048, moz:profile: C:\Users\arakshit\AppData\L..., moz:shutdownTimeout: 60000, moz:useNonSpecCompliantPointerOrigin: false, moz:webdriverClick: true, moz:windowless: false, pageLoadStrategy: normal, platformName: WINDOWS, proxy: Proxy(), se:cdp: ws://127.0.0.1:13223/devtoo..., se:cdpVersion: 85.0, setWindowRect: true, strictFileInteractability: false, timeouts: {implicit: 0, pageLoad: 300000, script: 30000}, unhandledPromptBehavior: dismiss and notify}
Session ID: 14f749dc-eca5-46fb-8fb1-f9eca0c92a51
	at java.base/jdk.internal.reflect.NativeConstructorAccessorImpl.newInstance0(Native Method)
	at java.base/jdk.internal.reflect.NativeConstructorAccessorImpl.newInstance(NativeConstructorAccessorImpl.java:77)
	at java.base/jdk.internal.reflect.DelegatingConstructorAccessorImpl.newInstance(DelegatingConstructorAccessorImpl.java:45)
	at java.base/java.lang.reflect.Constructor.newInstanceWithCaller(Constructor.java:499)
	at java.base/java.lang.reflect.Constructor.newInstance(Constructor.java:480)
	at org.openqa.selenium.remote.codec.w3c.W3CHttpResponseCodec.createException(W3CHttpResponseCodec.java:200)
	at org.openqa.selenium.remote.codec.w3c.W3CHttpResponseCodec.decode(W3CHttpResponseCodec.java:133)
	at org.openqa.selenium.remote.codec.w3c.W3CHttpResponseCodec.decode(W3CHttpResponseCodec.java:53)
	at org.openqa.selenium.remote.HttpCommandExecutor.execute(HttpCommandExecutor.java:193)
	at org.openqa.selenium.remote.service.DriverCommandExecutor.invokeExecute(DriverCommandExecutor.java:183)
	at org.openqa.selenium.remote.service.DriverCommandExecutor.lambda$execute$1(DriverCommandExecutor.java:121)
	at java.base/java.util.concurrent.CompletableFuture$AsyncSupply.run(CompletableFuture.java:1768)
	at java.base/java.util.concurrent.ThreadPoolExecutor.runWorker(ThreadPoolExecutor.java:1136)
	at java.base/java.util.concurrent.ThreadPoolExecutor$Worker.run(ThreadPoolExecutor.java:635)
	at java.base/java.lang.Thread.run(Thread.java:833)
</pre></div></td>
<td>7</td>
<td>TestSuite.WileyPLUS_Prod_Test_Suite@57a78e3</td></tr>
</table><p>
<table width='100%' border='1' class='invocation-passed'>
<tr><td colspan='4' align='center'><b>PASSED TESTS</b></td></tr>
<tr><td><b>Test method</b></td>
<td><b>Attribute(s)</b></td>
<td width="30%"><b>Exception</b></td>
<td width="10%"><b>Time (seconds)</b></td>
<td><b>Instance</b></td>
</tr>
<tr>
<td title='TestSuite.WileyPLUS_Prod_Test_Suite.TC15_Check_ISBN_Not_Preset_In_WileyPLUS_PDP()'><b>TC15_Check_ISBN_Not_Preset_In_WileyPLUS_PDP</b><br>Test class: TestSuite.WileyPLUS_Prod_Test_Suite</td>
<td></td>
<td>44</td>
<td>TestSuite.WileyPLUS_Prod_Test_Suite@57a78e3</td></tr>
<tr>
<td title='TestSuite.WileyPLUS_Prod_Test_Suite.TC04_Bundle_Search_For_WileyPLUS()'><b>TC04_Bundle_Search_For_WileyPLUS</b><br>Test class: TestSuite.WileyPLUS_Prod_Test_Suite</td>
<td></td>
<td>37</td>
<td>TestSuite.WileyPLUS_Prod_Test_Suite@57a78e3</td></tr>
<tr>
<td title='TestSuite.WileyPLUS_Prod_Test_Suite.TC11_New_Tab_Opened_After_Clicking_Login_To_WileyPLUS_Button()'><b>TC11_New_Tab_Opened_After_Clicking_Login_To_WileyPLUS_Button</b><br>Test class: TestSuite.WileyPLUS_Prod_Test_Suite</td>
<td></td>
<td>25</td>
<td>TestSuite.WileyPLUS_Prod_Test_Suite@57a78e3</td></tr>
<tr>
<td title='TestSuite.WileyPLUS_Prod_Test_Suite.TC10_WileyPLUS_Set_To_MultiTerm_Default()'><b>TC10_WileyPLUS_Set_To_MultiTerm_Default</b><br>Test class: TestSuite.WileyPLUS_Prod_Test_Suite</td>
<td></td>
<td>21</td>
<td>TestSuite.WileyPLUS_Prod_Test_Suite@57a78e3</td></tr>
<tr>
<td title='TestSuite.WileyPLUS_Prod_Test_Suite.TC05_Check_If_URL_Not_Truncated_For_WileyPLUS()'><b>TC05_Check_If_URL_Not_Truncated_For_WileyPLUS</b><br>Test class: TestSuite.WileyPLUS_Prod_Test_Suite</td>
<td></td>
<td>23</td>
<td>TestSuite.WileyPLUS_Prod_Test_Suite@57a78e3</td></tr>
<tr>
<td title='TestSuite.WileyPLUS_Prod_Test_Suite.TC03_EGRIP_Search_For_WileyPLUS()'><b>TC03_EGRIP_Search_For_WileyPLUS</b><br>Test class: TestSuite.WileyPLUS_Prod_Test_Suite</td>
<td></td>
<td>30</td>
<td>TestSuite.WileyPLUS_Prod_Test_Suite@57a78e3</td></tr>
<tr>
<td title='TestSuite.WileyPLUS_Prod_Test_Suite.TC09_PDP_UI_For_WileyPLUS()'><b>TC09_PDP_UI_For_WileyPLUS</b><br>Test class: TestSuite.WileyPLUS_Prod_Test_Suite</td>
<td></td>
<td>32</td>
<td>TestSuite.WileyPLUS_Prod_Test_Suite@57a78e3</td></tr>
<tr>
<td title='TestSuite.WileyPLUS_Prod_Test_Suite.TC02_PLP_For_WileyPLUS()'><b>TC02_PLP_For_WileyPLUS</b><br>Test class: TestSuite.WileyPLUS_Prod_Test_Suite</td>
<td></td>
<td>40</td>
<td>TestSuite.WileyPLUS_Prod_Test_Suite@57a78e3</td></tr>
<tr>
<td title='TestSuite.WileyPLUS_Prod_Test_Suite.TC07_Verify_Additional_UI_Adjustments_WileyPLUS_PDP()'><b>TC07_Verify_Additional_UI_Adjustments_WileyPLUS_PDP</b><br>Test class: TestSuite.WileyPLUS_Prod_Test_Suite</td>
<td></td>
<td>47</td>
<td>TestSuite.WileyPLUS_Prod_Test_Suite@57a78e3</td></tr>
<tr>
<td title='TestSuite.WileyPLUS_Prod_Test_Suite.TC01_SRP_For_WileyPLUS()'><b>TC01_SRP_For_WileyPLUS</b><br>Test class: TestSuite.WileyPLUS_Prod_Test_Suite</td>
<td></td>
<td>44</td>
<td>TestSuite.WileyPLUS_Prod_Test_Suite@57a78e3</td></tr>
<tr>
<td title='TestSuite.WileyPLUS_Prod_Test_Suite.TC08_Validate_Percentage_In_Multiple_Term()'><b>TC08_Validate_Percentage_In_Multiple_Term</b><br>Test class: TestSuite.WileyPLUS_Prod_Test_Suite</td>
<td></td>
<td>28</td>
<td>TestSuite.WileyPLUS_Prod_Test_Suite@57a78e3</td></tr>
<tr>
<td title='TestSuite.WileyPLUS_Prod_Test_Suite.TC06_Format_Facet_WileyPLUS()'><b>TC06_Format_Facet_WileyPLUS</b><br>Test class: TestSuite.WileyPLUS_Prod_Test_Suite</td>
<td></td>
<td>24</td>
<td>TestSuite.WileyPLUS_Prod_Test_Suite@57a78e3</td></tr>
</table><p>
</body>
</html>