<?xml version="1.0" encoding="UTF-8"?>
<!-- Generated by org.testng.reporters.JUnitXMLReporter -->
<testsuite ignored="3" hostname="ZAUSV-ARAKSHI" failures="0" tests="12" name="VET_Test_Suite" time="372.721" errors="0" timestamp="2023-04-18T12:37:32 IST">
  <testcase classname="utilities.DriverModule" name="@AfterTest CloseBrowser" time="5.208">
    <failure type="org.openqa.selenium.NoSuchSessionException" message="Tried to run command without establishing a connection
Build info: version: &amp;apos;4.8.3&amp;apos;, revision: &amp;apos;e5e76298c3&amp;apos;
System info: os.name: &amp;apos;Windows 10&amp;apos;, os.arch: &amp;apos;amd64&amp;apos;, os.version: &amp;apos;10.0&amp;apos;, java.version: &amp;apos;17.0.5&amp;apos;
Driver info: org.openqa.selenium.firefox.FirefoxDriver
Command: [5989c4fc-1061-4496-96bd-efcfd67a05e2, quit {}]
Capabilities {acceptInsecureCerts: true, browserName: firefox, browserVersion: 111.0.1, moz:accessibilityChecks: false, moz:buildID: 20230321111920, moz:debuggerAddress: 127.0.0.1:38095, moz:geckodriverVersion: 0.33.0, moz:headless: false, moz:platformVersion: 10.0, moz:processID: 5600, moz:profile: C:\Users\arakshit\AppData\L..., moz:shutdownTimeout: 60000, moz:useNonSpecCompliantPointerOrigin: false, moz:webdriverClick: true, moz:windowless: false, pageLoadStrategy: normal, platformName: WINDOWS, proxy: Proxy(), se:cdp: ws://127.0.0.1:38095/devtoo..., se:cdpVersion: 85.0, setWindowRect: true, strictFileInteractability: false, timeouts: {implicit: 0, pageLoad: 300000, script: 30000}, unhandledPromptBehavior: dismiss and notify}
Session ID: 5989c4fc-1061-4496-96bd-efcfd67a05e2">
      <![CDATA[org.openqa.selenium.NoSuchSessionException: Tried to run command without establishing a connection
Build info: version: '4.8.3', revision: 'e5e76298c3'
System info: os.name: 'Windows 10', os.arch: 'amd64', os.version: '10.0', java.version: '17.0.5'
Driver info: org.openqa.selenium.firefox.FirefoxDriver
Command: [5989c4fc-1061-4496-96bd-efcfd67a05e2, quit {}]
Capabilities {acceptInsecureCerts: true, browserName: firefox, browserVersion: 111.0.1, moz:accessibilityChecks: false, moz:buildID: 20230321111920, moz:debuggerAddress: 127.0.0.1:38095, moz:geckodriverVersion: 0.33.0, moz:headless: false, moz:platformVersion: 10.0, moz:processID: 5600, moz:profile: C:\Users\arakshit\AppData\L..., moz:shutdownTimeout: 60000, moz:useNonSpecCompliantPointerOrigin: false, moz:webdriverClick: true, moz:windowless: false, pageLoadStrategy: normal, platformName: WINDOWS, proxy: Proxy(), se:cdp: ws://127.0.0.1:38095/devtoo..., se:cdpVersion: 85.0, setWindowRect: true, strictFileInteractability: false, timeouts: {implicit: 0, pageLoad: 300000, script: 30000}, unhandledPromptBehavior: dismiss and notify}
Session ID: 5989c4fc-1061-4496-96bd-efcfd67a05e2
at org.openqa.selenium.remote.codec.w3c.W3CHttpResponseCodec.createException(W3CHttpResponseCodec.java:200)
at org.openqa.selenium.remote.codec.w3c.W3CHttpResponseCodec.decode(W3CHttpResponseCodec.java:133)
at org.openqa.selenium.remote.codec.w3c.W3CHttpResponseCodec.decode(W3CHttpResponseCodec.java:53)
at org.openqa.selenium.remote.HttpCommandExecutor.execute(HttpCommandExecutor.java:193)
at org.openqa.selenium.remote.service.DriverCommandExecutor.invokeExecute(DriverCommandExecutor.java:183)
at org.openqa.selenium.remote.service.DriverCommandExecutor.lambda$execute$1(DriverCommandExecutor.java:121)
at java.base/java.util.concurrent.CompletableFuture$AsyncSupply.run(CompletableFuture.java:1768)
at java.base/java.util.concurrent.ThreadPoolExecutor.runWorker(ThreadPoolExecutor.java:1136)
at java.base/java.util.concurrent.ThreadPoolExecutor$Worker.run(ThreadPoolExecutor.java:635)
at java.base/java.lang.Thread.run(Thread.java:833)
... Removed 5 stack frames]]>
    </failure>
  </testcase> <!-- @AfterTest CloseBrowser -->
  <testcase classname="TestSuite.WileyPLUS_Prod_Test_Suite" name="TC01_SRP_For_WileyPLUS" time="38.429"/>
  <testcase classname="TestSuite.WileyPLUS_Prod_Test_Suite" name="TC02_PLP_For_WileyPLUS" time="37.413"/>
  <testcase classname="TestSuite.WileyPLUS_Prod_Test_Suite" name="TC03_EGRIP_Search_For_WileyPLUS" time="25.872"/>
  <testcase classname="TestSuite.WileyPLUS_Prod_Test_Suite" name="TC04_Bundle_Search_For_WileyPLUS" time="27.787"/>
  <testcase classname="TestSuite.WileyPLUS_Prod_Test_Suite" name="TC05_Check_If_URL_Not_Truncated_For_WileyPLUS" time="23.271"/>
  <testcase classname="TestSuite.WileyPLUS_Prod_Test_Suite" name="TC06_Format_Facet_WileyPLUS" time="23.938"/>
  <testcase classname="TestSuite.WileyPLUS_Prod_Test_Suite" name="TC07_Verify_Additional_UI_Adjustments_WileyPLUS_PDP" time="50.122"/>
  <testcase classname="TestSuite.WileyPLUS_Prod_Test_Suite" name="TC08_Validate_Percentage_In_Multiple_Term" time="25.882"/>
  <testcase classname="TestSuite.WileyPLUS_Prod_Test_Suite" name="TC09_PDP_UI_For_WileyPLUS" time="32.448"/>
  <testcase classname="TestSuite.WileyPLUS_Prod_Test_Suite" name="TC10_WileyPLUS_Set_To_MultiTerm_Default" time="24.505"/>
  <testcase classname="TestSuite.WileyPLUS_Prod_Test_Suite" name="TC11_New_Tab_Opened_After_Clicking_Login_To_WileyPLUS_Button" time="23.845"/>
  <testcase classname="TestSuite.WileyPLUS_Prod_Test_Suite" name="TC15_Check_ISBN_Not_Preset_In_WileyPLUS_PDP" time="23.267"/>
  <testcase classname="TestSuite.WileyPLUS_Prod_Test_Suite" name="TC12_Add_WileyPLUS_Product_To_Cart" time="0.0">
    <ignored/>
  </testcase> <!-- TC12_Add_WileyPLUS_Product_To_Cart -->
  <testcase classname="TestSuite.WileyPLUS_Prod_Test_Suite" name="TC14_Global_Country_List_In_Billing" time="0.0">
    <ignored/>
  </testcase> <!-- TC14_Global_Country_List_In_Billing -->
  <testcase classname="TestSuite.WileyPLUS_Prod_Test_Suite" name="TC13_Global_Country_List_In_Shipping" time="0.0">
    <ignored/>
  </testcase> <!-- TC13_Global_Country_List_In_Shipping -->
</testsuite> <!-- VET_Test_Suite -->
