<html>
<head>
<title>TestNG:  Wiley_Test_Suite</title>
<link href="../testng.css" rel="stylesheet" type="text/css" />
<link href="../my-testng.css" rel="stylesheet" type="text/css" />

<style type="text/css">
.log { display: none;} 
.stack-trace { display: none;} 
</style>
<script type="text/javascript">
<!--
function flip(e) {
  current = e.style.display;
  if (current == 'block') {
    e.style.display = 'none';
    return 0;
  }
  else {
    e.style.display = 'block';
    return 1;
  }
}

function toggleBox(szDivId, elem, msg1, msg2)
{
  var res = -1;  if (document.getElementById) {
    res = flip(document.getElementById(szDivId));
  }
  else if (document.all) {
    // this is the way old msie versions work
    res = flip(document.all[szDivId]);
  }
  if(elem) {
    if(res == 0) elem.innerHTML = msg1; else elem.innerHTML = msg2;
  }

}

function toggleAllBoxes() {
  if (document.getElementsByTagName) {
    d = document.getElementsByTagName('div');
    for (i = 0; i < d.length; i++) {
      if (d[i].className == 'log') {
        flip(d[i]);
      }
    }
  }
}

// -->
</script>

</head>
<body>
<h2 align='center'>Wiley_Test_Suite</h2><table border='1' align="center">
<tr>
<td>Tests passed/Failed/Skipped:</td><td>32/1/0</td>
</tr><tr>
<td>Started on:</td><td>Tue Jan 24 19:11:28 IST 2023</td>
</tr>
<tr><td>Total time:</td><td>3435 seconds (3435612 ms)</td>
</tr><tr>
<td>Included groups:</td><td></td>
</tr><tr>
<td>Excluded groups:</td><td></td>
</tr>
</table><p/>
<small><i>(Hover the method name to see the test class name)</i></small><p/>
<table width='100%' border='1' class='invocation-failed'>
<tr><td colspan='4' align='center'><b>FAILED TESTS</b></td></tr>
<tr><td><b>Test method</b></td>
<td><b>Attribute(s)</b></td>
<td width="30%"><b>Exception</b></td>
<td width="10%"><b>Time (seconds)</b></td>
<td><b>Instance</b></td>
</tr>
<tr>
<td title='Test_Suite.Vet_Test_Suite.TC08_Eloqua_validation()'><b>TC08_Eloqua_validation</b><br>Test class: Test_Suite.Vet_Test_Suite</td>
<td><div><pre>org.openqa.selenium.NoAlertPresentException: no such alert
  (Session info: chrome=109.0.5414.75)
Build info: version: &apos;4.6.0&apos;, revision: &apos;79f1c02ae20&apos;
System info: os.name: &apos;Windows 10&apos;, os.arch: &apos;amd64&apos;, os.version: &apos;10.0&apos;, java.version: &apos;18.0.1&apos;
Driver info: org.openqa.selenium.chrome.ChromeDriver
Command: [2e6460bd9a54baf341d4d68de0187e2f, getAlertText {}]
Capabilities {acceptInsecureCerts: false, browserName: chrome, browserVersion: 109.0.5414.75, chrome: {chromedriverVersion: 109.0.5414.74 (e7c5703604da..., userDataDir: C:\Users\gsaha\AppData\Loca...}, goog:chromeOptions: {debuggerAddress: localhost:58201}, networkConnectionEnabled: false, pageLoadStrategy: normal, platformName: WINDOWS, proxy: Proxy(), se:cdp: ws://localhost:58201/devtoo..., se:cdpVersion: 109.0.5414.75, setWindowRect: true, strictFileInteractability: false, timeouts: {implicit: 0, pageLoad: 300000, script: 30000}, unhandledPromptBehavior: dismiss and notify, webauthn:extension:credBlob: true, webauthn:extension:largeBlob: true, webauthn:virtualAuthenticators: true}
Session ID: 2e6460bd9a54baf341d4d68de0187e2f
	at org.openqa.selenium.remote.codec.w3c.W3CHttpResponseCodec.createException(W3CHttpResponseCodec.java:200)
	at org.openqa.selenium.remote.codec.w3c.W3CHttpResponseCodec.decode(W3CHttpResponseCodec.java:133)
	at org.openqa.selenium.remote.codec.w3c.W3CHttpResponseCodec.decode(W3CHttpResponseCodec.java:53)
	at org.openqa.selenium.remote.HttpCommandExecutor.execute(HttpCommandExecutor.java:184)
	at org.openqa.selenium.remote.service.DriverCommandExecutor.invokeExecute(DriverCommandExecutor.java:167)
	at org.openqa.selenium.remote.service.DriverCommandExecutor.execute(DriverCommandExecutor.java:142)
	at org.openqa.selenium.remote.RemoteWebDriver.execute(RemoteWebDriver.java:541)
	at org.openqa.selenium.remote.RemoteWebDriver.execute(RemoteWebDriver.java:596)
	at org.openqa.selenium.remote.RemoteWebDriver.execute(RemoteWebDriver.java:600)
	at org.openqa.selenium.remote.RemoteWebDriver$RemoteTargetLocator.alert(RemoteWebDriver.java:1078)
	at Test_Suite.Vet_Test_Suite.TC08_Eloqua_validation(Vet_Test_Suite.java:1069)
	at java.base/java.util.concurrent.ThreadPoolExecutor.runWorker(ThreadPoolExecutor.java:1136)
	at java.base/java.util.concurrent.ThreadPoolExecutor$Worker.run(ThreadPoolExecutor.java:635)
	at java.base/java.lang.Thread.run(Thread.java:833)
... Removed 13 stack frames</pre></div><a href='#' onClick='toggleBox("stack-trace212447199", this, "Click to show all stack frames", "Click to hide stack frames")'>Click to show all stack frames</a>
<div class='stack-trace' id='stack-trace212447199'><pre>org.openqa.selenium.NoAlertPresentException: no such alert
  (Session info: chrome=109.0.5414.75)
Build info: version: &apos;4.6.0&apos;, revision: &apos;79f1c02ae20&apos;
System info: os.name: &apos;Windows 10&apos;, os.arch: &apos;amd64&apos;, os.version: &apos;10.0&apos;, java.version: &apos;18.0.1&apos;
Driver info: org.openqa.selenium.chrome.ChromeDriver
Command: [2e6460bd9a54baf341d4d68de0187e2f, getAlertText {}]
Capabilities {acceptInsecureCerts: false, browserName: chrome, browserVersion: 109.0.5414.75, chrome: {chromedriverVersion: 109.0.5414.74 (e7c5703604da..., userDataDir: C:\Users\gsaha\AppData\Loca...}, goog:chromeOptions: {debuggerAddress: localhost:58201}, networkConnectionEnabled: false, pageLoadStrategy: normal, platformName: WINDOWS, proxy: Proxy(), se:cdp: ws://localhost:58201/devtoo..., se:cdpVersion: 109.0.5414.75, setWindowRect: true, strictFileInteractability: false, timeouts: {implicit: 0, pageLoad: 300000, script: 30000}, unhandledPromptBehavior: dismiss and notify, webauthn:extension:credBlob: true, webauthn:extension:largeBlob: true, webauthn:virtualAuthenticators: true}
Session ID: 2e6460bd9a54baf341d4d68de0187e2f
	at java.base/jdk.internal.reflect.DirectConstructorHandleAccessor.newInstance(DirectConstructorHandleAccessor.java:67)
	at java.base/java.lang.reflect.Constructor.newInstanceWithCaller(Constructor.java:499)
	at java.base/java.lang.reflect.Constructor.newInstance(Constructor.java:483)
	at org.openqa.selenium.remote.codec.w3c.W3CHttpResponseCodec.createException(W3CHttpResponseCodec.java:200)
	at org.openqa.selenium.remote.codec.w3c.W3CHttpResponseCodec.decode(W3CHttpResponseCodec.java:133)
	at org.openqa.selenium.remote.codec.w3c.W3CHttpResponseCodec.decode(W3CHttpResponseCodec.java:53)
	at org.openqa.selenium.remote.HttpCommandExecutor.execute(HttpCommandExecutor.java:184)
	at org.openqa.selenium.remote.service.DriverCommandExecutor.invokeExecute(DriverCommandExecutor.java:167)
	at org.openqa.selenium.remote.service.DriverCommandExecutor.execute(DriverCommandExecutor.java:142)
	at org.openqa.selenium.remote.RemoteWebDriver.execute(RemoteWebDriver.java:541)
	at org.openqa.selenium.remote.RemoteWebDriver.execute(RemoteWebDriver.java:596)
	at org.openqa.selenium.remote.RemoteWebDriver.execute(RemoteWebDriver.java:600)
	at org.openqa.selenium.remote.RemoteWebDriver$RemoteTargetLocator.alert(RemoteWebDriver.java:1078)
	at Test_Suite.Vet_Test_Suite.TC08_Eloqua_validation(Vet_Test_Suite.java:1069)
	at java.base/jdk.internal.reflect.DirectMethodHandleAccessor.invoke(DirectMethodHandleAccessor.java:104)
	at java.base/java.lang.reflect.Method.invoke(Method.java:577)
	at org.testng.internal.invokers.MethodInvocationHelper.invokeMethod(MethodInvocationHelper.java:139)
	at org.testng.internal.invokers.TestInvoker.invokeMethod(TestInvoker.java:677)
	at org.testng.internal.invokers.TestInvoker.invokeTestMethod(TestInvoker.java:221)
	at org.testng.internal.invokers.MethodRunner.runInSequence(MethodRunner.java:50)
	at org.testng.internal.invokers.TestInvoker$MethodInvocationAgent.invoke(TestInvoker.java:962)
	at org.testng.internal.invokers.TestInvoker.invokeTestMethods(TestInvoker.java:194)
	at org.testng.internal.invokers.TestMethodWorker.invokeTestMethods(TestMethodWorker.java:148)
	at org.testng.internal.invokers.TestMethodWorker.run(TestMethodWorker.java:128)
	at java.base/java.util.concurrent.ThreadPoolExecutor.runWorker(ThreadPoolExecutor.java:1136)
	at java.base/java.util.concurrent.ThreadPoolExecutor$Worker.run(ThreadPoolExecutor.java:635)
	at java.base/java.lang.Thread.run(Thread.java:833)
</pre></div></td>
<td>155</td>
<td>Test_Suite.Vet_Test_Suite@5b218417</td></tr>
</table><p>
<table width='100%' border='1' class='invocation-passed'>
<tr><td colspan='4' align='center'><b>PASSED TESTS</b></td></tr>
<tr><td><b>Test method</b></td>
<td><b>Attribute(s)</b></td>
<td width="30%"><b>Exception</b></td>
<td width="10%"><b>Time (seconds)</b></td>
<td><b>Instance</b></td>
</tr>
<tr>
<td title='Test_Suite.AGS_Test_Suite.TC13_Edit_Card_Details()'><b>TC13_Edit_Card_Details</b><br>Test class: Test_Suite.AGS_Test_Suite</td>
<td></td>
<td>187</td>
<td>Test_Suite.AGS_Test_Suite@909217e</td></tr>
<tr>
<td title='Test_Suite.Vet_Test_Suite.TC07_Verify_Tax()'><b>TC07_Verify_Tax</b><br>Test class: Test_Suite.Vet_Test_Suite</td>
<td></td>
<td>244</td>
<td>Test_Suite.Vet_Test_Suite@5b218417</td></tr>
<tr>
<td title='Test_Suite.Vet_Test_Suite.TC11_Place_Order_With_Promo_Code()'><b>TC11_Place_Order_With_Promo_Code</b><br>Test class: Test_Suite.Vet_Test_Suite</td>
<td></td>
<td>227</td>
<td>Test_Suite.Vet_Test_Suite@5b218417</td></tr>
<tr>
<td title='Test_Suite.Vet_Test_Suite.TC05_Reset_Password_My_Account()'><b>TC05_Reset_Password_My_Account</b><br>Test class: Test_Suite.Vet_Test_Suite</td>
<td></td>
<td>135</td>
<td>Test_Suite.Vet_Test_Suite@5b218417</td></tr>
<tr>
<td title='Test_Suite.Vet_Test_Suite.TC18_ZeroOrder()'><b>TC18_ZeroOrder</b><br>Test class: Test_Suite.Vet_Test_Suite</td>
<td></td>
<td>133</td>
<td>Test_Suite.Vet_Test_Suite@5b218417</td></tr>
<tr>
<td title='Test_Suite.Vet_Test_Suite.TC01_Anonymous_User_Registration()'><b>TC01_Anonymous_User_Registration</b><br>Test class: Test_Suite.Vet_Test_Suite</td>
<td></td>
<td>299</td>
<td>Test_Suite.Vet_Test_Suite@5b218417</td></tr>
<tr>
<td title='Test_Suite.AGS_Test_Suite.TC04_Reset_Password_My_Account()'><b>TC04_Reset_Password_My_Account</b><br>Test class: Test_Suite.AGS_Test_Suite</td>
<td></td>
<td>166</td>
<td>Test_Suite.AGS_Test_Suite@909217e</td></tr>
<tr>
<td title='Test_Suite.Vet_Test_Suite.TC03_StandaloneLogin()'><b>TC03_StandaloneLogin</b><br>Test class: Test_Suite.Vet_Test_Suite</td>
<td></td>
<td>55</td>
<td>Test_Suite.Vet_Test_Suite@5b218417</td></tr>
<tr>
<td title='Test_Suite.AGS_Test_Suite.TC08_Place_Order_With_Discount_Code()'><b>TC08_Place_Order_With_Discount_Code</b><br>Test class: Test_Suite.AGS_Test_Suite</td>
<td></td>
<td>299</td>
<td>Test_Suite.AGS_Test_Suite@909217e</td></tr>
<tr>
<td title='Test_Suite.AGS_Test_Suite.TC05_ResetPasswordFromLoginPage()'><b>TC05_ResetPasswordFromLoginPage</b><br>Test class: Test_Suite.AGS_Test_Suite</td>
<td></td>
<td>92</td>
<td>Test_Suite.AGS_Test_Suite@909217e</td></tr>
<tr>
<td title='Test_Suite.Vet_Test_Suite.TC16_Manage_Subscription()'><b>TC16_Manage_Subscription</b><br>Test class: Test_Suite.Vet_Test_Suite</td>
<td></td>
<td>43</td>
<td>Test_Suite.Vet_Test_Suite@5b218417</td></tr>
<tr>
<td title='Test_Suite.AGS_Test_Suite.TC11_Edit_Profile()'><b>TC11_Edit_Profile</b><br>Test class: Test_Suite.AGS_Test_Suite</td>
<td></td>
<td>76</td>
<td>Test_Suite.AGS_Test_Suite@909217e</td></tr>
<tr>
<td title='Test_Suite.Vet_Test_Suite.TC06_ResetPasswordFromLoginPage()'><b>TC06_ResetPasswordFromLoginPage</b><br>Test class: Test_Suite.Vet_Test_Suite</td>
<td></td>
<td>161</td>
<td>Test_Suite.Vet_Test_Suite@5b218417</td></tr>
<tr>
<td title='Test_Suite.Vet_Test_Suite.TC12_PlaceOrderwithNonUSAddress()'><b>TC12_PlaceOrderwithNonUSAddress</b><br>Test class: Test_Suite.Vet_Test_Suite</td>
<td></td>
<td>370</td>
<td>Test_Suite.Vet_Test_Suite@5b218417</td></tr>
<tr>
<td title='Test_Suite.Vet_Test_Suite.TC04_Login_During_Checkout()'><b>TC04_Login_During_Checkout</b><br>Test class: Test_Suite.Vet_Test_Suite</td>
<td></td>
<td>254</td>
<td>Test_Suite.Vet_Test_Suite@5b218417</td></tr>
<tr>
<td title='Test_Suite.Vet_Test_Suite.TC02_Create_Account()'><b>TC02_Create_Account</b><br>Test class: Test_Suite.Vet_Test_Suite</td>
<td></td>
<td>104</td>
<td>Test_Suite.Vet_Test_Suite@5b218417</td></tr>
<tr>
<td title='Test_Suite.Vet_Test_Suite.TC20_Edit_Billing_address_in_my_account()'><b>TC20_Edit_Billing_address_in_my_account</b><br>Test class: Test_Suite.Vet_Test_Suite</td>
<td></td>
<td>122</td>
<td>Test_Suite.Vet_Test_Suite@5b218417</td></tr>
<tr>
<td title='Test_Suite.Vet_Test_Suite.TC15_ValidationOrdersinBO()'><b>TC15_ValidationOrdersinBO</b><br>Test class: Test_Suite.Vet_Test_Suite</td>
<td></td>
<td>257</td>
<td>Test_Suite.Vet_Test_Suite@5b218417</td></tr>
<tr>
<td title='Test_Suite.AGS_Test_Suite.TC09_Place_Order_With_Existing_User()'><b>TC09_Place_Order_With_Existing_User</b><br>Test class: Test_Suite.AGS_Test_Suite</td>
<td></td>
<td>333</td>
<td>Test_Suite.AGS_Test_Suite@909217e</td></tr>
<tr>
<td title='Test_Suite.Vet_Test_Suite.TC21_Riskified_Declined_Order()'><b>TC21_Riskified_Declined_Order</b><br>Test class: Test_Suite.Vet_Test_Suite</td>
<td></td>
<td>156</td>
<td>Test_Suite.Vet_Test_Suite@5b218417</td></tr>
<tr>
<td title='Test_Suite.AGS_Test_Suite.TC07_Verify_tax_Non_US_Address()'><b>TC07_Verify_tax_Non_US_Address</b><br>Test class: Test_Suite.AGS_Test_Suite</td>
<td></td>
<td>291</td>
<td>Test_Suite.AGS_Test_Suite@909217e</td></tr>
<tr>
<td title='Test_Suite.AGS_Test_Suite.TC12_Edit_Billing_Address()'><b>TC12_Edit_Billing_Address</b><br>Test class: Test_Suite.AGS_Test_Suite</td>
<td></td>
<td>135</td>
<td>Test_Suite.AGS_Test_Suite@909217e</td></tr>
<tr>
<td title='Test_Suite.Vet_Test_Suite.Data_Preparation()'><b>Data_Preparation</b><br>Test class: Test_Suite.Vet_Test_Suite</td>
<td></td>
<td>461</td>
<td>Test_Suite.Vet_Test_Suite@5b218417</td></tr>
<tr>
<td title='Test_Suite.AGS_Test_Suite.TC15_Riskified_Declined_Order()'><b>TC15_Riskified_Declined_Order</b><br>Test class: Test_Suite.AGS_Test_Suite</td>
<td></td>
<td>234</td>
<td>Test_Suite.AGS_Test_Suite@909217e</td></tr>
<tr>
<td title='Test_Suite.AGS_Test_Suite.TC14_Manage_Subscription_Auto_Renew_Toggle_validation()'><b>TC14_Manage_Subscription_Auto_Renew_Toggle_validation</b><br>Test class: Test_Suite.AGS_Test_Suite</td>
<td></td>
<td>135</td>
<td>Test_Suite.AGS_Test_Suite@909217e</td></tr>
<tr>
<td title='Test_Suite.AGS_Test_Suite.TC01_Anonymous_User_Registration()'><b>TC01_Anonymous_User_Registration</b><br>Test class: Test_Suite.AGS_Test_Suite</td>
<td></td>
<td>301</td>
<td>Test_Suite.AGS_Test_Suite@909217e</td></tr>
<tr>
<td title='Test_Suite.Vet_Test_Suite.TC19_Edit_Profile_from_my_account_page()'><b>TC19_Edit_Profile_from_my_account_page</b><br>Test class: Test_Suite.Vet_Test_Suite</td>
<td></td>
<td>79</td>
<td>Test_Suite.Vet_Test_Suite@5b218417</td></tr>
<tr>
<td title='Test_Suite.Vet_Test_Suite.TC17_Auto_Renew_Toggle_validation()'><b>TC17_Auto_Renew_Toggle_validation</b><br>Test class: Test_Suite.Vet_Test_Suite</td>
<td></td>
<td>158</td>
<td>Test_Suite.Vet_Test_Suite@5b218417</td></tr>
<tr>
<td title='Test_Suite.AGS_Test_Suite.TC10_Place_Order_Non_US_Address()'><b>TC10_Place_Order_Non_US_Address</b><br>Test class: Test_Suite.AGS_Test_Suite</td>
<td></td>
<td>390</td>
<td>Test_Suite.AGS_Test_Suite@909217e</td></tr>
<tr>
<td title='Test_Suite.AGS_Test_Suite.TC02_User_Submit_Order_Monthly()'><b>TC02_User_Submit_Order_Monthly</b><br>Test class: Test_Suite.AGS_Test_Suite</td>
<td></td>
<td>229</td>
<td>Test_Suite.AGS_Test_Suite@909217e</td></tr>
<tr>
<td title='Test_Suite.AGS_Test_Suite.TC06_Zero_Dollar_Flow()'><b>TC06_Zero_Dollar_Flow</b><br>Test class: Test_Suite.AGS_Test_Suite</td>
<td></td>
<td>208</td>
<td>Test_Suite.AGS_Test_Suite@909217e</td></tr>
<tr>
<td title='Test_Suite.AGS_Test_Suite.TC03_Standalone_Registration_and_Login()'><b>TC03_Standalone_Registration_and_Login</b><br>Test class: Test_Suite.AGS_Test_Suite</td>
<td></td>
<td>142</td>
<td>Test_Suite.AGS_Test_Suite@909217e</td></tr>
</table><p>
</body>
</html>