<?xml version="1.0" encoding="UTF-8"?>
<!-- Generated by org.testng.reporters.JUnitXMLReporter -->
<testsuite ignored="2" hostname="ZAUSV-GSAHA" failures="1" tests="33" name="Wiley_Test_Suite" time="3435.612" errors="0" timestamp="2023-01-24T20:08:44 IST">
  <testcase classname="Test_Suite.AGS_Test_Suite" name="TC01_Anonymous_User_Registration" time="301.616"/>
  <testcase classname="Test_Suite.Vet_Test_Suite" name="Data_Preparation" time="461.817"/>
  <testcase classname="Test_Suite.AGS_Test_Suite" name="TC02_User_Submit_Order_Monthly" time="229.542"/>
  <testcase classname="Test_Suite.AGS_Test_Suite" name="TC03_Standalone_Registration_and_Login" time="142.134"/>
  <testcase classname="Test_Suite.Vet_Test_Suite" name="TC01_Anonymous_User_Registration" time="299.829"/>
  <testcase classname="Test_Suite.AGS_Test_Suite" name="TC04_Reset_Password_My_Account" time="166.967"/>
  <testcase classname="Test_Suite.Vet_Test_Suite" name="TC02_Create_Account" time="104.223"/>
  <testcase classname="Test_Suite.Vet_Test_Suite" name="TC03_StandaloneLogin" time="55.045"/>
  <testcase classname="Test_Suite.AGS_Test_Suite" name="TC05_ResetPasswordFromLoginPage" time="92.098"/>
  <testcase classname="Test_Suite.AGS_Test_Suite" name="TC06_Zero_Dollar_Flow" time="208.132"/>
  <testcase classname="Test_Suite.Vet_Test_Suite" name="TC04_Login_During_Checkout" time="254.366"/>
  <testcase classname="Test_Suite.Vet_Test_Suite" name="TC05_Reset_Password_My_Account" time="135.156"/>
  <testcase classname="Test_Suite.AGS_Test_Suite" name="TC07_Verify_tax_Non_US_Address" time="291.796"/>
  <testcase classname="Test_Suite.Vet_Test_Suite" name="TC06_ResetPasswordFromLoginPage" time="161.238"/>
  <testcase classname="Test_Suite.Vet_Test_Suite" name="TC07_Verify_Tax" time="244.756"/>
  <testcase classname="Test_Suite.AGS_Test_Suite" name="TC08_Place_Order_With_Discount_Code" time="299.148"/>
  <testcase classname="Test_Suite.Vet_Test_Suite" name="TC08_Eloqua_validation" time="155.488">
    <failure type="org.openqa.selenium.NoAlertPresentException" message="no such alert
  (Session info: chrome=109.0.5414.75)
Build info: version: &amp;apos;4.6.0&amp;apos;, revision: &amp;apos;79f1c02ae20&amp;apos;
System info: os.name: &amp;apos;Windows 10&amp;apos;, os.arch: &amp;apos;amd64&amp;apos;, os.version: &amp;apos;10.0&amp;apos;, java.version: &amp;apos;18.0.1&amp;apos;
Driver info: org.openqa.selenium.chrome.ChromeDriver
Command: [2e6460bd9a54baf341d4d68de0187e2f, getAlertText {}]
Capabilities {acceptInsecureCerts: false, browserName: chrome, browserVersion: 109.0.5414.75, chrome: {chromedriverVersion: 109.0.5414.74 (e7c5703604da..., userDataDir: C:\Users\gsaha\AppData\Loca...}, goog:chromeOptions: {debuggerAddress: localhost:58201}, networkConnectionEnabled: false, pageLoadStrategy: normal, platformName: WINDOWS, proxy: Proxy(), se:cdp: ws://localhost:58201/devtoo..., se:cdpVersion: 109.0.5414.75, setWindowRect: true, strictFileInteractability: false, timeouts: {implicit: 0, pageLoad: 300000, script: 30000}, unhandledPromptBehavior: dismiss and notify, webauthn:extension:credBlob: true, webauthn:extension:largeBlob: true, webauthn:virtualAuthenticators: true}
Session ID: 2e6460bd9a54baf341d4d68de0187e2f">
      <![CDATA[org.openqa.selenium.NoAlertPresentException: no such alert
  (Session info: chrome=109.0.5414.75)
Build info: version: '4.6.0', revision: '79f1c02ae20'
System info: os.name: 'Windows 10', os.arch: 'amd64', os.version: '10.0', java.version: '18.0.1'
Driver info: org.openqa.selenium.chrome.ChromeDriver
Command: [2e6460bd9a54baf341d4d68de0187e2f, getAlertText {}]
Capabilities {acceptInsecureCerts: false, browserName: chrome, browserVersion: 109.0.5414.75, chrome: {chromedriverVersion: 109.0.5414.74 (e7c5703604da..., userDataDir: C:\Users\gsaha\AppData\Loca...}, goog:chromeOptions: {debuggerAddress: localhost:58201}, networkConnectionEnabled: false, pageLoadStrategy: normal, platformName: WINDOWS, proxy: Proxy(), se:cdp: ws://localhost:58201/devtoo..., se:cdpVersion: 109.0.5414.75, setWindowRect: true, strictFileInteractability: false, timeouts: {implicit: 0, pageLoad: 300000, script: 30000}, unhandledPromptBehavior: dismiss and notify, webauthn:extension:credBlob: true, webauthn:extension:largeBlob: true, webauthn:virtualAuthenticators: true}
Session ID: 2e6460bd9a54baf341d4d68de0187e2f
at org.openqa.selenium.remote.codec.w3c.W3CHttpResponseCodec.createException(W3CHttpResponseCodec.java:200)
at org.openqa.selenium.remote.codec.w3c.W3CHttpResponseCodec.decode(W3CHttpResponseCodec.java:133)
at org.openqa.selenium.remote.codec.w3c.W3CHttpResponseCodec.decode(W3CHttpResponseCodec.java:53)
at org.openqa.selenium.remote.HttpCommandExecutor.execute(HttpCommandExecutor.java:184)
at org.openqa.selenium.remote.service.DriverCommandExecutor.invokeExecute(DriverCommandExecutor.java:167)
at org.openqa.selenium.remote.service.DriverCommandExecutor.execute(DriverCommandExecutor.java:142)
at org.openqa.selenium.remote.RemoteWebDriver.execute(RemoteWebDriver.java:541)
at org.openqa.selenium.remote.RemoteWebDriver.execute(RemoteWebDriver.java:596)
at org.openqa.selenium.remote.RemoteWebDriver.execute(RemoteWebDriver.java:600)
at org.openqa.selenium.remote.RemoteWebDriver$RemoteTargetLocator.alert(RemoteWebDriver.java:1078)
at Test_Suite.Vet_Test_Suite.TC08_Eloqua_validation(Vet_Test_Suite.java:1069)
at java.base/java.util.concurrent.ThreadPoolExecutor.runWorker(ThreadPoolExecutor.java:1136)
at java.base/java.util.concurrent.ThreadPoolExecutor$Worker.run(ThreadPoolExecutor.java:635)
at java.base/java.lang.Thread.run(Thread.java:833)
... Removed 13 stack frames]]>
    </failure>
  </testcase> <!-- TC08_Eloqua_validation -->
  <testcase classname="Test_Suite.AGS_Test_Suite" name="TC09_Place_Order_With_Existing_User" time="333.137"/>
  <testcase classname="Test_Suite.Vet_Test_Suite" name="TC11_Place_Order_With_Promo_Code" time="227.656"/>
  <testcase classname="Test_Suite.AGS_Test_Suite" name="TC10_Place_Order_Non_US_Address" time="390.152"/>
  <testcase classname="Test_Suite.Vet_Test_Suite" name="TC12_PlaceOrderwithNonUSAddress" time="370.051"/>
  <testcase classname="Test_Suite.AGS_Test_Suite" name="TC11_Edit_Profile" time="76.094"/>
  <testcase classname="Test_Suite.AGS_Test_Suite" name="TC12_Edit_Billing_Address" time="135.059"/>
  <testcase classname="Test_Suite.Vet_Test_Suite" name="TC15_ValidationOrdersinBO" time="257.676"/>
  <testcase classname="Test_Suite.Vet_Test_Suite" name="TC16_Manage_Subscription" time="43.206"/>
  <testcase classname="Test_Suite.AGS_Test_Suite" name="TC13_Edit_Card_Details" time="187.198"/>
  <testcase classname="Test_Suite.Vet_Test_Suite" name="TC17_Auto_Renew_Toggle_validation" time="158.401"/>
  <testcase classname="Test_Suite.AGS_Test_Suite" name="TC14_Manage_Subscription_Auto_Renew_Toggle_validation" time="135.618"/>
  <testcase classname="Test_Suite.Vet_Test_Suite" name="TC18_ZeroOrder" time="133.541"/>
  <testcase classname="Test_Suite.Vet_Test_Suite" name="TC19_Edit_Profile_from_my_account_page" time="79.059"/>
  <testcase classname="Test_Suite.AGS_Test_Suite" name="TC15_Riskified_Declined_Order" time="234.174"/>
  <testcase classname="Test_Suite.Vet_Test_Suite" name="TC20_Edit_Billing_address_in_my_account" time="122.553"/>
  <testcase classname="Test_Suite.Vet_Test_Suite" name="TC21_Riskified_Declined_Order" time="156.836"/>
  <testcase classname="utilities.DriverModule" name="@BeforeTest initiate" time="0.0">
    <ignored/>
  </testcase> <!-- @BeforeTest initiate -->
  <testcase classname="utilities.DriverModule" name="@AfterTest CloseBrowser" time="0.0">
    <ignored/>
  </testcase> <!-- @AfterTest CloseBrowser -->
</testsuite> <!-- Wiley_Test_Suite -->
