<?xml version="1.0" encoding="UTF-8"?>
<!-- Generated by org.testng.reporters.JUnitXMLReporter -->
<testsuite ignored="24" hostname="ZAUSV-GSAHA" failures="0" tests="2" name="Test_Suite" time="3.084" errors="0" timestamp="2023-04-06T11:56:54 IST">
  <testcase classname="Test_Suite.ClientPortal_RegressionSuite" name="@BeforeTest initializeRepo" time="0.01">
    <failure type="java.lang.RuntimeException" message="java.lang.reflect.InvocationTargetException">
      <![CDATA[java.lang.RuntimeException: java.lang.reflect.InvocationTargetException
at org.openqa.selenium.support.PageFactory.instantiatePage(PageFactory.java:132)
at org.openqa.selenium.support.PageFactory.initElements(PageFactory.java:64)
at Test_Suite.ClientPortal_RegressionSuite.initializeRepo(ClientPortal_RegressionSuite.java:40)
at org.openqa.selenium.support.PageFactory.instantiatePage(PageFactory.java:129)
... 24 more
Caused by: java.lang.IllegalArgumentException: Driver must be set
at org.openqa.selenium.internal.Require.nonNull(Require.java:59)
at org.openqa.selenium.interactions.Actions.<init>(Actions.java:60)
at PageObjectRepo.app_ClientPortal_Repo.<init>(app_ClientPortal_Repo.java:24)
... 27 more
... Removed 27 stack frames]]>
    </failure>
  </testcase> <!-- @BeforeTest initializeRepo -->
  <testcase classname="Test_Suite.ClientPortal_RegressionSuite" name="@BeforeMethod nameBefore" time="0.0">
    <skipped/>
  </testcase> <!-- @BeforeMethod nameBefore -->
  <testcase classname="Test_Suite.ClientPortal_RegressionSuite" name="@AfterMethod nameAfter" time="0.0">
    <skipped/>
  </testcase> <!-- @AfterMethod nameAfter -->
  <testcase classname="Test_Suite.ClientPortal_RegressionSuite" name="@BeforeMethod nameBefore" time="0.0">
    <skipped/>
  </testcase> <!-- @BeforeMethod nameBefore -->
  <testcase classname="Test_Suite.ClientPortal_RegressionSuite" name="@AfterMethod nameAfter" time="0.0">
    <skipped/>
  </testcase> <!-- @AfterMethod nameAfter -->
  <testcase classname="utilities.DriverModule" name="@AfterTest CloseBrowser" time="0.0">
    <skipped/>
  </testcase> <!-- @AfterTest CloseBrowser -->
  <testcase classname="Test_Suite.ClientPortal_RegressionSuite" name="TC01_Login_WPSAdmin" time="0.0">
    <skipped/>
  </testcase> <!-- TC01_Login_WPSAdmin -->
  <testcase classname="Test_Suite.ClientPortal_RegressionSuite" name="TC02_AddNewClientApp_WPSAdmin" time="0.001">
    <skipped/>
  </testcase> <!-- TC02_AddNewClientApp_WPSAdmin -->
  <testcase classname="Test_Suite.ClientPortal_RegressionSuite" name="TC15_RegisterNewUser_WPSSupport" time="0.0">
    <ignored/>
  </testcase> <!-- TC15_RegisterNewUser_WPSSupport -->
  <testcase classname="Test_Suite.ClientPortal_RegressionSuite" name="TC07_Pagination_WPSAdmin" time="0.0">
    <ignored/>
  </testcase> <!-- TC07_Pagination_WPSAdmin -->
  <testcase classname="Test_Suite.ClientPortal_RegressionSuite" name="TC22_ViewNewClientApp_ApplicationUser" time="0.0">
    <ignored/>
  </testcase> <!-- TC22_ViewNewClientApp_ApplicationUser -->
  <testcase classname="Test_Suite.ClientPortal_RegressionSuite" name="TC12_RegisterNewClientApp_Negative_Scenarios_WPSSupport" time="0.0">
    <ignored/>
  </testcase> <!-- TC12_RegisterNewClientApp_Negative_Scenarios_WPSSupport -->
  <testcase classname="Test_Suite.ClientPortal_RegressionSuite" name="TC14_RegisterNewClientApp_Cancel_WPS_Support" time="0.0">
    <ignored/>
  </testcase> <!-- TC14_RegisterNewClientApp_Cancel_WPS_Support -->
  <testcase classname="Test_Suite.ClientPortal_RegressionSuite" name="TC03_RegisterNewUser_WPSAdmin" time="0.0">
    <ignored/>
  </testcase> <!-- TC03_RegisterNewUser_WPSAdmin -->
  <testcase classname="Test_Suite.ClientPortal_RegressionSuite" name="TC18_Footer_WPSSupport" time="0.0">
    <ignored/>
  </testcase> <!-- TC18_Footer_WPSSupport -->
  <testcase classname="Test_Suite.ClientPortal_RegressionSuite" name="TC28_RegisterNewClientApp_Cancel_ClientAdmin" time="0.0">
    <ignored/>
  </testcase> <!-- TC28_RegisterNewClientApp_Cancel_ClientAdmin -->
  <testcase classname="Test_Suite.ClientPortal_RegressionSuite" name="TC05_PromoteToProd_WPSAdmin" time="0.0">
    <ignored/>
  </testcase> <!-- TC05_PromoteToProd_WPSAdmin -->
  <testcase classname="Test_Suite.ClientPortal_RegressionSuite" name="TC06_EditClientApp_WPSAdmin" time="0.0">
    <ignored/>
  </testcase> <!-- TC06_EditClientApp_WPSAdmin -->
  <testcase classname="Test_Suite.ClientPortal_RegressionSuite" name="TC31_RegisterNewUser_SDUser" time="0.0">
    <ignored/>
  </testcase> <!-- TC31_RegisterNewUser_SDUser -->
  <testcase classname="Test_Suite.ClientPortal_RegressionSuite" name="TC29_Login_ServiceDeskUser" time="0.0">
    <ignored/>
  </testcase> <!-- TC29_Login_ServiceDeskUser -->
  <testcase classname="Test_Suite.ClientPortal_RegressionSuite" name="TC19_Login_ApplicationUser" time="0.0">
    <ignored/>
  </testcase> <!-- TC19_Login_ApplicationUser -->
  <testcase classname="Test_Suite.ClientPortal_RegressionSuite" name="TC10_ViewNewClientApp_WPSSupport" time="0.0">
    <ignored/>
  </testcase> <!-- TC10_ViewNewClientApp_WPSSupport -->
  <testcase classname="Test_Suite.ClientPortal_RegressionSuite" name="TC27_RegisterNewClientApp_Negative_Scenarios_ClientAdmin" time="0.0">
    <ignored/>
  </testcase> <!-- TC27_RegisterNewClientApp_Negative_Scenarios_ClientAdmin -->
  <testcase classname="Test_Suite.ClientPortal_RegressionSuite" name="TC04_DeclineNewApp_WPSAdmin" time="0.0">
    <ignored/>
  </testcase> <!-- TC04_DeclineNewApp_WPSAdmin -->
  <testcase classname="Test_Suite.ClientPortal_RegressionSuite" name="TC08_Footer_WPSAdmin" time="0.0">
    <ignored/>
  </testcase> <!-- TC08_Footer_WPSAdmin -->
  <testcase classname="Test_Suite.ClientPortal_RegressionSuite" name="TC16_RegisterNewUser_Negative_Scenarios_WPSSupport" time="0.0">
    <ignored/>
  </testcase> <!-- TC16_RegisterNewUser_Negative_Scenarios_WPSSupport -->
  <testcase classname="Test_Suite.ClientPortal_RegressionSuite" name="TC09_Login_WPSSupport" time="0.0">
    <ignored/>
  </testcase> <!-- TC09_Login_WPSSupport -->
  <testcase classname="Test_Suite.ClientPortal_RegressionSuite" name="TC26_RegisterNewClientApp_ClientAdmin" time="0.0">
    <ignored/>
  </testcase> <!-- TC26_RegisterNewClientApp_ClientAdmin -->
  <testcase classname="Test_Suite.ClientPortal_RegressionSuite" name="TC30_RegisterNewUser_Negative_Scenarios_SDUser" time="0.0">
    <ignored/>
  </testcase> <!-- TC30_RegisterNewUser_Negative_Scenarios_SDUser -->
  <testcase classname="Test_Suite.ClientPortal_RegressionSuite" name="TC11_Pagination_WPSSupport" time="0.0">
    <ignored/>
  </testcase> <!-- TC11_Pagination_WPSSupport -->
  <testcase classname="Test_Suite.ClientPortal_RegressionSuite" name="TC13_RegisterNewClientApp_WPSSupport" time="0.0">
    <ignored/>
  </testcase> <!-- TC13_RegisterNewClientApp_WPSSupport -->
  <testcase classname="Test_Suite.ClientPortal_RegressionSuite" name="TC25_Login_ClientAdmin" time="0.0">
    <ignored/>
  </testcase> <!-- TC25_Login_ClientAdmin -->
</testsuite> <!-- Test_Suite -->
