<html>
<head>
<title>TestNG:  TestHarness Portal_Test_Suite _Edge</title>
<link href="../testng.css" rel="stylesheet" type="text/css" />
<link href="../my-testng.css" rel="stylesheet" type="text/css" />

<style type="text/css">
.log { display: none;} 
.stack-trace { display: none;} 
</style>
<script type="text/javascript">
<!--
function flip(e) {
  current = e.style.display;
  if (current == 'block') {
    e.style.display = 'none';
    return 0;
  }
  else {
    e.style.display = 'block';
    return 1;
  }
}

function toggleBox(szDivId, elem, msg1, msg2)
{
  var res = -1;  if (document.getElementById) {
    res = flip(document.getElementById(szDivId));
  }
  else if (document.all) {
    // this is the way old msie versions work
    res = flip(document.all[szDivId]);
  }
  if(elem) {
    if(res == 0) elem.innerHTML = msg1; else elem.innerHTML = msg2;
  }

}

function toggleAllBoxes() {
  if (document.getElementsByTagName) {
    d = document.getElementsByTagName('div');
    for (i = 0; i < d.length; i++) {
      if (d[i].className == 'log') {
        flip(d[i]);
      }
    }
  }
}

// -->
</script>

</head>
<body>
<h2 align='center'>TestHarness Portal_Test_Suite _Edge</h2><table border='1' align="center">
<tr>
<td>Tests passed/Failed/Skipped:</td><td>31/8/0</td>
</tr><tr>
<td>Started on:</td><td>Thu Apr 27 12:50:49 IST 2023</td>
</tr>
<tr><td>Total time:</td><td>3016 seconds (3016423 ms)</td>
</tr><tr>
<td>Included groups:</td><td></td>
</tr><tr>
<td>Excluded groups:</td><td></td>
</tr>
</table><p/>
<small><i>(Hover the method name to see the test class name)</i></small><p/>
<table width='100%' border='1' class='invocation-failed'>
<tr><td colspan='4' align='center'><b>FAILED TESTS</b></td></tr>
<tr><td><b>Test method</b></td>
<td><b>Attribute(s)</b></td>
<td width="30%"><b>Exception</b></td>
<td width="10%"><b>Time (seconds)</b></td>
<td><b>Instance</b></td>
</tr>
<tr>
<td title='Test_Suite.TestHarness_RegressionSuite.TC35_HTTP_Embedded_SaveCard_ES_Stripe_Validation()'><b>TC35_HTTP_Embedded_SaveCard_ES_Stripe_Validation</b><br>Test class: Test_Suite.TestHarness_RegressionSuite</td>
<td><div><pre>java.lang.RuntimeException: Unexpected result for screenshot command: com.google.common.collect.Maps$TransformedEntriesMap instance
	at org.openqa.selenium.remote.RemoteWebDriver.getScreenshotAs(RemoteWebDriver.java:326)
	at utilities.CaptureScreenshot.getScreenshot(CaptureScreenshot.java:24)
	at Test_Suite.TestHarness_RegressionSuite.TC35_HTTP_Embedded_SaveCard_ES_Stripe_Validation(TestHarness_RegressionSuite.java:3107)
	at java.base/java.util.ArrayList.forEach(ArrayList.java:1511)
... Removed 25 stack frames</pre></div><a href='#' onClick='toggleBox("stack-trace1892165065", this, "Click to show all stack frames", "Click to hide stack frames")'>Click to show all stack frames</a>
<div class='stack-trace' id='stack-trace1892165065'><pre>java.lang.RuntimeException: Unexpected result for screenshot command: com.google.common.collect.Maps$TransformedEntriesMap instance
	at org.openqa.selenium.remote.RemoteWebDriver.getScreenshotAs(RemoteWebDriver.java:326)
	at utilities.CaptureScreenshot.getScreenshot(CaptureScreenshot.java:24)
	at Test_Suite.TestHarness_RegressionSuite.TC35_HTTP_Embedded_SaveCard_ES_Stripe_Validation(TestHarness_RegressionSuite.java:3107)
	at java.base/jdk.internal.reflect.DirectMethodHandleAccessor.invoke(DirectMethodHandleAccessor.java:104)
	at java.base/java.lang.reflect.Method.invoke(Method.java:577)
	at org.testng.internal.invokers.MethodInvocationHelper.invokeMethod(MethodInvocationHelper.java:139)
	at org.testng.internal.invokers.TestInvoker.invokeMethod(TestInvoker.java:677)
	at org.testng.internal.invokers.TestInvoker.invokeTestMethod(TestInvoker.java:221)
	at org.testng.internal.invokers.MethodRunner.runInSequence(MethodRunner.java:50)
	at org.testng.internal.invokers.TestInvoker$MethodInvocationAgent.invoke(TestInvoker.java:962)
	at org.testng.internal.invokers.TestInvoker.invokeTestMethods(TestInvoker.java:194)
	at org.testng.internal.invokers.TestMethodWorker.invokeTestMethods(TestMethodWorker.java:148)
	at org.testng.internal.invokers.TestMethodWorker.run(TestMethodWorker.java:128)
	at java.base/java.util.ArrayList.forEach(ArrayList.java:1511)
	at org.testng.TestRunner.privateRun(TestRunner.java:806)
	at org.testng.TestRunner.run(TestRunner.java:601)
	at org.testng.SuiteRunner.runTest(SuiteRunner.java:433)
	at org.testng.SuiteRunner.runSequentially(SuiteRunner.java:427)
	at org.testng.SuiteRunner.privateRun(SuiteRunner.java:387)
	at org.testng.SuiteRunner.run(SuiteRunner.java:330)
	at org.testng.SuiteRunnerWorker.runSuite(SuiteRunnerWorker.java:52)
	at org.testng.SuiteRunnerWorker.run(SuiteRunnerWorker.java:95)
	at org.testng.TestNG.runSuitesSequentially(TestNG.java:1256)
	at org.testng.TestNG.runSuitesLocally(TestNG.java:1176)
	at org.testng.TestNG.runSuites(TestNG.java:1099)
	at org.testng.TestNG.run(TestNG.java:1067)
	at org.testng.remote.AbstractRemoteTestNG.run(AbstractRemoteTestNG.java:115)
	at org.testng.remote.RemoteTestNG.initAndRun(RemoteTestNG.java:251)
	at org.testng.remote.RemoteTestNG.main(RemoteTestNG.java:77)
</pre></div></td>
<td>183</td>
<td>Test_Suite.TestHarness_RegressionSuite@1fdfafd2</td></tr>
<tr>
<td title='Test_Suite.TestHarness_RegressionSuite.TC32_SOAP_VoidAuth_Error_Message()'><b>TC32_SOAP_VoidAuth_Error_Message</b><br>Test class: Test_Suite.TestHarness_RegressionSuite</td>
<td><div><pre>java.lang.RuntimeException: Unexpected result for screenshot command: com.google.common.collect.Maps$TransformedEntriesMap instance
	at org.openqa.selenium.remote.RemoteWebDriver.getScreenshotAs(RemoteWebDriver.java:326)
	at utilities.CaptureScreenshot.getScreenshot(CaptureScreenshot.java:24)
	at Test_Suite.TestHarness_RegressionSuite.TC32_SOAP_VoidAuth_Error_Message(TestHarness_RegressionSuite.java:2843)
	at java.base/java.util.ArrayList.forEach(ArrayList.java:1511)
... Removed 25 stack frames</pre></div><a href='#' onClick='toggleBox("stack-trace973241361", this, "Click to show all stack frames", "Click to hide stack frames")'>Click to show all stack frames</a>
<div class='stack-trace' id='stack-trace973241361'><pre>java.lang.RuntimeException: Unexpected result for screenshot command: com.google.common.collect.Maps$TransformedEntriesMap instance
	at org.openqa.selenium.remote.RemoteWebDriver.getScreenshotAs(RemoteWebDriver.java:326)
	at utilities.CaptureScreenshot.getScreenshot(CaptureScreenshot.java:24)
	at Test_Suite.TestHarness_RegressionSuite.TC32_SOAP_VoidAuth_Error_Message(TestHarness_RegressionSuite.java:2843)
	at java.base/jdk.internal.reflect.DirectMethodHandleAccessor.invoke(DirectMethodHandleAccessor.java:104)
	at java.base/java.lang.reflect.Method.invoke(Method.java:577)
	at org.testng.internal.invokers.MethodInvocationHelper.invokeMethod(MethodInvocationHelper.java:139)
	at org.testng.internal.invokers.TestInvoker.invokeMethod(TestInvoker.java:677)
	at org.testng.internal.invokers.TestInvoker.invokeTestMethod(TestInvoker.java:221)
	at org.testng.internal.invokers.MethodRunner.runInSequence(MethodRunner.java:50)
	at org.testng.internal.invokers.TestInvoker$MethodInvocationAgent.invoke(TestInvoker.java:962)
	at org.testng.internal.invokers.TestInvoker.invokeTestMethods(TestInvoker.java:194)
	at org.testng.internal.invokers.TestMethodWorker.invokeTestMethods(TestMethodWorker.java:148)
	at org.testng.internal.invokers.TestMethodWorker.run(TestMethodWorker.java:128)
	at java.base/java.util.ArrayList.forEach(ArrayList.java:1511)
	at org.testng.TestRunner.privateRun(TestRunner.java:806)
	at org.testng.TestRunner.run(TestRunner.java:601)
	at org.testng.SuiteRunner.runTest(SuiteRunner.java:433)
	at org.testng.SuiteRunner.runSequentially(SuiteRunner.java:427)
	at org.testng.SuiteRunner.privateRun(SuiteRunner.java:387)
	at org.testng.SuiteRunner.run(SuiteRunner.java:330)
	at org.testng.SuiteRunnerWorker.runSuite(SuiteRunnerWorker.java:52)
	at org.testng.SuiteRunnerWorker.run(SuiteRunnerWorker.java:95)
	at org.testng.TestNG.runSuitesSequentially(TestNG.java:1256)
	at org.testng.TestNG.runSuitesLocally(TestNG.java:1176)
	at org.testng.TestNG.runSuites(TestNG.java:1099)
	at org.testng.TestNG.run(TestNG.java:1067)
	at org.testng.remote.AbstractRemoteTestNG.run(AbstractRemoteTestNG.java:115)
	at org.testng.remote.RemoteTestNG.initAndRun(RemoteTestNG.java:251)
	at org.testng.remote.RemoteTestNG.main(RemoteTestNG.java:77)
</pre></div></td>
<td>184</td>
<td>Test_Suite.TestHarness_RegressionSuite@1fdfafd2</td></tr>
<tr>
<td title='Test_Suite.TestHarness_RegressionSuite.TC36_HTTP_NonEmbedded_Auth_ES_Stripe_Validation()'><b>TC36_HTTP_NonEmbedded_Auth_ES_Stripe_Validation</b><br>Test class: Test_Suite.TestHarness_RegressionSuite</td>
<td><div><pre>java.lang.RuntimeException: Unexpected result for screenshot command: com.google.common.collect.Maps$TransformedEntriesMap instance
	at org.openqa.selenium.remote.RemoteWebDriver.getScreenshotAs(RemoteWebDriver.java:326)
	at utilities.CaptureScreenshot.getScreenshot(CaptureScreenshot.java:24)
	at Test_Suite.TestHarness_RegressionSuite.TC36_HTTP_NonEmbedded_Auth_ES_Stripe_Validation(TestHarness_RegressionSuite.java:3204)
	at java.base/java.util.ArrayList.forEach(ArrayList.java:1511)
... Removed 25 stack frames</pre></div><a href='#' onClick='toggleBox("stack-trace684351789", this, "Click to show all stack frames", "Click to hide stack frames")'>Click to show all stack frames</a>
<div class='stack-trace' id='stack-trace684351789'><pre>java.lang.RuntimeException: Unexpected result for screenshot command: com.google.common.collect.Maps$TransformedEntriesMap instance
	at org.openqa.selenium.remote.RemoteWebDriver.getScreenshotAs(RemoteWebDriver.java:326)
	at utilities.CaptureScreenshot.getScreenshot(CaptureScreenshot.java:24)
	at Test_Suite.TestHarness_RegressionSuite.TC36_HTTP_NonEmbedded_Auth_ES_Stripe_Validation(TestHarness_RegressionSuite.java:3204)
	at java.base/jdk.internal.reflect.DirectMethodHandleAccessor.invoke(DirectMethodHandleAccessor.java:104)
	at java.base/java.lang.reflect.Method.invoke(Method.java:577)
	at org.testng.internal.invokers.MethodInvocationHelper.invokeMethod(MethodInvocationHelper.java:139)
	at org.testng.internal.invokers.TestInvoker.invokeMethod(TestInvoker.java:677)
	at org.testng.internal.invokers.TestInvoker.invokeTestMethod(TestInvoker.java:221)
	at org.testng.internal.invokers.MethodRunner.runInSequence(MethodRunner.java:50)
	at org.testng.internal.invokers.TestInvoker$MethodInvocationAgent.invoke(TestInvoker.java:962)
	at org.testng.internal.invokers.TestInvoker.invokeTestMethods(TestInvoker.java:194)
	at org.testng.internal.invokers.TestMethodWorker.invokeTestMethods(TestMethodWorker.java:148)
	at org.testng.internal.invokers.TestMethodWorker.run(TestMethodWorker.java:128)
	at java.base/java.util.ArrayList.forEach(ArrayList.java:1511)
	at org.testng.TestRunner.privateRun(TestRunner.java:806)
	at org.testng.TestRunner.run(TestRunner.java:601)
	at org.testng.SuiteRunner.runTest(SuiteRunner.java:433)
	at org.testng.SuiteRunner.runSequentially(SuiteRunner.java:427)
	at org.testng.SuiteRunner.privateRun(SuiteRunner.java:387)
	at org.testng.SuiteRunner.run(SuiteRunner.java:330)
	at org.testng.SuiteRunnerWorker.runSuite(SuiteRunnerWorker.java:52)
	at org.testng.SuiteRunnerWorker.run(SuiteRunnerWorker.java:95)
	at org.testng.TestNG.runSuitesSequentially(TestNG.java:1256)
	at org.testng.TestNG.runSuitesLocally(TestNG.java:1176)
	at org.testng.TestNG.runSuites(TestNG.java:1099)
	at org.testng.TestNG.run(TestNG.java:1067)
	at org.testng.remote.AbstractRemoteTestNG.run(AbstractRemoteTestNG.java:115)
	at org.testng.remote.RemoteTestNG.initAndRun(RemoteTestNG.java:251)
	at org.testng.remote.RemoteTestNG.main(RemoteTestNG.java:77)
</pre></div></td>
<td>184</td>
<td>Test_Suite.TestHarness_RegressionSuite@1fdfafd2</td></tr>
<tr>
<td title='Test_Suite.TestHarness_RegressionSuite.TC37_HTTP_NonEmbedded_AuthCapture_ES_Stripe_Validation()'><b>TC37_HTTP_NonEmbedded_AuthCapture_ES_Stripe_Validation</b><br>Test class: Test_Suite.TestHarness_RegressionSuite</td>
<td><div><pre>java.lang.RuntimeException: Unexpected result for screenshot command: com.google.common.collect.Maps$TransformedEntriesMap instance
	at org.openqa.selenium.remote.RemoteWebDriver.getScreenshotAs(RemoteWebDriver.java:326)
	at utilities.CaptureScreenshot.getScreenshot(CaptureScreenshot.java:24)
	at Test_Suite.TestHarness_RegressionSuite.TC37_HTTP_NonEmbedded_AuthCapture_ES_Stripe_Validation(TestHarness_RegressionSuite.java:3302)
	at java.base/java.util.ArrayList.forEach(ArrayList.java:1511)
... Removed 25 stack frames</pre></div><a href='#' onClick='toggleBox("stack-trace930265434", this, "Click to show all stack frames", "Click to hide stack frames")'>Click to show all stack frames</a>
<div class='stack-trace' id='stack-trace930265434'><pre>java.lang.RuntimeException: Unexpected result for screenshot command: com.google.common.collect.Maps$TransformedEntriesMap instance
	at org.openqa.selenium.remote.RemoteWebDriver.getScreenshotAs(RemoteWebDriver.java:326)
	at utilities.CaptureScreenshot.getScreenshot(CaptureScreenshot.java:24)
	at Test_Suite.TestHarness_RegressionSuite.TC37_HTTP_NonEmbedded_AuthCapture_ES_Stripe_Validation(TestHarness_RegressionSuite.java:3302)
	at java.base/jdk.internal.reflect.DirectMethodHandleAccessor.invoke(DirectMethodHandleAccessor.java:104)
	at java.base/java.lang.reflect.Method.invoke(Method.java:577)
	at org.testng.internal.invokers.MethodInvocationHelper.invokeMethod(MethodInvocationHelper.java:139)
	at org.testng.internal.invokers.TestInvoker.invokeMethod(TestInvoker.java:677)
	at org.testng.internal.invokers.TestInvoker.invokeTestMethod(TestInvoker.java:221)
	at org.testng.internal.invokers.MethodRunner.runInSequence(MethodRunner.java:50)
	at org.testng.internal.invokers.TestInvoker$MethodInvocationAgent.invoke(TestInvoker.java:962)
	at org.testng.internal.invokers.TestInvoker.invokeTestMethods(TestInvoker.java:194)
	at org.testng.internal.invokers.TestMethodWorker.invokeTestMethods(TestMethodWorker.java:148)
	at org.testng.internal.invokers.TestMethodWorker.run(TestMethodWorker.java:128)
	at java.base/java.util.ArrayList.forEach(ArrayList.java:1511)
	at org.testng.TestRunner.privateRun(TestRunner.java:806)
	at org.testng.TestRunner.run(TestRunner.java:601)
	at org.testng.SuiteRunner.runTest(SuiteRunner.java:433)
	at org.testng.SuiteRunner.runSequentially(SuiteRunner.java:427)
	at org.testng.SuiteRunner.privateRun(SuiteRunner.java:387)
	at org.testng.SuiteRunner.run(SuiteRunner.java:330)
	at org.testng.SuiteRunnerWorker.runSuite(SuiteRunnerWorker.java:52)
	at org.testng.SuiteRunnerWorker.run(SuiteRunnerWorker.java:95)
	at org.testng.TestNG.runSuitesSequentially(TestNG.java:1256)
	at org.testng.TestNG.runSuitesLocally(TestNG.java:1176)
	at org.testng.TestNG.runSuites(TestNG.java:1099)
	at org.testng.TestNG.run(TestNG.java:1067)
	at org.testng.remote.AbstractRemoteTestNG.run(AbstractRemoteTestNG.java:115)
	at org.testng.remote.RemoteTestNG.initAndRun(RemoteTestNG.java:251)
	at org.testng.remote.RemoteTestNG.main(RemoteTestNG.java:77)
</pre></div></td>
<td>184</td>
<td>Test_Suite.TestHarness_RegressionSuite@1fdfafd2</td></tr>
<tr>
<td title='Test_Suite.TestHarness_RegressionSuite.TC21_HTTP_Validate_for_Void_Auth_Error_Message()'><b>TC21_HTTP_Validate_for_Void_Auth_Error_Message</b><br>Test class: Test_Suite.TestHarness_RegressionSuite</td>
<td><div><pre>java.lang.RuntimeException: Unexpected result for screenshot command: com.google.common.collect.Maps$TransformedEntriesMap instance
	at org.openqa.selenium.remote.RemoteWebDriver.getScreenshotAs(RemoteWebDriver.java:326)
	at utilities.CaptureScreenshot.getScreenshot(CaptureScreenshot.java:24)
	at Test_Suite.TestHarness_RegressionSuite.TC21_HTTP_Validate_for_Void_Auth_Error_Message(TestHarness_RegressionSuite.java:1883)
	at java.base/java.util.ArrayList.forEach(ArrayList.java:1511)
... Removed 25 stack frames</pre></div><a href='#' onClick='toggleBox("stack-trace1103725523", this, "Click to show all stack frames", "Click to hide stack frames")'>Click to show all stack frames</a>
<div class='stack-trace' id='stack-trace1103725523'><pre>java.lang.RuntimeException: Unexpected result for screenshot command: com.google.common.collect.Maps$TransformedEntriesMap instance
	at org.openqa.selenium.remote.RemoteWebDriver.getScreenshotAs(RemoteWebDriver.java:326)
	at utilities.CaptureScreenshot.getScreenshot(CaptureScreenshot.java:24)
	at Test_Suite.TestHarness_RegressionSuite.TC21_HTTP_Validate_for_Void_Auth_Error_Message(TestHarness_RegressionSuite.java:1883)
	at java.base/jdk.internal.reflect.DirectMethodHandleAccessor.invoke(DirectMethodHandleAccessor.java:104)
	at java.base/java.lang.reflect.Method.invoke(Method.java:577)
	at org.testng.internal.invokers.MethodInvocationHelper.invokeMethod(MethodInvocationHelper.java:139)
	at org.testng.internal.invokers.TestInvoker.invokeMethod(TestInvoker.java:677)
	at org.testng.internal.invokers.TestInvoker.invokeTestMethod(TestInvoker.java:221)
	at org.testng.internal.invokers.MethodRunner.runInSequence(MethodRunner.java:50)
	at org.testng.internal.invokers.TestInvoker$MethodInvocationAgent.invoke(TestInvoker.java:962)
	at org.testng.internal.invokers.TestInvoker.invokeTestMethods(TestInvoker.java:194)
	at org.testng.internal.invokers.TestMethodWorker.invokeTestMethods(TestMethodWorker.java:148)
	at org.testng.internal.invokers.TestMethodWorker.run(TestMethodWorker.java:128)
	at java.base/java.util.ArrayList.forEach(ArrayList.java:1511)
	at org.testng.TestRunner.privateRun(TestRunner.java:806)
	at org.testng.TestRunner.run(TestRunner.java:601)
	at org.testng.SuiteRunner.runTest(SuiteRunner.java:433)
	at org.testng.SuiteRunner.runSequentially(SuiteRunner.java:427)
	at org.testng.SuiteRunner.privateRun(SuiteRunner.java:387)
	at org.testng.SuiteRunner.run(SuiteRunner.java:330)
	at org.testng.SuiteRunnerWorker.runSuite(SuiteRunnerWorker.java:52)
	at org.testng.SuiteRunnerWorker.run(SuiteRunnerWorker.java:95)
	at org.testng.TestNG.runSuitesSequentially(TestNG.java:1256)
	at org.testng.TestNG.runSuitesLocally(TestNG.java:1176)
	at org.testng.TestNG.runSuites(TestNG.java:1099)
	at org.testng.TestNG.run(TestNG.java:1067)
	at org.testng.remote.AbstractRemoteTestNG.run(AbstractRemoteTestNG.java:115)
	at org.testng.remote.RemoteTestNG.initAndRun(RemoteTestNG.java:251)
	at org.testng.remote.RemoteTestNG.main(RemoteTestNG.java:77)
</pre></div></td>
<td>213</td>
<td>Test_Suite.TestHarness_RegressionSuite@1fdfafd2</td></tr>
<tr>
<td title='Test_Suite.TestHarness_RegressionSuite.TC34_HTTP_Embedded_AuthCapture_ES_Stripe_Validation()'><b>TC34_HTTP_Embedded_AuthCapture_ES_Stripe_Validation</b><br>Test class: Test_Suite.TestHarness_RegressionSuite</td>
<td><div><pre>java.lang.RuntimeException: Unexpected result for screenshot command: com.google.common.collect.Maps$TransformedEntriesMap instance
	at org.openqa.selenium.remote.RemoteWebDriver.getScreenshotAs(RemoteWebDriver.java:326)
	at utilities.CaptureScreenshot.getScreenshot(CaptureScreenshot.java:24)
	at Test_Suite.TestHarness_RegressionSuite.TC34_HTTP_Embedded_AuthCapture_ES_Stripe_Validation(TestHarness_RegressionSuite.java:3021)
	at java.base/java.util.ArrayList.forEach(ArrayList.java:1511)
... Removed 25 stack frames</pre></div><a href='#' onClick='toggleBox("stack-trace2057029313", this, "Click to show all stack frames", "Click to hide stack frames")'>Click to show all stack frames</a>
<div class='stack-trace' id='stack-trace2057029313'><pre>java.lang.RuntimeException: Unexpected result for screenshot command: com.google.common.collect.Maps$TransformedEntriesMap instance
	at org.openqa.selenium.remote.RemoteWebDriver.getScreenshotAs(RemoteWebDriver.java:326)
	at utilities.CaptureScreenshot.getScreenshot(CaptureScreenshot.java:24)
	at Test_Suite.TestHarness_RegressionSuite.TC34_HTTP_Embedded_AuthCapture_ES_Stripe_Validation(TestHarness_RegressionSuite.java:3021)
	at java.base/jdk.internal.reflect.DirectMethodHandleAccessor.invoke(DirectMethodHandleAccessor.java:104)
	at java.base/java.lang.reflect.Method.invoke(Method.java:577)
	at org.testng.internal.invokers.MethodInvocationHelper.invokeMethod(MethodInvocationHelper.java:139)
	at org.testng.internal.invokers.TestInvoker.invokeMethod(TestInvoker.java:677)
	at org.testng.internal.invokers.TestInvoker.invokeTestMethod(TestInvoker.java:221)
	at org.testng.internal.invokers.MethodRunner.runInSequence(MethodRunner.java:50)
	at org.testng.internal.invokers.TestInvoker$MethodInvocationAgent.invoke(TestInvoker.java:962)
	at org.testng.internal.invokers.TestInvoker.invokeTestMethods(TestInvoker.java:194)
	at org.testng.internal.invokers.TestMethodWorker.invokeTestMethods(TestMethodWorker.java:148)
	at org.testng.internal.invokers.TestMethodWorker.run(TestMethodWorker.java:128)
	at java.base/java.util.ArrayList.forEach(ArrayList.java:1511)
	at org.testng.TestRunner.privateRun(TestRunner.java:806)
	at org.testng.TestRunner.run(TestRunner.java:601)
	at org.testng.SuiteRunner.runTest(SuiteRunner.java:433)
	at org.testng.SuiteRunner.runSequentially(SuiteRunner.java:427)
	at org.testng.SuiteRunner.privateRun(SuiteRunner.java:387)
	at org.testng.SuiteRunner.run(SuiteRunner.java:330)
	at org.testng.SuiteRunnerWorker.runSuite(SuiteRunnerWorker.java:52)
	at org.testng.SuiteRunnerWorker.run(SuiteRunnerWorker.java:95)
	at org.testng.TestNG.runSuitesSequentially(TestNG.java:1256)
	at org.testng.TestNG.runSuitesLocally(TestNG.java:1176)
	at org.testng.TestNG.runSuites(TestNG.java:1099)
	at org.testng.TestNG.run(TestNG.java:1067)
	at org.testng.remote.AbstractRemoteTestNG.run(AbstractRemoteTestNG.java:115)
	at org.testng.remote.RemoteTestNG.initAndRun(RemoteTestNG.java:251)
	at org.testng.remote.RemoteTestNG.main(RemoteTestNG.java:77)
</pre></div></td>
<td>184</td>
<td>Test_Suite.TestHarness_RegressionSuite@1fdfafd2</td></tr>
<tr>
<td title='Test_Suite.TestHarness_RegressionSuite.TC33_HTTP_Embedded_Auth_ES_Stripe_Validation()'><b>TC33_HTTP_Embedded_Auth_ES_Stripe_Validation</b><br>Test class: Test_Suite.TestHarness_RegressionSuite</td>
<td><div><pre>java.lang.RuntimeException: Unexpected result for screenshot command: com.google.common.collect.Maps$TransformedEntriesMap instance
	at org.openqa.selenium.remote.RemoteWebDriver.getScreenshotAs(RemoteWebDriver.java:326)
	at utilities.CaptureScreenshot.getScreenshot(CaptureScreenshot.java:24)
	at Test_Suite.TestHarness_RegressionSuite.TC33_HTTP_Embedded_Auth_ES_Stripe_Validation(TestHarness_RegressionSuite.java:2932)
	at java.base/java.util.ArrayList.forEach(ArrayList.java:1511)
... Removed 25 stack frames</pre></div><a href='#' onClick='toggleBox("stack-trace1681179849", this, "Click to show all stack frames", "Click to hide stack frames")'>Click to show all stack frames</a>
<div class='stack-trace' id='stack-trace1681179849'><pre>java.lang.RuntimeException: Unexpected result for screenshot command: com.google.common.collect.Maps$TransformedEntriesMap instance
	at org.openqa.selenium.remote.RemoteWebDriver.getScreenshotAs(RemoteWebDriver.java:326)
	at utilities.CaptureScreenshot.getScreenshot(CaptureScreenshot.java:24)
	at Test_Suite.TestHarness_RegressionSuite.TC33_HTTP_Embedded_Auth_ES_Stripe_Validation(TestHarness_RegressionSuite.java:2932)
	at java.base/jdk.internal.reflect.DirectMethodHandleAccessor.invoke(DirectMethodHandleAccessor.java:104)
	at java.base/java.lang.reflect.Method.invoke(Method.java:577)
	at org.testng.internal.invokers.MethodInvocationHelper.invokeMethod(MethodInvocationHelper.java:139)
	at org.testng.internal.invokers.TestInvoker.invokeMethod(TestInvoker.java:677)
	at org.testng.internal.invokers.TestInvoker.invokeTestMethod(TestInvoker.java:221)
	at org.testng.internal.invokers.MethodRunner.runInSequence(MethodRunner.java:50)
	at org.testng.internal.invokers.TestInvoker$MethodInvocationAgent.invoke(TestInvoker.java:962)
	at org.testng.internal.invokers.TestInvoker.invokeTestMethods(TestInvoker.java:194)
	at org.testng.internal.invokers.TestMethodWorker.invokeTestMethods(TestMethodWorker.java:148)
	at org.testng.internal.invokers.TestMethodWorker.run(TestMethodWorker.java:128)
	at java.base/java.util.ArrayList.forEach(ArrayList.java:1511)
	at org.testng.TestRunner.privateRun(TestRunner.java:806)
	at org.testng.TestRunner.run(TestRunner.java:601)
	at org.testng.SuiteRunner.runTest(SuiteRunner.java:433)
	at org.testng.SuiteRunner.runSequentially(SuiteRunner.java:427)
	at org.testng.SuiteRunner.privateRun(SuiteRunner.java:387)
	at org.testng.SuiteRunner.run(SuiteRunner.java:330)
	at org.testng.SuiteRunnerWorker.runSuite(SuiteRunnerWorker.java:52)
	at org.testng.SuiteRunnerWorker.run(SuiteRunnerWorker.java:95)
	at org.testng.TestNG.runSuitesSequentially(TestNG.java:1256)
	at org.testng.TestNG.runSuitesLocally(TestNG.java:1176)
	at org.testng.TestNG.runSuites(TestNG.java:1099)
	at org.testng.TestNG.run(TestNG.java:1067)
	at org.testng.remote.AbstractRemoteTestNG.run(AbstractRemoteTestNG.java:115)
	at org.testng.remote.RemoteTestNG.initAndRun(RemoteTestNG.java:251)
	at org.testng.remote.RemoteTestNG.main(RemoteTestNG.java:77)
</pre></div></td>
<td>184</td>
<td>Test_Suite.TestHarness_RegressionSuite@1fdfafd2</td></tr>
<tr>
<td title='Test_Suite.TestHarness_RegressionSuite.TC31_SOAP_VoidAuth_ES_Stripe_Validation()'><b>TC31_SOAP_VoidAuth_ES_Stripe_Validation</b><br>Test class: Test_Suite.TestHarness_RegressionSuite</td>
<td><div><pre>java.lang.RuntimeException: Unexpected result for screenshot command: com.google.common.collect.Maps$TransformedEntriesMap instance
	at org.openqa.selenium.remote.RemoteWebDriver.getScreenshotAs(RemoteWebDriver.java:326)
	at utilities.CaptureScreenshot.getScreenshot(CaptureScreenshot.java:24)
	at Test_Suite.TestHarness_RegressionSuite.TC31_SOAP_VoidAuth_ES_Stripe_Validation(TestHarness_RegressionSuite.java:2757)
	at java.base/java.util.ArrayList.forEach(ArrayList.java:1511)
... Removed 25 stack frames</pre></div><a href='#' onClick='toggleBox("stack-trace715801972", this, "Click to show all stack frames", "Click to hide stack frames")'>Click to show all stack frames</a>
<div class='stack-trace' id='stack-trace715801972'><pre>java.lang.RuntimeException: Unexpected result for screenshot command: com.google.common.collect.Maps$TransformedEntriesMap instance
	at org.openqa.selenium.remote.RemoteWebDriver.getScreenshotAs(RemoteWebDriver.java:326)
	at utilities.CaptureScreenshot.getScreenshot(CaptureScreenshot.java:24)
	at Test_Suite.TestHarness_RegressionSuite.TC31_SOAP_VoidAuth_ES_Stripe_Validation(TestHarness_RegressionSuite.java:2757)
	at java.base/jdk.internal.reflect.DirectMethodHandleAccessor.invoke(DirectMethodHandleAccessor.java:104)
	at java.base/java.lang.reflect.Method.invoke(Method.java:577)
	at org.testng.internal.invokers.MethodInvocationHelper.invokeMethod(MethodInvocationHelper.java:139)
	at org.testng.internal.invokers.TestInvoker.invokeMethod(TestInvoker.java:677)
	at org.testng.internal.invokers.TestInvoker.invokeTestMethod(TestInvoker.java:221)
	at org.testng.internal.invokers.MethodRunner.runInSequence(MethodRunner.java:50)
	at org.testng.internal.invokers.TestInvoker$MethodInvocationAgent.invoke(TestInvoker.java:962)
	at org.testng.internal.invokers.TestInvoker.invokeTestMethods(TestInvoker.java:194)
	at org.testng.internal.invokers.TestMethodWorker.invokeTestMethods(TestMethodWorker.java:148)
	at org.testng.internal.invokers.TestMethodWorker.run(TestMethodWorker.java:128)
	at java.base/java.util.ArrayList.forEach(ArrayList.java:1511)
	at org.testng.TestRunner.privateRun(TestRunner.java:806)
	at org.testng.TestRunner.run(TestRunner.java:601)
	at org.testng.SuiteRunner.runTest(SuiteRunner.java:433)
	at org.testng.SuiteRunner.runSequentially(SuiteRunner.java:427)
	at org.testng.SuiteRunner.privateRun(SuiteRunner.java:387)
	at org.testng.SuiteRunner.run(SuiteRunner.java:330)
	at org.testng.SuiteRunnerWorker.runSuite(SuiteRunnerWorker.java:52)
	at org.testng.SuiteRunnerWorker.run(SuiteRunnerWorker.java:95)
	at org.testng.TestNG.runSuitesSequentially(TestNG.java:1256)
	at org.testng.TestNG.runSuitesLocally(TestNG.java:1176)
	at org.testng.TestNG.runSuites(TestNG.java:1099)
	at org.testng.TestNG.run(TestNG.java:1067)
	at org.testng.remote.AbstractRemoteTestNG.run(AbstractRemoteTestNG.java:115)
	at org.testng.remote.RemoteTestNG.initAndRun(RemoteTestNG.java:251)
	at org.testng.remote.RemoteTestNG.main(RemoteTestNG.java:77)
</pre></div></td>
<td>407</td>
<td>Test_Suite.TestHarness_RegressionSuite@1fdfafd2</td></tr>
</table><p>
<table width='100%' border='1' class='invocation-passed'>
<tr><td colspan='4' align='center'><b>PASSED TESTS</b></td></tr>
<tr><td><b>Test method</b></td>
<td><b>Attribute(s)</b></td>
<td width="30%"><b>Exception</b></td>
<td width="10%"><b>Time (seconds)</b></td>
<td><b>Instance</b></td>
</tr>
<tr>
<td title='Test_Suite.TestHarness_RegressionSuite.TC19_HTTP_Validate_for_Token_Auth_Settle_Error_Message()'><b>TC19_HTTP_Validate_for_Token_Auth_Settle_Error_Message</b><br>Test class: Test_Suite.TestHarness_RegressionSuite</td>
<td></td>
<td>33</td>
<td>Test_Suite.TestHarness_RegressionSuite@1fdfafd2</td></tr>
<tr>
<td title='Test_Suite.TestHarness_RegressionSuite.TC30_SOAP_TokenRefund_ES_Stripe_Validation()'><b>TC30_SOAP_TokenRefund_ES_Stripe_Validation</b><br>Test class: Test_Suite.TestHarness_RegressionSuite</td>
<td></td>
<td>93</td>
<td>Test_Suite.TestHarness_RegressionSuite@1fdfafd2</td></tr>
<tr>
<td title='Test_Suite.TestHarness_RegressionSuite.TC39_HTTP_TokenRefund_ES_Stripe_Validation()'><b>TC39_HTTP_TokenRefund_ES_Stripe_Validation</b><br>Test class: Test_Suite.TestHarness_RegressionSuite</td>
<td></td>
<td>22</td>
<td>Test_Suite.TestHarness_RegressionSuite@1fdfafd2</td></tr>
<tr>
<td title='Test_Suite.TestHarness_RegressionSuite.TC11_HTTP_Authorise_Error_Message()'><b>TC11_HTTP_Authorise_Error_Message</b><br>Test class: Test_Suite.TestHarness_RegressionSuite</td>
<td></td>
<td>63</td>
<td>Test_Suite.TestHarness_RegressionSuite@1fdfafd2</td></tr>
<tr>
<td title='Test_Suite.TestHarness_RegressionSuite.TC04_HTTP_Tokenise_ES_Stripe_Validation()'><b>TC04_HTTP_Tokenise_ES_Stripe_Validation</b><br>Test class: Test_Suite.TestHarness_RegressionSuite</td>
<td></td>
<td>27</td>
<td>Test_Suite.TestHarness_RegressionSuite@1fdfafd2</td></tr>
<tr>
<td title='Test_Suite.TestHarness_RegressionSuite.TC03_HTTP_Tokenise_IFrame()'><b>TC03_HTTP_Tokenise_IFrame</b><br>Test class: Test_Suite.TestHarness_RegressionSuite</td>
<td></td>
<td>22</td>
<td>Test_Suite.TestHarness_RegressionSuite@1fdfafd2</td></tr>
<tr>
<td title='Test_Suite.TestHarness_RegressionSuite.TC06_HTTP_Validate_Request_Response()'><b>TC06_HTTP_Validate_Request_Response</b><br>Test class: Test_Suite.TestHarness_RegressionSuite</td>
<td></td>
<td>25</td>
<td>Test_Suite.TestHarness_RegressionSuite@1fdfafd2</td></tr>
<tr>
<td title='Test_Suite.TestHarness_RegressionSuite.TC10_HTTP_Authorise_ES_Stripe_Validation()'><b>TC10_HTTP_Authorise_ES_Stripe_Validation</b><br>Test class: Test_Suite.TestHarness_RegressionSuite</td>
<td></td>
<td>27</td>
<td>Test_Suite.TestHarness_RegressionSuite@1fdfafd2</td></tr>
<tr>
<td title='Test_Suite.TestHarness_RegressionSuite.TC13_HTTP_AuthSettle_Error_Message()'><b>TC13_HTTP_AuthSettle_Error_Message</b><br>Test class: Test_Suite.TestHarness_RegressionSuite</td>
<td></td>
<td>26</td>
<td>Test_Suite.TestHarness_RegressionSuite@1fdfafd2</td></tr>
<tr>
<td title='Test_Suite.TestHarness_RegressionSuite.TC17_HTTP_Validate_for_Token_Settle_Error_Message()'><b>TC17_HTTP_Validate_for_Token_Settle_Error_Message</b><br>Test class: Test_Suite.TestHarness_RegressionSuite</td>
<td></td>
<td>19</td>
<td>Test_Suite.TestHarness_RegressionSuite@1fdfafd2</td></tr>
<tr>
<td title='Test_Suite.TestHarness_RegressionSuite.TC38_HTTP_NonEmbedded_SaveCard_ES_Stripe_Validation()'><b>TC38_HTTP_NonEmbedded_SaveCard_ES_Stripe_Validation</b><br>Test class: Test_Suite.TestHarness_RegressionSuite</td>
<td></td>
<td>35</td>
<td>Test_Suite.TestHarness_RegressionSuite@1fdfafd2</td></tr>
<tr>
<td title='Test_Suite.TestHarness_RegressionSuite.TC24_SOAP_TokenAuth_ES_Stripe_Validation()'><b>TC24_SOAP_TokenAuth_ES_Stripe_Validation</b><br>Test class: Test_Suite.TestHarness_RegressionSuite</td>
<td></td>
<td>37</td>
<td>Test_Suite.TestHarness_RegressionSuite@1fdfafd2</td></tr>
<tr>
<td title='Test_Suite.TestHarness_RegressionSuite.TC08_HTTP_Validate_ES_Stripe_Validation()'><b>TC08_HTTP_Validate_ES_Stripe_Validation</b><br>Test class: Test_Suite.TestHarness_RegressionSuite</td>
<td></td>
<td>31</td>
<td>Test_Suite.TestHarness_RegressionSuite@1fdfafd2</td></tr>
<tr>
<td title='Test_Suite.TestHarness_RegressionSuite.TC25_SOAP_TokenAuth_Error_Message_Validation()'><b>TC25_SOAP_TokenAuth_Error_Message_Validation</b><br>Test class: Test_Suite.TestHarness_RegressionSuite</td>
<td></td>
<td>36</td>
<td>Test_Suite.TestHarness_RegressionSuite@1fdfafd2</td></tr>
<tr>
<td title='Test_Suite.TestHarness_RegressionSuite.TC29_SOAP_TokenAuthSettle_Error_Message()'><b>TC29_SOAP_TokenAuthSettle_Error_Message</b><br>Test class: Test_Suite.TestHarness_RegressionSuite</td>
<td></td>
<td>31</td>
<td>Test_Suite.TestHarness_RegressionSuite@1fdfafd2</td></tr>
<tr>
<td title='Test_Suite.TestHarness_RegressionSuite.TC12_HTTP_AuthSettle_ES_Stripe_Validation()'><b>TC12_HTTP_AuthSettle_ES_Stripe_Validation</b><br>Test class: Test_Suite.TestHarness_RegressionSuite</td>
<td></td>
<td>26</td>
<td>Test_Suite.TestHarness_RegressionSuite@1fdfafd2</td></tr>
<tr>
<td title='Test_Suite.TestHarness_RegressionSuite.TC27_SOAP_TokenSettle_Error_Message_Validation()'><b>TC27_SOAP_TokenSettle_Error_Message_Validation</b><br>Test class: Test_Suite.TestHarness_RegressionSuite</td>
<td></td>
<td>87</td>
<td>Test_Suite.TestHarness_RegressionSuite@1fdfafd2</td></tr>
<tr>
<td title='Test_Suite.TestHarness_RegressionSuite.TC20_HTTP_VoidAuth_ES_Stripe_Validation()'><b>TC20_HTTP_VoidAuth_ES_Stripe_Validation</b><br>Test class: Test_Suite.TestHarness_RegressionSuite</td>
<td></td>
<td>45</td>
<td>Test_Suite.TestHarness_RegressionSuite@1fdfafd2</td></tr>
<tr>
<td title='Test_Suite.TestHarness_RegressionSuite.TC07_HTTP_Validate_IFrame()'><b>TC07_HTTP_Validate_IFrame</b><br>Test class: Test_Suite.TestHarness_RegressionSuite</td>
<td></td>
<td>19</td>
<td>Test_Suite.TestHarness_RegressionSuite@1fdfafd2</td></tr>
<tr>
<td title='Test_Suite.TestHarness_RegressionSuite.TC28_SOAP_TokenAuthSettle_ES_Stripe_Validation()'><b>TC28_SOAP_TokenAuthSettle_ES_Stripe_Validation</b><br>Test class: Test_Suite.TestHarness_RegressionSuite</td>
<td></td>
<td>128</td>
<td>Test_Suite.TestHarness_RegressionSuite@1fdfafd2</td></tr>
<tr>
<td title='Test_Suite.TestHarness_RegressionSuite.TC02_HTTP_Tokenise_Request_Response()'><b>TC02_HTTP_Tokenise_Request_Response</b><br>Test class: Test_Suite.TestHarness_RegressionSuite</td>
<td></td>
<td>30</td>
<td>Test_Suite.TestHarness_RegressionSuite@1fdfafd2</td></tr>
<tr>
<td title='Test_Suite.TestHarness_RegressionSuite.TC09_HTTP_Validate_Error_Message()'><b>TC09_HTTP_Validate_Error_Message</b><br>Test class: Test_Suite.TestHarness_RegressionSuite</td>
<td></td>
<td>25</td>
<td>Test_Suite.TestHarness_RegressionSuite@1fdfafd2</td></tr>
<tr>
<td title='Test_Suite.TestHarness_RegressionSuite.TC15_HTTP_Validate_for_Token_Auth_Error_Message()'><b>TC15_HTTP_Validate_for_Token_Auth_Error_Message</b><br>Test class: Test_Suite.TestHarness_RegressionSuite</td>
<td></td>
<td>25</td>
<td>Test_Suite.TestHarness_RegressionSuite@1fdfafd2</td></tr>
<tr>
<td title='Test_Suite.TestHarness_RegressionSuite.TC18_HTTP_TokenAuthSettle_ES_Stripe_Validation()'><b>TC18_HTTP_TokenAuthSettle_ES_Stripe_Validation</b><br>Test class: Test_Suite.TestHarness_RegressionSuite</td>
<td></td>
<td>17</td>
<td>Test_Suite.TestHarness_RegressionSuite@1fdfafd2</td></tr>
<tr>
<td title='Test_Suite.TestHarness_RegressionSuite.TC22_SOAP_Probe_ES_Stripe_Validation()'><b>TC22_SOAP_Probe_ES_Stripe_Validation</b><br>Test class: Test_Suite.TestHarness_RegressionSuite</td>
<td></td>
<td>179</td>
<td>Test_Suite.TestHarness_RegressionSuite@1fdfafd2</td></tr>
<tr>
<td title='Test_Suite.TestHarness_RegressionSuite.TC14_HTTP_TokenAuth_ES_Stripe_Validation()'><b>TC14_HTTP_TokenAuth_ES_Stripe_Validation</b><br>Test class: Test_Suite.TestHarness_RegressionSuite</td>
<td></td>
<td>23</td>
<td>Test_Suite.TestHarness_RegressionSuite@1fdfafd2</td></tr>
<tr>
<td title='Test_Suite.TestHarness_RegressionSuite.TC26_SOAP_TokenSettle_ES_Stripe_Validation()'><b>TC26_SOAP_TokenSettle_ES_Stripe_Validation</b><br>Test class: Test_Suite.TestHarness_RegressionSuite</td>
<td></td>
<td>38</td>
<td>Test_Suite.TestHarness_RegressionSuite@1fdfafd2</td></tr>
<tr>
<td title='Test_Suite.TestHarness_RegressionSuite.TC01_HTTP_Probe()'><b>TC01_HTTP_Probe</b><br>Test class: Test_Suite.TestHarness_RegressionSuite</td>
<td></td>
<td>8</td>
<td>Test_Suite.TestHarness_RegressionSuite@1fdfafd2</td></tr>
<tr>
<td title='Test_Suite.TestHarness_RegressionSuite.TC16_HTTP_TokenSettle_ES_Stripe_Validation()'><b>TC16_HTTP_TokenSettle_ES_Stripe_Validation</b><br>Test class: Test_Suite.TestHarness_RegressionSuite</td>
<td></td>
<td>21</td>
<td>Test_Suite.TestHarness_RegressionSuite@1fdfafd2</td></tr>
<tr>
<td title='Test_Suite.TestHarness_RegressionSuite.TC05_HTTP_Tokenise_Error_Message()'><b>TC05_HTTP_Tokenise_Error_Message</b><br>Test class: Test_Suite.TestHarness_RegressionSuite</td>
<td></td>
<td>33</td>
<td>Test_Suite.TestHarness_RegressionSuite@1fdfafd2</td></tr>
<tr>
<td title='Test_Suite.TestHarness_RegressionSuite.TC23_SOAP_Probe_Error_Message_Validation()'><b>TC23_SOAP_Probe_Error_Message_Validation</b><br>Test class: Test_Suite.TestHarness_RegressionSuite</td>
<td></td>
<td>20</td>
<td>Test_Suite.TestHarness_RegressionSuite@1fdfafd2</td></tr>
</table><p>
</body>
</html>