<?xml version="1.0" encoding="UTF-8"?>
<!-- Generated by org.testng.reporters.JUnitReportReporter -->
<testsuite hostname="ZAUSV-ARAKSHI" failures="0" tests="13" name="TestSuite.WileyPLUS_Prod_Test_Suite" time="407.611" errors="1" timestamp="2023-04-17T16:34:54 IST" skipped="0">
  <testcase classname="TestSuite.WileyPLUS_Prod_Test_Suite" name="TC15_Check_ISBN_Not_Preset_In_WileyPLUS_PDP" time="44.801"/>
  <system-out/>
  <testcase classname="TestSuite.WileyPLUS_Prod_Test_Suite" name="TC04_Bundle_Search_For_WileyPLUS" time="37.216"/>
  <system-out/>
  <testcase classname="TestSuite.WileyPLUS_Prod_Test_Suite" name="TC11_New_Tab_Opened_After_Clicking_Login_To_WileyPLUS_Button" time="25.355"/>
  <system-out/>
  <testcase classname="TestSuite.WileyPLUS_Prod_Test_Suite" name="TC10_WileyPLUS_Set_To_MultiTerm_Default" time="21.087"/>
  <system-out/>
  <testcase classname="TestSuite.WileyPLUS_Prod_Test_Suite" name="TC05_Check_If_URL_Not_Truncated_For_WileyPLUS" time="23.738"/>
  <system-out/>
  <testcase classname="TestSuite.WileyPLUS_Prod_Test_Suite" name="TC03_EGRIP_Search_For_WileyPLUS" time="30.352"/>
  <system-out/>
  <testcase classname="TestSuite.WileyPLUS_Prod_Test_Suite" name="TC09_PDP_UI_For_WileyPLUS" time="32.517"/>
  <system-out/>
  <testcase classname="TestSuite.WileyPLUS_Prod_Test_Suite" name="TC02_PLP_For_WileyPLUS" time="40.265"/>
  <system-out/>
  <testcase classname="TestSuite.WileyPLUS_Prod_Test_Suite" name="TC07_Verify_Additional_UI_Adjustments_WileyPLUS_PDP" time="47.662"/>
  <system-out/>
  <testcase classname="TestSuite.WileyPLUS_Prod_Test_Suite" name="TC01_SRP_For_WileyPLUS" time="44.093"/>
  <system-out/>
  <testcase classname="TestSuite.WileyPLUS_Prod_Test_Suite" name="TC08_Validate_Percentage_In_Multiple_Term" time="28.361"/>
  <system-out/>
  <testcase classname="TestSuite.WileyPLUS_Prod_Test_Suite" name="TC06_Format_Facet_WileyPLUS" time="24.999"/>
  <system-out/>
  <testcase classname="TestSuite.WileyPLUS_Prod_Test_Suite" name="CloseBrowser" time="7.165">
    <error message="Tried to run command without establishing a connection
Build info: version: &#039;4.8.3&#039;, revision: &#039;e5e76298c3&#039;
System info: os.name: &#039;Windows 10&#039;, os.arch: &#039;amd64&#039;, os.version: &#039;10.0&#039;, java.version: &#039;17.0.5&#039;
Driver info: org.openqa.selenium.firefox.FirefoxDriver
Command: [14f749dc-eca5-46fb-8fb1-f9eca0c92a51, quit {}]
Capabilities {acceptInsecureCerts: true, browserName: firefox, browserVersion: 111.0.1, moz:accessibilityChecks: false, moz:buildID: 20230321111920, moz:debuggerAddress: 127.0.0.1:13223, moz:geckodriverVersion: 0.33.0, moz:headless: false, moz:platformVersion: 10.0, moz:processID: 4048, moz:profile: C:\Users\arakshit\AppData\L..., moz:shutdownTimeout: 60000, moz:useNonSpecCompliantPointerOrigin: false, moz:webdriverClick: true, moz:windowless: false, pageLoadStrategy: normal, platformName: WINDOWS, proxy: Proxy(), se:cdp: ws://127.0.0.1:13223/devtoo..., se:cdpVersion: 85.0, setWindowRect: true, strictFileInteractability: false, timeouts: {implicit: 0, pageLoad: 300000, script: 30000}, unhandledPromptBehavior: dismiss and notify}
Session ID: 14f749dc-eca5-46fb-8fb1-f9eca0c92a51" type="org.openqa.selenium.NoSuchSessionException">
      <![CDATA[org.openqa.selenium.NoSuchSessionException: Tried to run command without establishing a connection
Build info: version: '4.8.3', revision: 'e5e76298c3'
System info: os.name: 'Windows 10', os.arch: 'amd64', os.version: '10.0', java.version: '17.0.5'
Driver info: org.openqa.selenium.firefox.FirefoxDriver
Command: [14f749dc-eca5-46fb-8fb1-f9eca0c92a51, quit {}]
Capabilities {acceptInsecureCerts: true, browserName: firefox, browserVersion: 111.0.1, moz:accessibilityChecks: false, moz:buildID: 20230321111920, moz:debuggerAddress: 127.0.0.1:13223, moz:geckodriverVersion: 0.33.0, moz:headless: false, moz:platformVersion: 10.0, moz:processID: 4048, moz:profile: C:\Users\arakshit\AppData\L..., moz:shutdownTimeout: 60000, moz:useNonSpecCompliantPointerOrigin: false, moz:webdriverClick: true, moz:windowless: false, pageLoadStrategy: normal, platformName: WINDOWS, proxy: Proxy(), se:cdp: ws://127.0.0.1:13223/devtoo..., se:cdpVersion: 85.0, setWindowRect: true, strictFileInteractability: false, timeouts: {implicit: 0, pageLoad: 300000, script: 30000}, unhandledPromptBehavior: dismiss and notify}
Session ID: 14f749dc-eca5-46fb-8fb1-f9eca0c92a51
at java.base/jdk.internal.reflect.NativeConstructorAccessorImpl.newInstance0(Native Method)
at java.base/jdk.internal.reflect.NativeConstructorAccessorImpl.newInstance(NativeConstructorAccessorImpl.java:77)
at java.base/jdk.internal.reflect.DelegatingConstructorAccessorImpl.newInstance(DelegatingConstructorAccessorImpl.java:45)
at java.base/java.lang.reflect.Constructor.newInstanceWithCaller(Constructor.java:499)
at java.base/java.lang.reflect.Constructor.newInstance(Constructor.java:480)
at org.openqa.selenium.remote.codec.w3c.W3CHttpResponseCodec.createException(W3CHttpResponseCodec.java:200)
at org.openqa.selenium.remote.codec.w3c.W3CHttpResponseCodec.decode(W3CHttpResponseCodec.java:133)
at org.openqa.selenium.remote.codec.w3c.W3CHttpResponseCodec.decode(W3CHttpResponseCodec.java:53)
at org.openqa.selenium.remote.HttpCommandExecutor.execute(HttpCommandExecutor.java:193)
at org.openqa.selenium.remote.service.DriverCommandExecutor.invokeExecute(DriverCommandExecutor.java:183)
at org.openqa.selenium.remote.service.DriverCommandExecutor.lambda$execute$1(DriverCommandExecutor.java:121)
at java.base/java.util.concurrent.CompletableFuture$AsyncSupply.run(CompletableFuture.java:1768)
at java.base/java.util.concurrent.ThreadPoolExecutor.runWorker(ThreadPoolExecutor.java:1136)
at java.base/java.util.concurrent.ThreadPoolExecutor$Worker.run(ThreadPoolExecutor.java:635)
at java.base/java.lang.Thread.run(Thread.java:833)
]]>
    </error>
  </testcase> <!-- CloseBrowser -->
  <system-out/>
</testsuite> <!-- TestSuite.WileyPLUS_Prod_Test_Suite -->
